
R version 3.1.1 (2014-07-10) -- "Sock it to Me"
Copyright (C) 2014 The R Foundation for Statistical Computing
Platform: x86_64-pc-linux-gnu (64-bit)

R is free software and comes with ABSOLUTELY NO WARRANTY.
You are welcome to redistribute it under certain conditions.
Type 'license()' or 'licence()' for distribution details.

  Natural language support but running in an English locale

R is a collaborative project with many contributors.
Type 'contributors()' for more information and
'citation()' on how to cite R or R packages in publications.

Type 'demo()' for some demos, 'help()' for on-line help, or
'help.start()' for an HTML browser interface to help.
Type 'q()' to quit R.

> library(ribModel)
> rm(list=ls())
> 
> with.phi <- FALSE
> 
> if (with.phi) {
+   genome <- initializeGenomeObject(file = "../ribModel/data/simulatedAllUniqueR.fasta", expression.file = "../ribModel/data/simulatedAllUniqueR_phi.csv")
+ } else {
+   #genome <- initializeGenomeObject(file = "../ribModel/data/simulatedAllUniqueR.fasta")
+   genome <- initializeGenomeObject(file = "../ribModel/data/simulatedOneMix.fasta")
+ }
> 
> #initialize parameter object
> sphi_init <- 1
> numMixtures <- 1
> mixDef <- "allUnique"
> #geneAssignment <- c(rep(1,500), rep(2,500))
> geneAssignment <- rep(1,1000)
> parameter <- initializeParameterObject(genome, sphi_init, numMixtures, geneAssignment, split.serine = TRUE, mixture.definition = mixDef)
> 
> # initialize MCMC object
> samples <- 6000
> thining <- 10
> adaptiveWidth <- 10
> divergence.iteration <- 50
> mcmc <- initializeMCMCObject(samples, thining, adaptive.width=adaptiveWidth, 
+                              est.expression=TRUE, est.csp=TRUE, est.hyper=TRUE)
> 
> # get model object
> model <- initializeModelObject(parameter, "ROC", with.phi = with.phi)
> 
> #run mcmc on genome with parameter using model
> system.time(
+   runMCMC(mcmc, genome, model, 4, divergence.iteration)
+ )
Allowing divergence from initial conditions for 50 iterations.

maxGrouping: 22
entering MCMC loop
	Estimate Codon Specific Parameters? TRUE
	Estimate Hyper Parameters? TRUE
	Estimate SynthesisRate Parameters? TRUE
	Starting MCMC with 60000 iterations
Status at iteration 100
	 current logLikelihood: -1.17571e+06
	 current Sphi estimate: 0.569162
	 current Sphi proposal width: 0.1
	 current Mixture element probability for element 0: 1
acceptance ratio for amino acid:
	A	C	D	E	F	G	H	I	K	L	N	P	Q	R	S	T	V	Y	Z	
	0.8	0.69	0.65	0.77	0.69	0.6	0.64	0.75	0.69	0.7	0.65	0.81	0.73	0.79	0.61	0.66	0.75	0.65	0.65	
acceptance ratio for synthesis rate:
	 acceptance ratio to low: 0
	 acceptance ratio to high: 1000
Status at iteration 200
	 current logLikelihood: -1.16014e+06
	 current Sphi estimate: 0.571011
	 current Sphi proposal width: 0.12
	 current Mixture element probability for element 0: 1
acceptance ratio for amino acid:
	A	C	D	E	F	G	H	I	K	L	N	P	Q	R	S	T	V	Y	Z	
	0.03	0.05	0.03	0.09	0.05	0.03	0.01	0.07	0.09	0	0.07	0.11	0.09	0.02	0.04	0.01	0.03	0.04	0.03	
acceptance ratio for synthesis rate:
	 acceptance ratio to low: 10
	 acceptance ratio to high: 844
Status at iteration 300
	 current logLikelihood: -1.15565e+06
	 current Sphi estimate: 0.592565
	 current Sphi proposal width: 0.12
	 current Mixture element probability for element 0: 1
acceptance ratio for amino acid:
	A	C	D	E	F	G	H	I	K	L	N	P	Q	R	S	T	V	Y	Z	
	0.02	0.04	0.01	0.05	0.06	0.02	0.04	0.08	0.01	0.06	0.04	0.07	0.06	0.06	0.01	0.02	0.13	0.02	0.01	
acceptance ratio for synthesis rate:
	 acceptance ratio to low: 35
	 acceptance ratio to high: 644
Status at iteration 400
	 current logLikelihood: -1.15238e+06
	 current Sphi estimate: 0.54678
	 current Sphi proposal width: 0.12
	 current Mixture element probability for element 0: 1
acceptance ratio for amino acid:
	A	C	D	E	F	G	H	I	K	L	N	P	Q	R	S	T	V	Y	Z	
	0.02	0.04	0.03	0.05	0.04	0	0.05	0.03	0.05	0.08	0.06	0.07	0.05	0.06	0.03	0.01	0.05	0.05	0.01	
acceptance ratio for synthesis rate:
	 acceptance ratio to low: 48
	 acceptance ratio to high: 540
Status at iteration 500
	 current logLikelihood: -1.15106e+06
	 current Sphi estimate: 0.547308
	 current Sphi proposal width: 0.096
	 current Mixture element probability for element 0: 1
acceptance ratio for amino acid:
	A	C	D	E	F	G	H	I	K	L	N	P	Q	R	S	T	V	Y	Z	
	0.02	0.02	0.02	0.02	0.03	0	0.01	0.03	0.02	0.04	0.06	0.04	0.04	0.1	0.02	0.03	0.09	0.05	0.02	
acceptance ratio for synthesis rate:
	 acceptance ratio to low: 49
	 acceptance ratio to high: 467
Status at iteration 600
	 current logLikelihood: -1.15031e+06
	 current Sphi estimate: 0.564697
	 current Sphi proposal width: 0.096
	 current Mixture element probability for element 0: 1
acceptance ratio for amino acid:
	A	C	D	E	F	G	H	I	K	L	N	P	Q	R	S	T	V	Y	Z	
	0.09	0.05	0.01	0.01	0.04	0.01	0.02	0.04	0.01	0.08	0.03	0.07	0.06	0.15	0.01	0.06	0.02	0	0.05	
acceptance ratio for synthesis rate:
	 acceptance ratio to low: 60
	 acceptance ratio to high: 402
Status at iteration 700
	 current logLikelihood: -1.14965e+06
	 current Sphi estimate: 0.572163
	 current Sphi proposal width: 0.096
	 current Mixture element probability for element 0: 1
acceptance ratio for amino acid:
	A	C	D	E	F	G	H	I	K	L	N	P	Q	R	S	T	V	Y	Z	
	0.14	0.03	0.03	0.01	0.02	0.05	0.04	0.07	0.04	0.11	0.03	0.08	0.06	0.27	0.04	0.07	0.08	0.05	0.01	
acceptance ratio for synthesis rate:
	 acceptance ratio to low: 65
	 acceptance ratio to high: 368
Status at iteration 800
	 current logLikelihood: -1.14917e+06
	 current Sphi estimate: 0.597499
	 current Sphi proposal width: 0.096
	 current Mixture element probability for element 0: 1
acceptance ratio for amino acid:
	A	C	D	E	F	G	H	I	K	L	N	P	Q	R	S	T	V	Y	Z	
	0.13	0.04	0	0.03	0.03	0.01	0.04	0.03	0.04	0.26	0.04	0.08	0.08	0.31	0.13	0.01	0.04	0.02	0.04	
acceptance ratio for synthesis rate:
	 acceptance ratio to low: 62
	 acceptance ratio to high: 353
Status at iteration 900
	 current logLikelihood: -1.14888e+06
	 current Sphi estimate: 0.564028
	 current Sphi proposal width: 0.096
	 current Mixture element probability for element 0: 1
acceptance ratio for amino acid:
	A	C	D	E	F	G	H	I	K	L	N	P	Q	R	S	T	V	Y	Z	
	0.18	0.01	0.03	0.04	0.05	0.17	0.04	0.06	0.02	0.2	0.02	0.07	0.05	0.12	0.06	0.06	0.17	0.07	0.07	
acceptance ratio for synthesis rate:
	 acceptance ratio to low: 80
	 acceptance ratio to high: 341
Status at iteration 1000
	 current logLikelihood: -1.14867e+06
	 current Sphi estimate: 0.551852
	 current Sphi proposal width: 0.096
	 current Mixture element probability for element 0: 1
acceptance ratio for amino acid:
	A	C	D	E	F	G	H	I	K	L	N	P	Q	R	S	T	V	Y	Z	
	0.14	0.07	0	0.07	0.06	0.1	0.03	0.07	0.02	0.29	0.05	0.17	0.07	0.24	0.13	0.07	0.22	0.04	0.04	
acceptance ratio for synthesis rate:
	 acceptance ratio to low: 96
	 acceptance ratio to high: 270
Status at iteration 1100
	 current logLikelihood: -1.14851e+06
	 current Sphi estimate: 0.565011
	 current Sphi proposal width: 0.096
	 current Mixture element probability for element 0: 1
acceptance ratio for amino acid:
	A	C	D	E	F	G	H	I	K	L	N	P	Q	R	S	T	V	Y	Z	
	0.34	0.07	0.08	0.1	0.07	0.17	0.06	0.1	0.09	0.15	0.06	0.24	0.08	0.27	0.34	0.22	0.18	0.05	0.02	
acceptance ratio for synthesis rate:
	 acceptance ratio to low: 100
	 acceptance ratio to high: 271
Status at iteration 1200
	 current logLikelihood: -1.14835e+06
	 current Sphi estimate: 0.552617
	 current Sphi proposal width: 0.096
	 current Mixture element probability for element 0: 1
acceptance ratio for amino acid:
	A	C	D	E	F	G	H	I	K	L	N	P	Q	R	S	T	V	Y	Z	
	0.22	0.07	0.03	0.01	0.06	0.27	0.05	0.1	0.06	0.43	0.05	0.19	0.06	0.14	0.16	0.19	0.24	0.08	0.05	
acceptance ratio for synthesis rate:
	 acceptance ratio to low: 97
	 acceptance ratio to high: 238
Status at iteration 1300
	 current logLikelihood: -1.14835e+06
	 current Sphi estimate: 0.540389
	 current Sphi proposal width: 0.1152
	 current Mixture element probability for element 0: 1
acceptance ratio for amino acid:
	A	C	D	E	F	G	H	I	K	L	N	P	Q	R	S	T	V	Y	Z	
	0.26	0.1	0.05	0.1	0.1	0.29	0.07	0.13	0.06	0.22	0.08	0.31	0.09	0.31	0.17	0.36	0.13	0.09	0.1	
acceptance ratio for synthesis rate:
	 acceptance ratio to low: 113
	 acceptance ratio to high: 239
Status at iteration 1400
	 current logLikelihood: -1.14826e+06
	 current Sphi estimate: 0.541626
	 current Sphi proposal width: 0.1152
	 current Mixture element probability for element 0: 1
acceptance ratio for amino acid:
	A	C	D	E	F	G	H	I	K	L	N	P	Q	R	S	T	V	Y	Z	
	0.09	0.12	0.08	0.07	0.07	0.35	0.1	0.32	0.1	0.26	0.07	0.27	0.06	0.19	0.37	0.25	0.32	0.09	0.08	
acceptance ratio for synthesis rate:
	 acceptance ratio to low: 132
	 acceptance ratio to high: 234
Status at iteration 1500
	 current logLikelihood: -1.14818e+06
	 current Sphi estimate: 0.558879
	 current Sphi proposal width: 0.1152
	 current Mixture element probability for element 0: 1
acceptance ratio for amino acid:
	A	C	D	E	F	G	H	I	K	L	N	P	Q	R	S	T	V	Y	Z	
	0.31	0.17	0.07	0.09	0.03	0.24	0.11	0.25	0.13	0.15	0.05	0.24	0.09	0.48	0.34	0.2	0.2	0.06	0.03	
acceptance ratio for synthesis rate:
	 acceptance ratio to low: 110
	 acceptance ratio to high: 248
Status at iteration 1600
	 current logLikelihood: -1.1482e+06
	 current Sphi estimate: 0.539221
	 current Sphi proposal width: 0.09216
	 current Mixture element probability for element 0: 1
acceptance ratio for amino acid:
	A	C	D	E	F	G	H	I	K	L	N	P	Q	R	S	T	V	Y	Z	
	0.17	0.12	0.06	0.14	0.09	0.2	0.1	0.19	0.14	0.45	0.06	0.21	0.13	0.27	0.17	0.23	0.25	0.09	0.12	
acceptance ratio for synthesis rate:
	 acceptance ratio to low: 92
	 acceptance ratio to high: 233
Status at iteration 1700
	 current logLikelihood: -1.14815e+06
	 current Sphi estimate: 0.555638
	 current Sphi proposal width: 0.09216
	 current Mixture element probability for element 0: 1
acceptance ratio for amino acid:
	A	C	D	E	F	G	H	I	K	L	N	P	Q	R	S	T	V	Y	Z	
	0.28	0.15	0.15	0.14	0.12	0.21	0.1	0.27	0.17	0.3	0.15	0.28	0.18	0.19	0.3	0.23	0.25	0.07	0.16	
acceptance ratio for synthesis rate:
	 acceptance ratio to low: 126
	 acceptance ratio to high: 228
Status at iteration 1800
	 current logLikelihood: -1.14814e+06
	 current Sphi estimate: 0.542229
	 current Sphi proposal width: 0.09216
	 current Mixture element probability for element 0: 1
acceptance ratio for amino acid:
	A	C	D	E	F	G	H	I	K	L	N	P	Q	R	S	T	V	Y	Z	
	0.25	0.15	0.1	0.11	0.22	0.19	0.1	0.23	0.1	0.31	0.17	0.2	0.18	0.3	0.3	0.24	0.14	0.12	0.13	
acceptance ratio for synthesis rate:
	 acceptance ratio to low: 116
	 acceptance ratio to high: 231
Status at iteration 1900
	 current logLikelihood: -1.14815e+06
	 current Sphi estimate: 0.515154
	 current Sphi proposal width: 0.09216
	 current Mixture element probability for element 0: 1
acceptance ratio for amino acid:
	A	C	D	E	F	G	H	I	K	L	N	P	Q	R	S	T	V	Y	Z	
	0.19	0.25	0.12	0.12	0.11	0.32	0.2	0.17	0.12	0.13	0.15	0.27	0.18	0.4	0.23	0.23	0.23	0.16	0.17	
acceptance ratio for synthesis rate:
	 acceptance ratio to low: 104
	 acceptance ratio to high: 236
Status at iteration 2000
	 current logLikelihood: -1.14815e+06
	 current Sphi estimate: 0.537847
	 current Sphi proposal width: 0.09216
	 current Mixture element probability for element 0: 1
acceptance ratio for amino acid:
	A	C	D	E	F	G	H	I	K	L	N	P	Q	R	S	T	V	Y	Z	
	0.27	0.17	0.09	0.24	0.21	0.21	0.15	0.27	0.19	0.31	0.15	0.24	0.24	0.22	0.28	0.19	0.33	0.23	0.2	
acceptance ratio for synthesis rate:
	 acceptance ratio to low: 132
	 acceptance ratio to high: 223
Status at iteration 2100
	 current logLikelihood: -1.14808e+06
	 current Sphi estimate: 0.536908
	 current Sphi proposal width: 0.09216
	 current Mixture element probability for element 0: 1
acceptance ratio for amino acid:
	A	C	D	E	F	G	H	I	K	L	N	P	Q	R	S	T	V	Y	Z	
	0.27	0.22	0.18	0.26	0.14	0.26	0.18	0.28	0.25	0.13	0.23	0.22	0.27	0.2	0.21	0.35	0.24	0.17	0.12	
acceptance ratio for synthesis rate:
	 acceptance ratio to low: 112
	 acceptance ratio to high: 236
Status at iteration 2200
	 current logLikelihood: -1.14815e+06
	 current Sphi estimate: 0.50861
	 current Sphi proposal width: 0.09216
	 current Mixture element probability for element 0: 1
acceptance ratio for amino acid:
	A	C	D	E	F	G	H	I	K	L	N	P	Q	R	S	T	V	Y	Z	
	0.4	0.16	0.15	0.23	0.16	0.16	0.18	0.28	0.16	0.39	0.15	0.28	0.23	0.2	0.32	0.23	0.27	0.15	0.17	
acceptance ratio for synthesis rate:
	 acceptance ratio to low: 140
	 acceptance ratio to high: 190
Status at iteration 2300
	 current logLikelihood: -1.1481e+06
	 current Sphi estimate: 0.491545
	 current Sphi proposal width: 0.110592
	 current Mixture element probability for element 0: 1
acceptance ratio for amino acid:
	A	C	D	E	F	G	H	I	K	L	N	P	Q	R	S	T	V	Y	Z	
	0.24	0.3	0.27	0.23	0.19	0.39	0.16	0.28	0.23	0.19	0.26	0.26	0.2	0.19	0.15	0.29	0.21	0.21	0.31	
acceptance ratio for synthesis rate:
	 acceptance ratio to low: 149
	 acceptance ratio to high: 197
Status at iteration 2400
	 current logLikelihood: -1.14818e+06
	 current Sphi estimate: 0.506029
	 current Sphi proposal width: 0.110592
	 current Mixture element probability for element 0: 1
acceptance ratio for amino acid:
	A	C	D	E	F	G	H	I	K	L	N	P	Q	R	S	T	V	Y	Z	
	0.25	0.23	0.24	0.13	0.26	0.25	0.26	0.27	0.2	0.4	0.18	0.15	0.24	0.36	0.28	0.2	0.2	0.27	0.2	
acceptance ratio for synthesis rate:
	 acceptance ratio to low: 137
	 acceptance ratio to high: 192
Status at iteration 2500
	 current logLikelihood: -1.14812e+06
	 current Sphi estimate: 0.50279
	 current Sphi proposal width: 0.110592
	 current Mixture element probability for element 0: 1
acceptance ratio for amino acid:
	A	C	D	E	F	G	H	I	K	L	N	P	Q	R	S	T	V	Y	Z	
	0.24	0.27	0.27	0.25	0.25	0.23	0.24	0.33	0.25	0.2	0.25	0.36	0.15	0.27	0.21	0.15	0.11	0.2	0.24	
acceptance ratio for synthesis rate:
	 acceptance ratio to low: 118
	 acceptance ratio to high: 227
Status at iteration 2600
	 current logLikelihood: -1.1482e+06
	 current Sphi estimate: 0.48483
	 current Sphi proposal width: 0.110592
	 current Mixture element probability for element 0: 1
acceptance ratio for amino acid:
	A	C	D	E	F	G	H	I	K	L	N	P	Q	R	S	T	V	Y	Z	
	0.23	0.19	0.23	0.23	0.21	0.27	0.28	0.29	0.26	0.23	0.18	0.29	0.19	0.24	0.33	0.29	0.28	0.19	0.11	
acceptance ratio for synthesis rate:
	 acceptance ratio to low: 145
	 acceptance ratio to high: 196
Status at iteration 2700
	 current logLikelihood: -1.14815e+06
	 current Sphi estimate: 0.476996
	 current Sphi proposal width: 0.110592
	 current Mixture element probability for element 0: 1
acceptance ratio for amino acid:
	A	C	D	E	F	G	H	I	K	L	N	P	Q	R	S	T	V	Y	Z	
	0.27	0.19	0.27	0.26	0.23	0.17	0.26	0.18	0.19	0.2	0.29	0.23	0.31	0.16	0.16	0.38	0.29	0.27	0.26	
acceptance ratio for synthesis rate:
	 acceptance ratio to low: 130
	 acceptance ratio to high: 190
Status at iteration 2800
	 current logLikelihood: -1.14816e+06
	 current Sphi estimate: 0.497912
	 current Sphi proposal width: 0.0884736
	 current Mixture element probability for element 0: 1
acceptance ratio for amino acid:
	A	C	D	E	F	G	H	I	K	L	N	P	Q	R	S	T	V	Y	Z	
	0.25	0.25	0.33	0.14	0.25	0.39	0.19	0.24	0.25	0.14	0.18	0.17	0.25	0.43	0.26	0.24	0.26	0.22	0.22	
acceptance ratio for synthesis rate:
	 acceptance ratio to low: 120
	 acceptance ratio to high: 230
Status at iteration 2900
	 current logLikelihood: -1.14823e+06
	 current Sphi estimate: 0.478773
	 current Sphi proposal width: 0.0884736
	 current Mixture element probability for element 0: 1
acceptance ratio for amino acid:
	A	C	D	E	F	G	H	I	K	L	N	P	Q	R	S	T	V	Y	Z	
	0.23	0.3	0.21	0.26	0.32	0.23	0.36	0.32	0.23	0.43	0.29	0.3	0.23	0.27	0.24	0.29	0.38	0.3	0.22	
acceptance ratio for synthesis rate:
	 acceptance ratio to low: 124
	 acceptance ratio to high: 238
Status at iteration 3000
	 current logLikelihood: -1.14826e+06
	 current Sphi estimate: 0.459919
	 current Sphi proposal width: 0.0884736
	 current Mixture element probability for element 0: 1
acceptance ratio for amino acid:
	A	C	D	E	F	G	H	I	K	L	N	P	Q	R	S	T	V	Y	Z	
	0.14	0.27	0.23	0.29	0.13	0.18	0.17	0.2	0.28	0.24	0.32	0.3	0.2	0.2	0.22	0.27	0.27	0.23	0.17	
acceptance ratio for synthesis rate:
	 acceptance ratio to low: 162
	 acceptance ratio to high: 208
Status at iteration 3100
	 current logLikelihood: -1.14822e+06
	 current Sphi estimate: 0.452902
	 current Sphi proposal width: 0.0707789
	 current Mixture element probability for element 0: 1
acceptance ratio for amino acid:
	A	C	D	E	F	G	H	I	K	L	N	P	Q	R	S	T	V	Y	Z	
	0.37	0.31	0.21	0.19	0.27	0.38	0.36	0.25	0.29	0.24	0.23	0.36	0.23	0.29	0.3	0.23	0.14	0.2	0.27	
acceptance ratio for synthesis rate:
	 acceptance ratio to low: 156
	 acceptance ratio to high: 186
Status at iteration 3200
	 current logLikelihood: -1.14822e+06
	 current Sphi estimate: 0.442112
	 current Sphi proposal width: 0.0849347
	 current Mixture element probability for element 0: 1
acceptance ratio for amino acid:
	A	C	D	E	F	G	H	I	K	L	N	P	Q	R	S	T	V	Y	Z	
	0.24	0.22	0.25	0.27	0.2	0.28	0.22	0.29	0.3	0.25	0.31	0.31	0.34	0.27	0.29	0.3	0.23	0.24	0.26	
acceptance ratio for synthesis rate:
	 acceptance ratio to low: 137
	 acceptance ratio to high: 193
Status at iteration 3300
	 current logLikelihood: -1.14822e+06
	 current Sphi estimate: 0.431861
	 current Sphi proposal width: 0.101922
	 current Mixture element probability for element 0: 1
acceptance ratio for amino acid:
	A	C	D	E	F	G	H	I	K	L	N	P	Q	R	S	T	V	Y	Z	
	0.32	0.22	0.18	0.24	0.26	0.26	0.29	0.23	0.27	0.22	0.29	0.23	0.19	0.23	0.23	0.28	0.26	0.3	0.15	
acceptance ratio for synthesis rate:
	 acceptance ratio to low: 155
	 acceptance ratio to high: 210
Status at iteration 3400
	 current logLikelihood: -1.14825e+06
	 current Sphi estimate: 0.471868
	 current Sphi proposal width: 0.101922
	 current Mixture element probability for element 0: 1
acceptance ratio for amino acid:
	A	C	D	E	F	G	H	I	K	L	N	P	Q	R	S	T	V	Y	Z	
	0.11	0.32	0.27	0.27	0.2	0.29	0.22	0.31	0.24	0.21	0.27	0.14	0.24	0.22	0.27	0.27	0.27	0.29	0.33	
acceptance ratio for synthesis rate:
	 acceptance ratio to low: 143
	 acceptance ratio to high: 225
Status at iteration 3500
	 current logLikelihood: -1.14822e+06
	 current Sphi estimate: 0.431119
	 current Sphi proposal width: 0.101922
	 current Mixture element probability for element 0: 1
acceptance ratio for amino acid:
	A	C	D	E	F	G	H	I	K	L	N	P	Q	R	S	T	V	Y	Z	
	0.38	0.26	0.29	0.26	0.19	0.27	0.26	0.2	0.26	0.16	0.24	0.24	0.24	0.22	0.27	0.14	0.29	0.27	0.23	
acceptance ratio for synthesis rate:
	 acceptance ratio to low: 136
	 acceptance ratio to high: 195
Status at iteration 3600
	 current logLikelihood: -1.14823e+06
	 current Sphi estimate: 0.425076
	 current Sphi proposal width: 0.122306
	 current Mixture element probability for element 0: 1
acceptance ratio for amino acid:
	A	C	D	E	F	G	H	I	K	L	N	P	Q	R	S	T	V	Y	Z	
	0.17	0.24	0.19	0.27	0.26	0.28	0.2	0.23	0.23	0.48	0.24	0.33	0.26	0.25	0.27	0.33	0.3	0.31	0.25	
acceptance ratio for synthesis rate:
	 acceptance ratio to low: 144
	 acceptance ratio to high: 203
Status at iteration 3700
	 current logLikelihood: -1.14825e+06
	 current Sphi estimate: 0.426528
	 current Sphi proposal width: 0.0978447
	 current Mixture element probability for element 0: 1
acceptance ratio for amino acid:
	A	C	D	E	F	G	H	I	K	L	N	P	Q	R	S	T	V	Y	Z	
	0.31	0.2	0.29	0.31	0.27	0.2	0.27	0.2	0.23	0.22	0.32	0.13	0.19	0.19	0.43	0.22	0.28	0.15	0.29	
acceptance ratio for synthesis rate:
	 acceptance ratio to low: 135
	 acceptance ratio to high: 215
Status at iteration 3800
	 current logLikelihood: -1.1483e+06
	 current Sphi estimate: 0.422494
	 current Sphi proposal width: 0.0978447
	 current Mixture element probability for element 0: 1
acceptance ratio for amino acid:
	A	C	D	E	F	G	H	I	K	L	N	P	Q	R	S	T	V	Y	Z	
	0.23	0.25	0.31	0.27	0.26	0.21	0.19	0.04	0.26	0.37	0.23	0.3	0.22	0.41	0.17	0.31	0.33	0.22	0.25	
acceptance ratio for synthesis rate:
	 acceptance ratio to low: 142
	 acceptance ratio to high: 212
Status at iteration 3900
	 current logLikelihood: -1.14822e+06
	 current Sphi estimate: 0.421148
	 current Sphi proposal width: 0.117414
	 current Mixture element probability for element 0: 1
acceptance ratio for amino acid:
	A	C	D	E	F	G	H	I	K	L	N	P	Q	R	S	T	V	Y	Z	
	0.15	0.2	0.25	0.2	0.29	0.23	0.28	0.24	0.24	0.14	0.28	0.38	0.22	0.35	0.28	0.18	0.15	0.21	0.22	
acceptance ratio for synthesis rate:
	 acceptance ratio to low: 142
	 acceptance ratio to high: 189
Status at iteration 4000
	 current logLikelihood: -1.14827e+06
	 current Sphi estimate: 0.410908
	 current Sphi proposal width: 0.117414
	 current Mixture element probability for element 0: 1
acceptance ratio for amino acid:
	A	C	D	E	F	G	H	I	K	L	N	P	Q	R	S	T	V	Y	Z	
	0.38	0.18	0.19	0.19	0.23	0.19	0.28	0.22	0.24	0.22	0.28	0.22	0.26	0.12	0.32	0.28	0.34	0.25	0.22	
acceptance ratio for synthesis rate:
	 acceptance ratio to low: 135
	 acceptance ratio to high: 195
Status at iteration 4100
	 current logLikelihood: -1.1483e+06
	 current Sphi estimate: 0.412587
	 current Sphi proposal width: 0.117414
	 current Mixture element probability for element 0: 1
acceptance ratio for amino acid:
	A	C	D	E	F	G	H	I	K	L	N	P	Q	R	S	T	V	Y	Z	
	0.3	0.23	0.23	0.24	0.25	0.35	0.35	0.21	0.24	0.34	0.28	0.12	0.35	0.38	0.24	0.33	0.18	0.36	0.14	
acceptance ratio for synthesis rate:
	 acceptance ratio to low: 131
	 acceptance ratio to high: 222
Status at iteration 4200
	 current logLikelihood: -1.1483e+06
	 current Sphi estimate: 0.424276
	 current Sphi proposal width: 0.117414
	 current Mixture element probability for element 0: 1
acceptance ratio for amino acid:
	A	C	D	E	F	G	H	I	K	L	N	P	Q	R	S	T	V	Y	Z	
	0.19	0.22	0.37	0.22	0.27	0.28	0.22	0.27	0.25	0.16	0.3	0.33	0.31	0.09	0.19	0.27	0.38	0.19	0.21	
acceptance ratio for synthesis rate:
	 acceptance ratio to low: 109
	 acceptance ratio to high: 222
Status at iteration 4300
	 current logLikelihood: -1.14827e+06
	 current Sphi estimate: 0.430201
	 current Sphi proposal width: 0.117414
	 current Mixture element probability for element 0: 1
acceptance ratio for amino acid:
	A	C	D	E	F	G	H	I	K	L	N	P	Q	R	S	T	V	Y	Z	
	0.37	0.19	0.16	0.23	0.25	0.22	0.21	0.22	0.28	0.29	0.22	0.21	0.18	0.32	0.22	0.11	0.18	0.19	0.27	
acceptance ratio for synthesis rate:
	 acceptance ratio to low: 147
	 acceptance ratio to high: 174
Status at iteration 4400
	 current logLikelihood: -1.14828e+06
	 current Sphi estimate: 0.413195
	 current Sphi proposal width: 0.117414
	 current Mixture element probability for element 0: 1
acceptance ratio for amino acid:
	A	C	D	E	F	G	H	I	K	L	N	P	Q	R	S	T	V	Y	Z	
	0.24	0.19	0.34	0.26	0.25	0.12	0.24	0.22	0.23	0.34	0.2	0.2	0.17	0.2	0.21	0.32	0.37	0.28	0.27	
acceptance ratio for synthesis rate:
	 acceptance ratio to low: 143
	 acceptance ratio to high: 214
Status at iteration 4500
	 current logLikelihood: -1.1483e+06
	 current Sphi estimate: 0.418394
	 current Sphi proposal width: 0.0939309
	 current Mixture element probability for element 0: 1
acceptance ratio for amino acid:
	A	C	D	E	F	G	H	I	K	L	N	P	Q	R	S	T	V	Y	Z	
	0.27	0.35	0.28	0.26	0.21	0.36	0.22	0.31	0.18	0.12	0.19	0.27	0.26	0.18	0.23	0.24	0.28	0.21	0.26	
acceptance ratio for synthesis rate:
	 acceptance ratio to low: 130
	 acceptance ratio to high: 247
Status at iteration 4600
	 current logLikelihood: -1.14832e+06
	 current Sphi estimate: 0.417887
	 current Sphi proposal width: 0.0939309
	 current Mixture element probability for element 0: 1
acceptance ratio for amino acid:
	A	C	D	E	F	G	H	I	K	L	N	P	Q	R	S	T	V	Y	Z	
	0.26	0.27	0.23	0.28	0.25	0.23	0.31	0.2	0.26	0.3	0.26	0.23	0.27	0.4	0.34	0.2	0.25	0.31	0.28	
acceptance ratio for synthesis rate:
	 acceptance ratio to low: 133
	 acceptance ratio to high: 200
Status at iteration 4700
	 current logLikelihood: -1.14836e+06
	 current Sphi estimate: 0.438968
	 current Sphi proposal width: 0.112717
	 current Mixture element probability for element 0: 1
acceptance ratio for amino acid:
	A	C	D	E	F	G	H	I	K	L	N	P	Q	R	S	T	V	Y	Z	
	0.32	0.27	0.29	0.28	0.28	0.22	0.2	0.15	0.22	0.41	0.3	0.21	0.22	0.16	0.13	0.19	0.31	0.24	0.23	
acceptance ratio for synthesis rate:
	 acceptance ratio to low: 133
	 acceptance ratio to high: 220
Status at iteration 4800
	 current logLikelihood: -1.14832e+06
	 current Sphi estimate: 0.428045
	 current Sphi proposal width: 0.112717
	 current Mixture element probability for element 0: 1
acceptance ratio for amino acid:
	A	C	D	E	F	G	H	I	K	L	N	P	Q	R	S	T	V	Y	Z	
	0.11	0.27	0.28	0.26	0.26	0.21	0.15	0.28	0.25	0.17	0.27	0.14	0.28	0.4	0.33	0.34	0.16	0.26	0.2	
acceptance ratio for synthesis rate:
	 acceptance ratio to low: 153
	 acceptance ratio to high: 195
Status at iteration 4900
	 current logLikelihood: -1.14838e+06
	 current Sphi estimate: 0.420558
	 current Sphi proposal width: 0.112717
	 current Mixture element probability for element 0: 1
acceptance ratio for amino acid:
	A	C	D	E	F	G	H	I	K	L	N	P	Q	R	S	T	V	Y	Z	
	0.28	0.26	0.22	0.33	0.29	0.25	0.19	0.22	0.33	0.31	0.3	0.35	0.37	0.12	0.2	0.28	0.3	0.24	0.27	
acceptance ratio for synthesis rate:
	 acceptance ratio to low: 161
	 acceptance ratio to high: 194
Status at iteration 5000
	 current logLikelihood: -1.14836e+06
	 current Sphi estimate: 0.422289
	 current Sphi proposal width: 0.135261
	 current Mixture element probability for element 0: 1
acceptance ratio for amino acid:
	A	C	D	E	F	G	H	I	K	L	N	P	Q	R	S	T	V	Y	Z	
	0.24	0.27	0.27	0.32	0.29	0.29	0.22	0.29	0.18	0.26	0.23	0.19	0.26	0.36	0.15	0.16	0.36	0.2	0.31	
acceptance ratio for synthesis rate:
	 acceptance ratio to low: 151
	 acceptance ratio to high: 218
##################################################
Geweke Score after 4999 iterations: -2.7771
##################################################
Status at iteration 5100
	 current logLikelihood: -1.14837e+06
	 current Sphi estimate: 0.407875
	 current Sphi proposal width: 0.135261
	 current Mixture element probability for element 0: 1
acceptance ratio for amino acid:
	A	C	D	E	F	G	H	I	K	L	N	P	Q	R	S	T	V	Y	Z	
	0.22	0.21	0.25	0.29	0.16	0.31	0.34	0.26	0.24	0.19	0.19	0.38	0.22	0.26	0.38	0.36	0.24	0.21	0.22	
acceptance ratio for synthesis rate:
	 acceptance ratio to low: 140
	 acceptance ratio to high: 214
Status at iteration 5200
	 current logLikelihood: -1.14843e+06
	 current Sphi estimate: 0.402087
	 current Sphi proposal width: 0.108208
	 current Mixture element probability for element 0: 1
acceptance ratio for amino acid:
	A	C	D	E	F	G	H	I	K	L	N	P	Q	R	S	T	V	Y	Z	
	0.26	0.21	0.32	0.21	0.42	0.22	0.2	0.19	0.24	0.41	0.26	0.16	0.24	0.17	0.34	0.17	0.15	0.2	0.28	
acceptance ratio for synthesis rate:
	 acceptance ratio to low: 120
	 acceptance ratio to high: 207
Status at iteration 5300
	 current logLikelihood: -1.14835e+06
	 current Sphi estimate: 0.435396
	 current Sphi proposal width: 0.108208
	 current Mixture element probability for element 0: 1
acceptance ratio for amino acid:
	A	C	D	E	F	G	H	I	K	L	N	P	Q	R	S	T	V	Y	Z	
	0.32	0.29	0.17	0.18	0.24	0.18	0.27	0.33	0.25	0.21	0.27	0.3	0.19	0.47	0.14	0.32	0.3	0.16	0.23	
acceptance ratio for synthesis rate:
	 acceptance ratio to low: 104
	 acceptance ratio to high: 224
Status at iteration 5400
	 current logLikelihood: -1.14833e+06
	 current Sphi estimate: 0.414519
	 current Sphi proposal width: 0.12985
	 current Mixture element probability for element 0: 1
acceptance ratio for amino acid:
	A	C	D	E	F	G	H	I	K	L	N	P	Q	R	S	T	V	Y	Z	
	0.17	0.26	0.21	0.27	0.28	0.26	0.24	0.24	0.14	0.23	0.22	0.32	0.25	0.25	0.27	0.18	0.34	0.2	0.21	
acceptance ratio for synthesis rate:
	 acceptance ratio to low: 146
	 acceptance ratio to high: 203
Status at iteration 5500
	 current logLikelihood: -1.14836e+06
	 current Sphi estimate: 0.427094
	 current Sphi proposal width: 0.12985
	 current Mixture element probability for element 0: 1
acceptance ratio for amino acid:
	A	C	D	E	F	G	H	I	K	L	N	P	Q	R	S	T	V	Y	Z	
	0.24	0.27	0.26	0.35	0.24	0.27	0.23	0.27	0.37	0.27	0.33	0.23	0.3	0.33	0.13	0.38	0.2	0.23	0.19	
acceptance ratio for synthesis rate:
	 acceptance ratio to low: 139
	 acceptance ratio to high: 212
Status at iteration 5600
	 current logLikelihood: -1.14837e+06
	 current Sphi estimate: 0.426957
	 current Sphi proposal width: 0.10388
	 current Mixture element probability for element 0: 1
acceptance ratio for amino acid:
	A	C	D	E	F	G	H	I	K	L	N	P	Q	R	S	T	V	Y	Z	
	0.37	0.24	0.2	0.28	0.32	0.33	0.23	0.2	0.3	0.31	0.24	0.26	0.26	0.13	0.4	0.4	0.18	0.28	0.35	
acceptance ratio for synthesis rate:
	 acceptance ratio to low: 112
	 acceptance ratio to high: 217
Status at iteration 5700
	 current logLikelihood: -1.14837e+06
	 current Sphi estimate: 0.448814
	 current Sphi proposal width: 0.10388
	 current Mixture element probability for element 0: 1
acceptance ratio for amino acid:
	A	C	D	E	F	G	H	I	K	L	N	P	Q	R	S	T	V	Y	Z	
	0.14	0.29	0.22	0.26	0.21	0.2	0.25	0.26	0.22	0.09	0.24	0.32	0.41	0.37	0.28	0.26	0.35	0.29	0.21	
acceptance ratio for synthesis rate:
	 acceptance ratio to low: 143
	 acceptance ratio to high: 228
Status at iteration 5800
	 current logLikelihood: -1.14839e+06
	 current Sphi estimate: 0.458479
	 current Sphi proposal width: 0.124656
	 current Mixture element probability for element 0: 1
acceptance ratio for amino acid:
	A	C	D	E	F	G	H	I	K	L	N	P	Q	R	S	T	V	Y	Z	
	0.28	0.22	0.21	0.2	0.26	0.21	0.2	0.25	0.31	0.38	0.26	0.25	0.26	0.14	0.31	0.13	0.2	0.27	0.2	
acceptance ratio for synthesis rate:
	 acceptance ratio to low: 148
	 acceptance ratio to high: 226
Status at iteration 5900
	 current logLikelihood: -1.14834e+06
	 current Sphi estimate: 0.435216
	 current Sphi proposal width: 0.124656
	 current Mixture element probability for element 0: 1
acceptance ratio for amino acid:
	A	C	D	E	F	G	H	I	K	L	N	P	Q	R	S	T	V	Y	Z	
	0.23	0.41	0.21	0.23	0.29	0.28	0.28	0.26	0.27	0.12	0.3	0.18	0.3	0.34	0.18	0.27	0.27	0.24	0.26	
acceptance ratio for synthesis rate:
	 acceptance ratio to low: 140
	 acceptance ratio to high: 196
Status at iteration 6000
	 current logLikelihood: -1.14837e+06
	 current Sphi estimate: 0.442114
	 current Sphi proposal width: 0.124656
	 current Mixture element probability for element 0: 1
acceptance ratio for amino acid:
	A	C	D	E	F	G	H	I	K	L	N	P	Q	R	S	T	V	Y	Z	
	0.3	0.33	0.21	0.16	0.23	0.23	0.23	0.21	0.23	0.37	0.32	0.24	0.21	0.18	0.31	0.21	0.22	0.29	0.17	
acceptance ratio for synthesis rate:
	 acceptance ratio to low: 147
	 acceptance ratio to high: 187
Status at iteration 6100
	 current logLikelihood: -1.1484e+06
	 current Sphi estimate: 0.437378
	 current Sphi proposal width: 0.124656
	 current Mixture element probability for element 0: 1
acceptance ratio for amino acid:
	A	C	D	E	F	G	H	I	K	L	N	P	Q	R	S	T	V	Y	Z	
	0.34	0.18	0.23	0.28	0.25	0.24	0.36	0.17	0.15	0.16	0.25	0.34	0.25	0.43	0.2	0.26	0.22	0.25	0.34	
acceptance ratio for synthesis rate:
	 acceptance ratio to low: 141
	 acceptance ratio to high: 219
Status at iteration 6200
	 current logLikelihood: -1.14843e+06
	 current Sphi estimate: 0.425603
	 current Sphi proposal width: 0.0997249
	 current Mixture element probability for element 0: 1
acceptance ratio for amino acid:
	A	C	D	E	F	G	H	I	K	L	N	P	Q	R	S	T	V	Y	Z	
	0.14	0.23	0.21	0.28	0.18	0.2	0.22	0.37	0.29	0.39	0.24	0.19	0.2	0.27	0.2	0.22	0.21	0.19	0.16	
acceptance ratio for synthesis rate:
	 acceptance ratio to low: 147
	 acceptance ratio to high: 177
Status at iteration 6300
	 current logLikelihood: -1.14837e+06
	 current Sphi estimate: 0.416007
	 current Sphi proposal width: 0.11967
	 current Mixture element probability for element 0: 1
acceptance ratio for amino acid:
	A	C	D	E	F	G	H	I	K	L	N	P	Q	R	S	T	V	Y	Z	
	0.26	0.29	0.29	0.25	0.3	0.21	0.18	0.36	0.34	0.27	0.19	0.29	0.2	0.12	0.19	0.26	0.23	0.32	0.2	
acceptance ratio for synthesis rate:
	 acceptance ratio to low: 171
	 acceptance ratio to high: 190
Status at iteration 6400
	 current logLikelihood: -1.14841e+06
	 current Sphi estimate: 0.433116
	 current Sphi proposal width: 0.11967
	 current Mixture element probability for element 0: 1
acceptance ratio for amino acid:
	A	C	D	E	F	G	H	I	K	L	N	P	Q	R	S	T	V	Y	Z	
	0.35	0.25	0.31	0.2	0.24	0.13	0.25	0.22	0.29	0.2	0.23	0.31	0.24	0.5	0.4	0.25	0.36	0.34	0.31	
acceptance ratio for synthesis rate:
	 acceptance ratio to low: 143
	 acceptance ratio to high: 200
Status at iteration 6500
	 current logLikelihood: -1.14836e+06
	 current Sphi estimate: 0.417318
	 current Sphi proposal width: 0.11967
	 current Mixture element probability for element 0: 1
acceptance ratio for amino acid:
	A	C	D	E	F	G	H	I	K	L	N	P	Q	R	S	T	V	Y	Z	
	0.19	0.23	0.22	0.26	0.19	0.34	0.28	0.19	0.13	0.17	0.31	0.28	0.19	0.23	0.26	0.27	0.16	0.24	0.33	
acceptance ratio for synthesis rate:
	 acceptance ratio to low: 153
	 acceptance ratio to high: 191
Status at iteration 6600
	 current logLikelihood: -1.14835e+06
	 current Sphi estimate: 0.423552
	 current Sphi proposal width: 0.0957359
	 current Mixture element probability for element 0: 1
acceptance ratio for amino acid:
	A	C	D	E	F	G	H	I	K	L	N	P	Q	R	S	T	V	Y	Z	
	0.37	0.41	0.24	0.24	0.28	0.29	0.3	0.22	0.3	0.46	0.27	0.18	0.13	0.24	0.14	0.26	0.29	0.3	0.23	
acceptance ratio for synthesis rate:
	 acceptance ratio to low: 117
	 acceptance ratio to high: 233
Status at iteration 6700
	 current logLikelihood: -1.14841e+06
	 current Sphi estimate: 0.438879
	 current Sphi proposal width: 0.0957359
	 current Mixture element probability for element 0: 1
acceptance ratio for amino acid:
	A	C	D	E	F	G	H	I	K	L	N	P	Q	R	S	T	V	Y	Z	
	0.18	0.23	0.21	0.27	0.27	0.14	0.16	0.28	0.3	0.31	0.22	0.38	0.31	0.22	0.36	0.29	0.3	0.27	0.21	
acceptance ratio for synthesis rate:
	 acceptance ratio to low: 134
	 acceptance ratio to high: 202
Status at iteration 6800
	 current logLikelihood: -1.14838e+06
	 current Sphi estimate: 0.446427
	 current Sphi proposal width: 0.0957359
	 current Mixture element probability for element 0: 1
acceptance ratio for amino acid:
	A	C	D	E	F	G	H	I	K	L	N	P	Q	R	S	T	V	Y	Z	
	0.4	0.21	0.19	0.27	0.27	0.25	0.29	0.25	0.33	0.08	0.2	0.2	0.28	0.22	0.16	0.32	0.17	0.34	0.27	
acceptance ratio for synthesis rate:
	 acceptance ratio to low: 131
	 acceptance ratio to high: 227
Status at iteration 6900
	 current logLikelihood: -1.14845e+06
	 current Sphi estimate: 0.436452
	 current Sphi proposal width: 0.0957359
	 current Mixture element probability for element 0: 1
acceptance ratio for amino acid:
	A	C	D	E	F	G	H	I	K	L	N	P	Q	R	S	T	V	Y	Z	
	0.32	0.15	0.19	0.21	0.29	0.3	0.21	0.22	0.26	0.26	0.18	0.24	0.34	0.28	0.47	0.15	0.4	0.19	0.27	
acceptance ratio for synthesis rate:
	 acceptance ratio to low: 111
	 acceptance ratio to high: 232
Status at iteration 7000
	 current logLikelihood: -1.14841e+06
	 current Sphi estimate: 0.445151
	 current Sphi proposal width: 0.0957359
	 current Mixture element probability for element 0: 1
acceptance ratio for amino acid:
	A	C	D	E	F	G	H	I	K	L	N	P	Q	R	S	T	V	Y	Z	
	0.21	0.29	0.39	0.21	0.26	0.28	0.27	0.28	0.25	0.31	0.3	0.18	0.22	0.17	0.25	0.28	0.31	0.28	0.27	
acceptance ratio for synthesis rate:
	 acceptance ratio to low: 129
	 acceptance ratio to high: 249
Status at iteration 7100
	 current logLikelihood: -1.14845e+06
	 current Sphi estimate: 0.448203
	 current Sphi proposal width: 0.0765887
	 current Mixture element probability for element 0: 1
acceptance ratio for amino acid:
	A	C	D	E	F	G	H	I	K	L	N	P	Q	R	S	T	V	Y	Z	
	0.19	0.28	0.3	0.23	0.31	0.3	0.28	0.38	0.21	0.15	0.16	0.41	0.25	0.5	0.12	0.37	0.09	0.2	0.18	
acceptance ratio for synthesis rate:
	 acceptance ratio to low: 126
	 acceptance ratio to high: 204
Status at iteration 7200
	 current logLikelihood: -1.14844e+06
	 current Sphi estimate: 0.455765
	 current Sphi proposal width: 0.0919065
	 current Mixture element probability for element 0: 1
acceptance ratio for amino acid:
	A	C	D	E	F	G	H	I	K	L	N	P	Q	R	S	T	V	Y	Z	
	0.25	0.27	0.32	0.41	0.2	0.33	0.24	0.21	0.26	0.22	0.31	0.3	0.25	0.3	0.44	0.22	0.3	0.31	0.28	
acceptance ratio for synthesis rate:
	 acceptance ratio to low: 124
	 acceptance ratio to high: 208
Status at iteration 7300
	 current logLikelihood: -1.14843e+06
	 current Sphi estimate: 0.449188
	 current Sphi proposal width: 0.0919065
	 current Mixture element probability for element 0: 1
acceptance ratio for amino acid:
	A	C	D	E	F	G	H	I	K	L	N	P	Q	R	S	T	V	Y	Z	
	0.25	0.22	0.22	0.24	0.27	0.23	0.32	0.22	0.3	0.31	0.27	0.23	0.28	0.28	0.23	0.2	0.35	0.15	0.22	
acceptance ratio for synthesis rate:
	 acceptance ratio to low: 119
	 acceptance ratio to high: 222
Status at iteration 7400
	 current logLikelihood: -1.1484e+06
	 current Sphi estimate: 0.455857
	 current Sphi proposal width: 0.0919065
	 current Mixture element probability for element 0: 1
acceptance ratio for amino acid:
	A	C	D	E	F	G	H	I	K	L	N	P	Q	R	S	T	V	Y	Z	
	0.31	0.25	0.18	0.17	0.33	0.33	0.31	0.18	0.22	0.07	0.18	0.25	0.24	0.28	0.25	0.25	0.24	0.24	0.25	
acceptance ratio for synthesis rate:
	 acceptance ratio to low: 145
	 acceptance ratio to high: 203
Status at iteration 7500
	 current logLikelihood: -1.14836e+06
	 current Sphi estimate: 0.44052
	 current Sphi proposal width: 0.0919065
	 current Mixture element probability for element 0: 1
acceptance ratio for amino acid:
	A	C	D	E	F	G	H	I	K	L	N	P	Q	R	S	T	V	Y	Z	
	0.19	0.24	0.25	0.32	0.25	0.14	0.26	0.3	0.31	0.46	0.3	0.2	0.26	0.27	0.32	0.23	0.23	0.3	0.28	
acceptance ratio for synthesis rate:
	 acceptance ratio to low: 154
	 acceptance ratio to high: 168
Status at iteration 7600
	 current logLikelihood: -1.14839e+06
	 current Sphi estimate: 0.431753
	 current Sphi proposal width: 0.110288
	 current Mixture element probability for element 0: 1
acceptance ratio for amino acid:
	A	C	D	E	F	G	H	I	K	L	N	P	Q	R	S	T	V	Y	Z	
	0.31	0.28	0.2	0.37	0.22	0.23	0.29	0.23	0.25	0.14	0.35	0.25	0.18	0.36	0.19	0.18	0.13	0.31	0.3	
acceptance ratio for synthesis rate:
	 acceptance ratio to low: 144
	 acceptance ratio to high: 175
Status at iteration 7700
	 current logLikelihood: -1.14834e+06
	 current Sphi estimate: 0.437528
	 current Sphi proposal width: 0.110288
	 current Mixture element probability for element 0: 1
acceptance ratio for amino acid:
	A	C	D	E	F	G	H	I	K	L	N	P	Q	R	S	T	V	Y	Z	
	0.27	0.25	0.28	0.22	0.27	0.21	0.2	0.29	0.21	0.4	0.34	0.27	0.22	0.07	0.25	0.32	0.3	0.29	0.24	
acceptance ratio for synthesis rate:
	 acceptance ratio to low: 165
	 acceptance ratio to high: 178
Status at iteration 7800
	 current logLikelihood: -1.14838e+06
	 current Sphi estimate: 0.435474
	 current Sphi proposal width: 0.110288
	 current Mixture element probability for element 0: 1
acceptance ratio for amino acid:
	A	C	D	E	F	G	H	I	K	L	N	P	Q	R	S	T	V	Y	Z	
	0.17	0.25	0.29	0.24	0.26	0.25	0.26	0.41	0.25	0.23	0.22	0.27	0.25	0.32	0.33	0.24	0.4	0.16	0.31	
acceptance ratio for synthesis rate:
	 acceptance ratio to low: 140
	 acceptance ratio to high: 190
Status at iteration 7900
	 current logLikelihood: -1.14838e+06
	 current Sphi estimate: 0.463498
	 current Sphi proposal width: 0.110288
	 current Mixture element probability for element 0: 1
acceptance ratio for amino acid:
	A	C	D	E	F	G	H	I	K	L	N	P	Q	R	S	T	V	Y	Z	
	0.27	0.23	0.27	0.15	0.19	0.27	0.25	0.2	0.24	0.22	0.2	0.22	0.2	0.17	0.25	0.2	0.2	0.27	0.22	
acceptance ratio for synthesis rate:
	 acceptance ratio to low: 133
	 acceptance ratio to high: 221
Status at iteration 8000
	 current logLikelihood: -1.14837e+06
	 current Sphi estimate: 0.459362
	 current Sphi proposal width: 0.110288
	 current Mixture element probability for element 0: 1
acceptance ratio for amino acid:
	A	C	D	E	F	G	H	I	K	L	N	P	Q	R	S	T	V	Y	Z	
	0.41	0.2	0.28	0.22	0.29	0.31	0.21	0.25	0.19	0.15	0.16	0.25	0.25	0.33	0.21	0.29	0.25	0.34	0.18	
acceptance ratio for synthesis rate:
	 acceptance ratio to low: 119
	 acceptance ratio to high: 238
Status at iteration 8100
	 current logLikelihood: -1.14842e+06
	 current Sphi estimate: 0.472475
	 current Sphi proposal width: 0.110288
	 current Mixture element probability for element 0: 1
acceptance ratio for amino acid:
	A	C	D	E	F	G	H	I	K	L	N	P	Q	R	S	T	V	Y	Z	
	0.22	0.23	0.17	0.2	0.29	0.17	0.22	0.19	0.2	0.3	0.24	0.23	0.28	0.18	0.19	0.22	0.23	0.24	0.28	
acceptance ratio for synthesis rate:
	 acceptance ratio to low: 113
	 acceptance ratio to high: 206
Status at iteration 8200
	 current logLikelihood: -1.14836e+06
	 current Sphi estimate: 0.466142
	 current Sphi proposal width: 0.110288
	 current Mixture element probability for element 0: 1
acceptance ratio for amino acid:
	A	C	D	E	F	G	H	I	K	L	N	P	Q	R	S	T	V	Y	Z	
	0.15	0.18	0.3	0.31	0.21	0.28	0.2	0.33	0.27	0.4	0.26	0.27	0.37	0.41	0.3	0.25	0.21	0.25	0.21	
acceptance ratio for synthesis rate:
	 acceptance ratio to low: 129
	 acceptance ratio to high: 203
Status at iteration 8300
	 current logLikelihood: -1.1484e+06
	 current Sphi estimate: 0.467519
	 current Sphi proposal width: 0.110288
	 current Mixture element probability for element 0: 1
acceptance ratio for amino acid:
	A	C	D	E	F	G	H	I	K	L	N	P	Q	R	S	T	V	Y	Z	
	0.29	0.22	0.36	0.18	0.23	0.32	0.29	0.25	0.27	0.16	0.29	0.19	0.28	0.3	0.28	0.17	0.32	0.25	0.23	
acceptance ratio for synthesis rate:
	 acceptance ratio to low: 140
	 acceptance ratio to high: 238
Status at iteration 8400
	 current logLikelihood: -1.14837e+06
	 current Sphi estimate: 0.478268
	 current Sphi proposal width: 0.110288
	 current Mixture element probability for element 0: 1
acceptance ratio for amino acid:
	A	C	D	E	F	G	H	I	K	L	N	P	Q	R	S	T	V	Y	Z	
	0.27	0.27	0.19	0.21	0.3	0.13	0.19	0.29	0.35	0.45	0.32	0.35	0.3	0.29	0.35	0.37	0.21	0.2	0.18	
acceptance ratio for synthesis rate:
	 acceptance ratio to low: 147
	 acceptance ratio to high: 210
Status at iteration 8500
	 current logLikelihood: -1.14843e+06
	 current Sphi estimate: 0.460374
	 current Sphi proposal width: 0.110288
	 current Mixture element probability for element 0: 1
acceptance ratio for amino acid:
	A	C	D	E	F	G	H	I	K	L	N	P	Q	R	S	T	V	Y	Z	
	0.38	0.19	0.32	0.3	0.21	0.33	0.2	0.25	0.29	0.34	0.25	0.21	0.29	0.24	0.29	0.21	0.13	0.2	0.26	
acceptance ratio for synthesis rate:
	 acceptance ratio to low: 116
	 acceptance ratio to high: 215
Status at iteration 8600
	 current logLikelihood: -1.14841e+06
	 current Sphi estimate: 0.470938
	 current Sphi proposal width: 0.110288
	 current Mixture element probability for element 0: 1
acceptance ratio for amino acid:
	A	C	D	E	F	G	H	I	K	L	N	P	Q	R	S	T	V	Y	Z	
	0.24	0.33	0.22	0.23	0.3	0.27	0.26	0.21	0.21	0.05	0.29	0.23	0.22	0.24	0.31	0.36	0.17	0.25	0.32	
acceptance ratio for synthesis rate:
	 acceptance ratio to low: 122
	 acceptance ratio to high: 203
Status at iteration 8700
	 current logLikelihood: -1.1484e+06
	 current Sphi estimate: 0.46478
	 current Sphi proposal width: 0.110288
	 current Mixture element probability for element 0: 1
acceptance ratio for amino acid:
	A	C	D	E	F	G	H	I	K	L	N	P	Q	R	S	T	V	Y	Z	
	0.2	0.3	0.23	0.2	0.2	0.22	0.2	0.24	0.23	0.38	0.19	0.18	0.25	0.37	0.14	0.28	0.37	0.21	0.23	
acceptance ratio for synthesis rate:
	 acceptance ratio to low: 128
	 acceptance ratio to high: 181
Status at iteration 8800
	 current logLikelihood: -1.14839e+06
	 current Sphi estimate: 0.478289
	 current Sphi proposal width: 0.110288
	 current Mixture element probability for element 0: 1
acceptance ratio for amino acid:
	A	C	D	E	F	G	H	I	K	L	N	P	Q	R	S	T	V	Y	Z	
	0.2	0.28	0.24	0.19	0.25	0.18	0.29	0.28	0.16	0.15	0.27	0.44	0.19	0.17	0.35	0.18	0.29	0.25	0.3	
acceptance ratio for synthesis rate:
	 acceptance ratio to low: 124
	 acceptance ratio to high: 200
Status at iteration 8900
	 current logLikelihood: -1.1484e+06
	 current Sphi estimate: 0.457059
	 current Sphi proposal width: 0.110288
	 current Mixture element probability for element 0: 1
acceptance ratio for amino acid:
	A	C	D	E	F	G	H	I	K	L	N	P	Q	R	S	T	V	Y	Z	
	0.22	0.3	0.27	0.23	0.21	0.29	0.32	0.13	0.25	0.35	0.21	0.38	0.31	0.28	0.13	0.21	0.3	0.3	0.28	
acceptance ratio for synthesis rate:
	 acceptance ratio to low: 123
	 acceptance ratio to high: 246
Status at iteration 9000
	 current logLikelihood: -1.14841e+06
	 current Sphi estimate: 0.486983
	 current Sphi proposal width: 0.110288
	 current Mixture element probability for element 0: 1
acceptance ratio for amino acid:
	A	C	D	E	F	G	H	I	K	L	N	P	Q	R	S	T	V	Y	Z	
	0.26	0.38	0.29	0.34	0.3	0.28	0.2	0.23	0.22	0.15	0.27	0.14	0.21	0.21	0.26	0.28	0.24	0.23	0.23	
acceptance ratio for synthesis rate:
	 acceptance ratio to low: 141
	 acceptance ratio to high: 227
Status at iteration 9100
	 current logLikelihood: -1.14848e+06
	 current Sphi estimate: 0.471127
	 current Sphi proposal width: 0.0882302
	 current Mixture element probability for element 0: 1
acceptance ratio for amino acid:
	A	C	D	E	F	G	H	I	K	L	N	P	Q	R	S	T	V	Y	Z	
	0.27	0.26	0.33	0.26	0.26	0.31	0.21	0.32	0.3	0.4	0.3	0.36	0.26	0.22	0.25	0.36	0.22	0.2	0.21	
acceptance ratio for synthesis rate:
	 acceptance ratio to low: 124
	 acceptance ratio to high: 228
Status at iteration 9200
	 current logLikelihood: -1.14844e+06
	 current Sphi estimate: 0.504081
	 current Sphi proposal width: 0.0882302
	 current Mixture element probability for element 0: 1
acceptance ratio for amino acid:
	A	C	D	E	F	G	H	I	K	L	N	P	Q	R	S	T	V	Y	Z	
	0.22	0.22	0.24	0.16	0.27	0.22	0.14	0.23	0.26	0.16	0.31	0.29	0.3	0.31	0.32	0.17	0.22	0.21	0.21	
acceptance ratio for synthesis rate:
	 acceptance ratio to low: 142
	 acceptance ratio to high: 177
Status at iteration 9300
	 current logLikelihood: -1.14839e+06
	 current Sphi estimate: 0.469778
	 current Sphi proposal width: 0.0882302
	 current Mixture element probability for element 0: 1
