
R version 3.1.1 (2014-07-10) -- "Sock it to Me"
Copyright (C) 2014 The R Foundation for Statistical Computing
Platform: x86_64-pc-linux-gnu (64-bit)

R is free software and comes with ABSOLUTELY NO WARRANTY.
You are welcome to redistribute it under certain conditions.
Type 'license()' or 'licence()' for distribution details.

  Natural language support but running in an English locale

R is a collaborative project with many contributors.
Type 'contributors()' for more information and
'citation()' on how to cite R or R packages in publications.

Type 'demo()' for some demos, 'help()' for on-line help, or
'help.start()' for an HTML browser interface to help.
Type 'q()' to quit R.

> library(ribModel)
> rm(list=ls())
> 
> with.phi <- FALSE
> 
> if (with.phi) {
+   genome <- initializeGenomeObject(file = "../ribModel/data/simulatedAllUniqueR.fasta", expression.file = "../ribModel/data/simulatedAllUniqueR_phi.csv")
+ } else {
+   #genome <- initializeGenomeObject(file = "../ribModel/data/simulatedAllUniqueR.fasta")
+   genome <- initializeGenomeObject(file = "../ribModel/data/simulatedOneMix.fasta")
+ }
> 
> #initialize parameter object
> sphi_init <- 1
> numMixtures <- 1
> mixDef <- "allUnique"
> #geneAssignment <- c(rep(1,500), rep(2,500))
> geneAssignment <- rep(1,1000)
> parameter <- initializeParameterObject(genome, sphi_init, numMixtures, geneAssignment, split.serine = TRUE, mixture.definition = mixDef)
> 
> # initialize MCMC object
> samples <- 6000
> thining <- 10
> adaptiveWidth <- 10
> divergence.iteration <- 50
> mcmc <- initializeMCMCObject(samples, thining, adaptive.width=adaptiveWidth, 
+                              est.expression=TRUE, est.csp=TRUE, est.hyper=TRUE)
> 
> # get model object
> model <- initializeModelObject(parameter, "ROC", with.phi = with.phi)
> 
> #run mcmc on genome with parameter using model
> system.time(
+   runMCMC(mcmc, genome, model, 4, divergence.iteration)
+ )
Allowing divergence from initial conditions for 50 iterations.

maxGrouping: 22
entering MCMC loop
	Estimate Codon Specific Parameters? TRUE
	Estimate Hyper Parameters? TRUE
	Estimate SynthesisRate Parameters? TRUE
	Starting MCMC with 60000 iterations
Status at iteration 100
	 current logLikelihood: -1.16252e+06
	 current Sphi estimate: 0.994082
	 current Sphi proposal width: 0.1
	 current Mixture element probability for element 0: 1
acceptance ratio for amino acid:
	A	C	D	E	F	G	H	I	K	L	N	P	Q	R	S	T	V	Y	Z	
	0.63	0.69	0.74	0.64	0.69	0.77	0.75	0.73	0.65	0.68	0.68	0.74	0.74	0.69	0.63	0.63	0.72	0.68	0.57	
acceptance ratio for synthesis rate:
	 acceptance ratio to low: 0
	 acceptance ratio to high: 1000
Status at iteration 200
	 current logLikelihood: -1.15414e+06
	 current Sphi estimate: 1.01047
	 current Sphi proposal width: 0.12
	 current Mixture element probability for element 0: 1
acceptance ratio for amino acid:
	A	C	D	E	F	G	H	I	K	L	N	P	Q	R	S	T	V	Y	Z	
	0.01	0.01	0.02	0.05	0.02	0.07	0.04	0.09	0.03	0.02	0.02	0.04	0.02	0.02	0.03	0	0.01	0.05	0.01	
acceptance ratio for synthesis rate:
	 acceptance ratio to low: 0
	 acceptance ratio to high: 980
Status at iteration 300
	 current logLikelihood: -1.1505e+06
	 current Sphi estimate: 1.05236
	 current Sphi proposal width: 0.12
	 current Mixture element probability for element 0: 1
acceptance ratio for amino acid:
	A	C	D	E	F	G	H	I	K	L	N	P	Q	R	S	T	V	Y	Z	
	0.01	0.01	0	0.04	0.01	0.06	0	0.06	0	0	0.01	0.06	0.02	0.03	0.04	0.01	0.01	0.03	0.01	
acceptance ratio for synthesis rate:
	 acceptance ratio to low: 4
	 acceptance ratio to high: 948
Status at iteration 400
	 current logLikelihood: -1.14922e+06
	 current Sphi estimate: 1.00654
	 current Sphi proposal width: 0.096
	 current Mixture element probability for element 0: 1
acceptance ratio for amino acid:
	A	C	D	E	F	G	H	I	K	L	N	P	Q	R	S	T	V	Y	Z	
	0.02	0.04	0.02	0	0.04	0.03	0.01	0.04	0.03	0.07	0.02	0.05	0.03	0.12	0.05	0	0.03	0.04	0.02	
acceptance ratio for synthesis rate:
	 acceptance ratio to low: 9
	 acceptance ratio to high: 892
Status at iteration 500
	 current logLikelihood: -1.14845e+06
	 current Sphi estimate: 1.07001
	 current Sphi proposal width: 0.096
	 current Mixture element probability for element 0: 1
acceptance ratio for amino acid:
	A	C	D	E	F	G	H	I	K	L	N	P	Q	R	S	T	V	Y	Z	
	0.04	0	0.02	0.01	0.04	0.07	0	0.04	0.04	0.03	0.04	0.05	0.02	0.12	0.11	0.04	0.01	0.01	0	
acceptance ratio for synthesis rate:
	 acceptance ratio to low: 6
	 acceptance ratio to high: 846
Status at iteration 600
	 current logLikelihood: -1.14804e+06
	 current Sphi estimate: 1.02765
	 current Sphi proposal width: 0.0768
	 current Mixture element probability for element 0: 1
acceptance ratio for amino acid:
	A	C	D	E	F	G	H	I	K	L	N	P	Q	R	S	T	V	Y	Z	
	0.02	0.06	0.01	0.02	0.02	0.05	0.06	0.05	0.06	0.07	0.02	0.06	0.01	0.11	0.08	0.1	0.01	0.02	0.02	
acceptance ratio for synthesis rate:
	 acceptance ratio to low: 21
	 acceptance ratio to high: 790
Status at iteration 700
	 current logLikelihood: -1.14766e+06
	 current Sphi estimate: 1.11078
	 current Sphi proposal width: 0.0768
	 current Mixture element probability for element 0: 1
acceptance ratio for amino acid:
	A	C	D	E	F	G	H	I	K	L	N	P	Q	R	S	T	V	Y	Z	
	0.03	0.05	0.05	0.01	0.02	0.04	0.03	0.07	0.02	0.14	0.01	0.03	0.02	0.13	0.03	0.08	0.04	0.03	0.02	
acceptance ratio for synthesis rate:
	 acceptance ratio to low: 20
	 acceptance ratio to high: 725
Status at iteration 800
	 current logLikelihood: -1.14752e+06
	 current Sphi estimate: 1.0974
	 current Sphi proposal width: 0.0768
	 current Mixture element probability for element 0: 1
acceptance ratio for amino acid:
	A	C	D	E	F	G	H	I	K	L	N	P	Q	R	S	T	V	Y	Z	
	0.06	0.05	0.08	0.04	0.04	0.04	0.01	0.04	0.01	0.29	0	0.09	0.07	0.25	0.06	0.11	0.04	0.05	0.01	
acceptance ratio for synthesis rate:
	 acceptance ratio to low: 33
	 acceptance ratio to high: 655
Status at iteration 900
	 current logLikelihood: -1.14741e+06
	 current Sphi estimate: 1.08406
	 current Sphi proposal width: 0.09216
	 current Mixture element probability for element 0: 1
acceptance ratio for amino acid:
	A	C	D	E	F	G	H	I	K	L	N	P	Q	R	S	T	V	Y	Z	
	0.17	0.05	0.05	0.05	0.02	0.08	0.03	0.07	0.03	0.27	0.05	0.09	0.01	0.26	0.13	0.12	0.03	0.03	0.03	
acceptance ratio for synthesis rate:
	 acceptance ratio to low: 42
	 acceptance ratio to high: 574
Status at iteration 1000
	 current logLikelihood: -1.14732e+06
	 current Sphi estimate: 1.11143
	 current Sphi proposal width: 0.073728
	 current Mixture element probability for element 0: 1
acceptance ratio for amino acid:
	A	C	D	E	F	G	H	I	K	L	N	P	Q	R	S	T	V	Y	Z	
	0.26	0.06	0.09	0.03	0.03	0.22	0.02	0.1	0.04	0.19	0	0.13	0.06	0.27	0.15	0.19	0.18	0.1	0.03	
acceptance ratio for synthesis rate:
	 acceptance ratio to low: 37
	 acceptance ratio to high: 528
Status at iteration 1100
	 current logLikelihood: -1.14714e+06
	 current Sphi estimate: 1.21126
	 current Sphi proposal width: 0.0884736
	 current Mixture element probability for element 0: 1
acceptance ratio for amino acid:
	A	C	D	E	F	G	H	I	K	L	N	P	Q	R	S	T	V	Y	Z	
	0.15	0.03	0.06	0.03	0.04	0.1	0.06	0.17	0.05	0.51	0.03	0.23	0.05	0.31	0.22	0.32	0.16	0.05	0.05	
acceptance ratio for synthesis rate:
	 acceptance ratio to low: 54
	 acceptance ratio to high: 493
Status at iteration 1200
	 current logLikelihood: -1.14707e+06
	 current Sphi estimate: 1.2266
	 current Sphi proposal width: 0.0884736
	 current Mixture element probability for element 0: 1
acceptance ratio for amino acid:
	A	C	D	E	F	G	H	I	K	L	N	P	Q	R	S	T	V	Y	Z	
	0.28	0.09	0.04	0.08	0.05	0.31	0.06	0.16	0.06	0.25	0.04	0.3	0.09	0.14	0.27	0.21	0.25	0.07	0.02	
acceptance ratio for synthesis rate:
	 acceptance ratio to low: 58
	 acceptance ratio to high: 489
Status at iteration 1300
	 current logLikelihood: -1.14694e+06
	 current Sphi estimate: 1.26141
	 current Sphi proposal width: 0.0884736
	 current Mixture element probability for element 0: 1
acceptance ratio for amino acid:
	A	C	D	E	F	G	H	I	K	L	N	P	Q	R	S	T	V	Y	Z	
	0.31	0.17	0.09	0.08	0.05	0.04	0.06	0.17	0.07	0.27	0.05	0.33	0.04	0.28	0.28	0.19	0.37	0.08	0	
acceptance ratio for synthesis rate:
	 acceptance ratio to low: 62
	 acceptance ratio to high: 485
Status at iteration 1400
	 current logLikelihood: -1.14682e+06
	 current Sphi estimate: 1.33225
	 current Sphi proposal width: 0.0707789
	 current Mixture element probability for element 0: 1
acceptance ratio for amino acid:
	A	C	D	E	F	G	H	I	K	L	N	P	Q	R	S	T	V	Y	Z	
	0.22	0.07	0.1	0.06	0.05	0.17	0.03	0.28	0.07	0.28	0.08	0.1	0.11	0.28	0.14	0.19	0.22	0.08	0.12	
acceptance ratio for synthesis rate:
	 acceptance ratio to low: 68
	 acceptance ratio to high: 436
Status at iteration 1500
	 current logLikelihood: -1.14672e+06
	 current Sphi estimate: 1.38047
	 current Sphi proposal width: 0.0707789
	 current Mixture element probability for element 0: 1
acceptance ratio for amino acid:
	A	C	D	E	F	G	H	I	K	L	N	P	Q	R	S	T	V	Y	Z	
	0.2	0.11	0.08	0.14	0.1	0.44	0.1	0.33	0.12	0.3	0.09	0.25	0.13	0.23	0.37	0.36	0.29	0.09	0.04	
acceptance ratio for synthesis rate:
	 acceptance ratio to low: 56
	 acceptance ratio to high: 444
Status at iteration 1600
	 current logLikelihood: -1.14667e+06
	 current Sphi estimate: 1.43535
	 current Sphi proposal width: 0.0707789
	 current Mixture element probability for element 0: 1
acceptance ratio for amino acid:
	A	C	D	E	F	G	H	I	K	L	N	P	Q	R	S	T	V	Y	Z	
	0.18	0.15	0.12	0.2	0.08	0.29	0.2	0.21	0.16	0.25	0.07	0.24	0.15	0.3	0.27	0.36	0.22	0.08	0.11	
acceptance ratio for synthesis rate:
	 acceptance ratio to low: 58
	 acceptance ratio to high: 438
Status at iteration 1700
	 current logLikelihood: -1.14656e+06
	 current Sphi estimate: 1.53603
	 current Sphi proposal width: 0.0707789
	 current Mixture element probability for element 0: 1
acceptance ratio for amino acid:
	A	C	D	E	F	G	H	I	K	L	N	P	Q	R	S	T	V	Y	Z	
	0.24	0.26	0.2	0.14	0.11	0.25	0.03	0.25	0.13	0.28	0.09	0.33	0.16	0.32	0.13	0.27	0.27	0.17	0.08	
acceptance ratio for synthesis rate:
	 acceptance ratio to low: 44
	 acceptance ratio to high: 428
Status at iteration 1800
	 current logLikelihood: -1.14634e+06
	 current Sphi estimate: 1.60142
	 current Sphi proposal width: 0.0707789
	 current Mixture element probability for element 0: 1
acceptance ratio for amino acid:
	A	C	D	E	F	G	H	I	K	L	N	P	Q	R	S	T	V	Y	Z	
	0.3	0.2	0.13	0.17	0.15	0.29	0.12	0.2	0.21	0.26	0.16	0.19	0.22	0.17	0.4	0.14	0.26	0.18	0.14	
acceptance ratio for synthesis rate:
	 acceptance ratio to low: 41
	 acceptance ratio to high: 524
Status at iteration 1900
	 current logLikelihood: -1.14611e+06
	 current Sphi estimate: 1.70444
	 current Sphi proposal width: 0.0566231
	 current Mixture element probability for element 0: 1
acceptance ratio for amino acid:
	A	C	D	E	F	G	H	I	K	L	N	P	Q	R	S	T	V	Y	Z	
	0.3	0.22	0.17	0.13	0.15	0.23	0.19	0.18	0.14	0.28	0.16	0.34	0.28	0.35	0.29	0.33	0.27	0.21	0.25	
acceptance ratio for synthesis rate:
	 acceptance ratio to low: 53
	 acceptance ratio to high: 491
Status at iteration 2000
	 current logLikelihood: -1.14607e+06
	 current Sphi estimate: 1.72972
	 current Sphi proposal width: 0.0566231
	 current Mixture element probability for element 0: 1
acceptance ratio for amino acid:
	A	C	D	E	F	G	H	I	K	L	N	P	Q	R	S	T	V	Y	Z	
	0.26	0.19	0.15	0.23	0.17	0.28	0.12	0.3	0.2	0.27	0.26	0.24	0.22	0.15	0.29	0.33	0.26	0.2	0.2	
acceptance ratio for synthesis rate:
	 acceptance ratio to low: 68
	 acceptance ratio to high: 441
Status at iteration 2100
	 current logLikelihood: -1.14598e+06
	 current Sphi estimate: 1.81901
	 current Sphi proposal width: 0.0679477
	 current Mixture element probability for element 0: 1
acceptance ratio for amino acid:
	A	C	D	E	F	G	H	I	K	L	N	P	Q	R	S	T	V	Y	Z	
	0.29	0.22	0.16	0.23	0.26	0.25	0.2	0.3	0.19	0.32	0.23	0.21	0.23	0.36	0.28	0.01	0.26	0.19	0.15	
acceptance ratio for synthesis rate:
	 acceptance ratio to low: 77
	 acceptance ratio to high: 353
Status at iteration 2200
	 current logLikelihood: -1.14588e+06
	 current Sphi estimate: 1.84055
	 current Sphi proposal width: 0.0679477
	 current Mixture element probability for element 0: 1
acceptance ratio for amino acid:
	A	C	D	E	F	G	H	I	K	L	N	P	Q	R	S	T	V	Y	Z	
	0.23	0.24	0.25	0.23	0.24	0.23	0.21	0.25	0.21	0.13	0.18	0.23	0.2	0.21	0.24	0.27	0.25	0.26	0.19	
acceptance ratio for synthesis rate:
	 acceptance ratio to low: 90
	 acceptance ratio to high: 353
Status at iteration 2300
	 current logLikelihood: -1.14595e+06
	 current Sphi estimate: 1.77444
	 current Sphi proposal width: 0.0679477
	 current Mixture element probability for element 0: 1
acceptance ratio for amino acid:
	A	C	D	E	F	G	H	I	K	L	N	P	Q	R	S	T	V	Y	Z	
	0.28	0.24	0.19	0.17	0.24	0.31	0.23	0.19	0.24	0.37	0.28	0.18	0.25	0.21	0.26	0.23	0.19	0.23	0.23	
acceptance ratio for synthesis rate:
	 acceptance ratio to low: 125
	 acceptance ratio to high: 266
Status at iteration 2400
	 current logLikelihood: -1.14602e+06
	 current Sphi estimate: 1.85065
	 current Sphi proposal width: 0.0679477
	 current Mixture element probability for element 0: 1
acceptance ratio for amino acid:
	A	C	D	E	F	G	H	I	K	L	N	P	Q	R	S	T	V	Y	Z	
	0.23	0.19	0.27	0.28	0.22	0.11	0.24	0.42	0.18	0.14	0.31	0.28	0.15	0.26	0.29	0.19	0.43	0.22	0.25	
acceptance ratio for synthesis rate:
	 acceptance ratio to low: 169
	 acceptance ratio to high: 202
Status at iteration 2500
	 current logLikelihood: -1.1459e+06
	 current Sphi estimate: 1.80053
	 current Sphi proposal width: 0.0679477
	 current Mixture element probability for element 0: 1
acceptance ratio for amino acid:
	A	C	D	E	F	G	H	I	K	L	N	P	Q	R	S	T	V	Y	Z	
	0.28	0.31	0.26	0.32	0.25	0.26	0.24	0.37	0.23	0.32	0.16	0.4	0.21	0.2	0.34	0.3	0.27	0.2	0.21	
acceptance ratio for synthesis rate:
	 acceptance ratio to low: 142
	 acceptance ratio to high: 191
Status at iteration 2600
	 current logLikelihood: -1.14586e+06
	 current Sphi estimate: 1.81262
	 current Sphi proposal width: 0.0679477
	 current Mixture element probability for element 0: 1
acceptance ratio for amino acid:
	A	C	D	E	F	G	H	I	K	L	N	P	Q	R	S	T	V	Y	Z	
	0.28	0.25	0.26	0.15	0.25	0.29	0.13	0.29	0.2	0.21	0.34	0.22	0.28	0.32	0.25	0.47	0.31	0.23	0.28	
acceptance ratio for synthesis rate:
	 acceptance ratio to low: 118
	 acceptance ratio to high: 232
Status at iteration 2700
	 current logLikelihood: -1.14594e+06
	 current Sphi estimate: 1.79315
	 current Sphi proposal width: 0.0815373
	 current Mixture element probability for element 0: 1
acceptance ratio for amino acid:
	A	C	D	E	F	G	H	I	K	L	N	P	Q	R	S	T	V	Y	Z	
	0.31	0.18	0.25	0.26	0.25	0.27	0.31	0.3	0.17	0.13	0.19	0.23	0.21	0.09	0.18	0.21	0.18	0.18	0.14	
acceptance ratio for synthesis rate:
	 acceptance ratio to low: 139
	 acceptance ratio to high: 226
Status at iteration 2800
	 current logLikelihood: -1.14585e+06
	 current Sphi estimate: 1.84218
	 current Sphi proposal width: 0.0815373
	 current Mixture element probability for element 0: 1
acceptance ratio for amino acid:
	A	C	D	E	F	G	H	I	K	L	N	P	Q	R	S	T	V	Y	Z	
	0.11	0.18	0.2	0.23	0.28	0.19	0.24	0.11	0.27	0.37	0.29	0.18	0.25	0.15	0.3	0.27	0.3	0.26	0.23	
acceptance ratio for synthesis rate:
	 acceptance ratio to low: 147
	 acceptance ratio to high: 223
Status at iteration 2900
	 current logLikelihood: -1.14601e+06
	 current Sphi estimate: 1.85171
	 current Sphi proposal width: 0.0815373
	 current Mixture element probability for element 0: 1
acceptance ratio for amino acid:
	A	C	D	E	F	G	H	I	K	L	N	P	Q	R	S	T	V	Y	Z	
	0.26	0.25	0.3	0.21	0.32	0.42	0.17	0.26	0.3	0.3	0.22	0.36	0.21	0.51	0.31	0.21	0.23	0.18	0.25	
acceptance ratio for synthesis rate:
	 acceptance ratio to low: 99
	 acceptance ratio to high: 274
Status at iteration 3000
	 current logLikelihood: -1.14591e+06
	 current Sphi estimate: 1.82591
	 current Sphi proposal width: 0.0815373
	 current Mixture element probability for element 0: 1
acceptance ratio for amino acid:
	A	C	D	E	F	G	H	I	K	L	N	P	Q	R	S	T	V	Y	Z	
	0.35	0.25	0.25	0.25	0.22	0.34	0.21	0.3	0.32	0.23	0.27	0.21	0.2	0.28	0.21	0.28	0.35	0.31	0.31	
acceptance ratio for synthesis rate:
	 acceptance ratio to low: 137
	 acceptance ratio to high: 221
Status at iteration 3100
	 current logLikelihood: -1.14581e+06
	 current Sphi estimate: 1.79812
	 current Sphi proposal width: 0.0815373
	 current Mixture element probability for element 0: 1
acceptance ratio for amino acid:
	A	C	D	E	F	G	H	I	K	L	N	P	Q	R	S	T	V	Y	Z	
	0.22	0.15	0.24	0.23	0.19	0.29	0.2	0.21	0.25	0.19	0.24	0.22	0.29	0.22	0.19	0.26	0.19	0.31	0.19	
acceptance ratio for synthesis rate:
	 acceptance ratio to low: 134
	 acceptance ratio to high: 219
Status at iteration 3200
	 current logLikelihood: -1.14601e+06
	 current Sphi estimate: 1.8326
	 current Sphi proposal width: 0.0815373
	 current Mixture element probability for element 0: 1
acceptance ratio for amino acid:
	A	C	D	E	F	G	H	I	K	L	N	P	Q	R	S	T	V	Y	Z	
	0.23	0.21	0.17	0.18	0.25	0.16	0.16	0.27	0.21	0.46	0.28	0.24	0.24	0.21	0.34	0.24	0.33	0.2	0.27	
acceptance ratio for synthesis rate:
	 acceptance ratio to low: 152
	 acceptance ratio to high: 218
Status at iteration 3300
	 current logLikelihood: -1.14585e+06
	 current Sphi estimate: 1.84781
	 current Sphi proposal width: 0.0815373
	 current Mixture element probability for element 0: 1
acceptance ratio for amino acid:
	A	C	D	E	F	G	H	I	K	L	N	P	Q	R	S	T	V	Y	Z	
	0.26	0.29	0.31	0.27	0.27	0.39	0.32	0.32	0.24	0.25	0.26	0.26	0.18	0.28	0.23	0.31	0.22	0.13	0.34	
acceptance ratio for synthesis rate:
	 acceptance ratio to low: 145
	 acceptance ratio to high: 189
Status at iteration 3400
	 current logLikelihood: -1.14595e+06
	 current Sphi estimate: 1.80844
	 current Sphi proposal width: 0.0815373
	 current Mixture element probability for element 0: 1
acceptance ratio for amino acid:
	A	C	D	E	F	G	H	I	K	L	N	P	Q	R	S	T	V	Y	Z	
	0.19	0.23	0.3	0.22	0.3	0.21	0.34	0.25	0.22	0.23	0.25	0.2	0.29	0.21	0.21	0.19	0.16	0.22	0.21	
acceptance ratio for synthesis rate:
	 acceptance ratio to low: 130
	 acceptance ratio to high: 198
Status at iteration 3500
	 current logLikelihood: -1.14594e+06
	 current Sphi estimate: 1.86397
	 current Sphi proposal width: 0.0815373
	 current Mixture element probability for element 0: 1
acceptance ratio for amino acid:
	A	C	D	E	F	G	H	I	K	L	N	P	Q	R	S	T	V	Y	Z	
	0.42	0.34	0.28	0.3	0.25	0.21	0.19	0.25	0.22	0.25	0.23	0.24	0.22	0.3	0.15	0.3	0.32	0.21	0.21	
acceptance ratio for synthesis rate:
	 acceptance ratio to low: 181
	 acceptance ratio to high: 182
Status at iteration 3600
	 current logLikelihood: -1.14598e+06
	 current Sphi estimate: 1.77173
	 current Sphi proposal width: 0.0815373
	 current Mixture element probability for element 0: 1
acceptance ratio for amino acid:
	A	C	D	E	F	G	H	I	K	L	N	P	Q	R	S	T	V	Y	Z	
	0.21	0.22	0.26	0.3	0.23	0.17	0.26	0.25	0.26	0.22	0.37	0.19	0.29	0.21	0.34	0.2	0.26	0.3	0.16	
acceptance ratio for synthesis rate:
	 acceptance ratio to low: 133
	 acceptance ratio to high: 208
Status at iteration 3700
	 current logLikelihood: -1.14605e+06
	 current Sphi estimate: 1.76136
	 current Sphi proposal width: 0.0652298
	 current Mixture element probability for element 0: 1
acceptance ratio for amino acid:
	A	C	D	E	F	G	H	I	K	L	N	P	Q	R	S	T	V	Y	Z	
	0.21	0.21	0.27	0.23	0.3	0.35	0.23	0.19	0.35	0.24	0.19	0.36	0.26	0.28	0.17	0.25	0.25	0.21	0.26	
acceptance ratio for synthesis rate:
	 acceptance ratio to low: 186
	 acceptance ratio to high: 162
Status at iteration 3800
	 current logLikelihood: -1.14592e+06
	 current Sphi estimate: 1.83914
	 current Sphi proposal width: 0.0652298
	 current Mixture element probability for element 0: 1
acceptance ratio for amino acid:
	A	C	D	E	F	G	H	I	K	L	N	P	Q	R	S	T	V	Y	Z	
	0.2	0.23	0.23	0.23	0.27	0.29	0.2	0.41	0.25	0.24	0.26	0.28	0.28	0.28	0.4	0.24	0.23	0.24	0.32	
acceptance ratio for synthesis rate:
	 acceptance ratio to low: 136
	 acceptance ratio to high: 213
Status at iteration 3900
	 current logLikelihood: -1.14583e+06
	 current Sphi estimate: 1.82666
	 current Sphi proposal width: 0.0782758
	 current Mixture element probability for element 0: 1
acceptance ratio for amino acid:
	A	C	D	E	F	G	H	I	K	L	N	P	Q	R	S	T	V	Y	Z	
	0.28	0.17	0.19	0.3	0.3	0.32	0.24	0.21	0.21	0.25	0.27	0.35	0.26	0.25	0.21	0.24	0.24	0.17	0.31	
acceptance ratio for synthesis rate:
	 acceptance ratio to low: 108
	 acceptance ratio to high: 242
Status at iteration 4000
	 current logLikelihood: -1.14593e+06
	 current Sphi estimate: 1.88903
	 current Sphi proposal width: 0.0626206
	 current Mixture element probability for element 0: 1
acceptance ratio for amino acid:
	A	C	D	E	F	G	H	I	K	L	N	P	Q	R	S	T	V	Y	Z	
	0.19	0.36	0.23	0.26	0.24	0.15	0.23	0.3	0.22	0.19	0.27	0.22	0.26	0.28	0.35	0.28	0.32	0.35	0.14	
acceptance ratio for synthesis rate:
	 acceptance ratio to low: 133
	 acceptance ratio to high: 216
Status at iteration 4100
	 current logLikelihood: -1.14591e+06
	 current Sphi estimate: 1.83749
	 current Sphi proposal width: 0.0751447
	 current Mixture element probability for element 0: 1
acceptance ratio for amino acid:
	A	C	D	E	F	G	H	I	K	L	N	P	Q	R	S	T	V	Y	Z	
	0.29	0.27	0.28	0.29	0.3	0.27	0.28	0.28	0.16	0.43	0.29	0.18	0.22	0.33	0.17	0.34	0.25	0.27	0.2	
acceptance ratio for synthesis rate:
	 acceptance ratio to low: 116
	 acceptance ratio to high: 237
Status at iteration 4200
	 current logLikelihood: -1.1458e+06
	 current Sphi estimate: 1.83554
	 current Sphi proposal width: 0.0751447
	 current Mixture element probability for element 0: 1
acceptance ratio for amino acid:
	A	C	D	E	F	G	H	I	K	L	N	P	Q	R	S	T	V	Y	Z	
	0.37	0.23	0.32	0.21	0.24	0.25	0.22	0.22	0.24	0.31	0.22	0.38	0.23	0.12	0.37	0.23	0.13	0.26	0.22	
acceptance ratio for synthesis rate:
	 acceptance ratio to low: 151
	 acceptance ratio to high: 221
Status at iteration 4300
	 current logLikelihood: -1.14595e+06
	 current Sphi estimate: 1.81179
	 current Sphi proposal width: 0.0751447
	 current Mixture element probability for element 0: 1
acceptance ratio for amino acid:
	A	C	D	E	F	G	H	I	K	L	N	P	Q	R	S	T	V	Y	Z	
	0.16	0.24	0.26	0.32	0.23	0.29	0.19	0.29	0.21	0.08	0.21	0.19	0.22	0.32	0.21	0.14	0.24	0.25	0.21	
acceptance ratio for synthesis rate:
	 acceptance ratio to low: 167
	 acceptance ratio to high: 179
Status at iteration 4400
	 current logLikelihood: -1.14599e+06
	 current Sphi estimate: 1.80923
	 current Sphi proposal width: 0.0601158
	 current Mixture element probability for element 0: 1
acceptance ratio for amino acid:
	A	C	D	E	F	G	H	I	K	L	N	P	Q	R	S	T	V	Y	Z	
	0.4	0.25	0.26	0.24	0.2	0.25	0.33	0.18	0.22	0.48	0.25	0.23	0.19	0.14	0.15	0.38	0.18	0.26	0.18	
acceptance ratio for synthesis rate:
	 acceptance ratio to low: 156
	 acceptance ratio to high: 163
Status at iteration 4500
	 current logLikelihood: -1.14583e+06
	 current Sphi estimate: 1.82333
	 current Sphi proposal width: 0.0601158
	 current Mixture element probability for element 0: 1
acceptance ratio for amino acid:
	A	C	D	E	F	G	H	I	K	L	N	P	Q	R	S	T	V	Y	Z	
	0.33	0.14	0.24	0.25	0.19	0.25	0.28	0.38	0.21	0.12	0.24	0.27	0.35	0.4	0.33	0.18	0.38	0.17	0.22	
acceptance ratio for synthesis rate:
	 acceptance ratio to low: 114
	 acceptance ratio to high: 222
Status at iteration 4600
	 current logLikelihood: -1.14592e+06
	 current Sphi estimate: 1.78845
	 current Sphi proposal width: 0.0601158
	 current Mixture element probability for element 0: 1
acceptance ratio for amino acid:
	A	C	D	E	F	G	H	I	K	L	N	P	Q	R	S	T	V	Y	Z	
	0.18	0.24	0.25	0.28	0.33	0.28	0.27	0.23	0.25	0.41	0.3	0.33	0.37	0.16	0.31	0.34	0.29	0.36	0.42	
acceptance ratio for synthesis rate:
	 acceptance ratio to low: 153
	 acceptance ratio to high: 197
Status at iteration 4700
	 current logLikelihood: -1.14592e+06
	 current Sphi estimate: 1.87174
	 current Sphi proposal width: 0.0601158
	 current Mixture element probability for element 0: 1
acceptance ratio for amino acid:
	A	C	D	E	F	G	H	I	K	L	N	P	Q	R	S	T	V	Y	Z	
	0.33	0.24	0.26	0.22	0.25	0.25	0.25	0.33	0.27	0.26	0.3	0.21	0.22	0.35	0.18	0.27	0.29	0.35	0.2	
acceptance ratio for synthesis rate:
	 acceptance ratio to low: 156
	 acceptance ratio to high: 193
Status at iteration 4800
	 current logLikelihood: -1.14581e+06
	 current Sphi estimate: 1.77126
	 current Sphi proposal width: 0.072139
	 current Mixture element probability for element 0: 1
acceptance ratio for amino acid:
	A	C	D	E	F	G	H	I	K	L	N	P	Q	R	S	T	V	Y	Z	
	0.18	0.36	0.28	0.19	0.29	0.24	0.24	0.15	0.22	0.25	0.31	0.23	0.28	0.32	0.21	0.29	0.2	0.22	0.22	
acceptance ratio for synthesis rate:
	 acceptance ratio to low: 134
	 acceptance ratio to high: 232
Status at iteration 4900
	 current logLikelihood: -1.146e+06
	 current Sphi estimate: 1.79765
	 current Sphi proposal width: 0.072139
	 current Mixture element probability for element 0: 1
acceptance ratio for amino acid:
	A	C	D	E	F	G	H	I	K	L	N	P	Q	R	S	T	V	Y	Z	
	0.32	0.27	0.31	0.28	0.21	0.27	0.19	0.29	0.17	0.19	0.28	0.21	0.26	0.11	0.19	0.26	0.29	0.22	0.29	
acceptance ratio for synthesis rate:
	 acceptance ratio to low: 154
	 acceptance ratio to high: 184
Status at iteration 5000
	 current logLikelihood: -1.14594e+06
	 current Sphi estimate: 1.82036
	 current Sphi proposal width: 0.0577112
	 current Mixture element probability for element 0: 1
acceptance ratio for amino acid:
	A	C	D	E	F	G	H	I	K	L	N	P	Q	R	S	T	V	Y	Z	
	0.29	0.19	0.15	0.26	0.25	0.28	0.32	0.26	0.25	0.44	0.17	0.2	0.23	0.21	0.46	0.22	0.23	0.14	0.27	
acceptance ratio for synthesis rate:
	 acceptance ratio to low: 116
	 acceptance ratio to high: 220
##################################################
Geweke Score after 4999 iterations: -2.34254
##################################################
Status at iteration 5100
	 current logLikelihood: -1.14606e+06
	 current Sphi estimate: 1.8157
	 current Sphi proposal width: 0.0577112
	 current Mixture element probability for element 0: 1
acceptance ratio for amino acid:
	A	C	D	E	F	G	H	I	K	L	N	P	Q	R	S	T	V	Y	Z	
	0.23	0.27	0.25	0.29	0.27	0.24	0.37	0.31	0.27	0.27	0.26	0.24	0.14	0.25	0.24	0.25	0.29	0.23	0.21	
acceptance ratio for synthesis rate:
	 acceptance ratio to low: 146
	 acceptance ratio to high: 197
Status at iteration 5200
	 current logLikelihood: -1.1462e+06
	 current Sphi estimate: 1.73465
	 current Sphi proposal width: 0.0692534
	 current Mixture element probability for element 0: 1
acceptance ratio for amino acid:
	A	C	D	E	F	G	H	I	K	L	N	P	Q	R	S	T	V	Y	Z	
	0.23	0.34	0.22	0.34	0.29	0.28	0.26	0.29	0.31	0.23	0.26	0.29	0.28	0.32	0.23	0.32	0.27	0.26	0.24	
acceptance ratio for synthesis rate:
	 acceptance ratio to low: 163
	 acceptance ratio to high: 196
Status at iteration 5300
	 current logLikelihood: -1.14612e+06
	 current Sphi estimate: 1.79039
	 current Sphi proposal width: 0.0554027
	 current Mixture element probability for element 0: 1
acceptance ratio for amino acid:
	A	C	D	E	F	G	H	I	K	L	N	P	Q	R	S	T	V	Y	Z	
	0.18	0.29	0.18	0.26	0.25	0.21	0.2	0.22	0.22	0.22	0.21	0.12	0.24	0.13	0.24	0.18	0.27	0.22	0.26	
acceptance ratio for synthesis rate:
	 acceptance ratio to low: 161
	 acceptance ratio to high: 214
Status at iteration 5400
	 current logLikelihood: -1.14616e+06
	 current Sphi estimate: 1.72491
	 current Sphi proposal width: 0.0664833
	 current Mixture element probability for element 0: 1
acceptance ratio for amino acid:
	A	C	D	E	F	G	H	I	K	L	N	P	Q	R	S	T	V	Y	Z	
	0.27	0.23	0.26	0.17	0.19	0.26	0.24	0.22	0.25	0.26	0.21	0.27	0.26	0.2	0.28	0.2	0.2	0.21	0.25	
acceptance ratio for synthesis rate:
	 acceptance ratio to low: 147
	 acceptance ratio to high: 208
Status at iteration 5500
	 current logLikelihood: -1.14618e+06
	 current Sphi estimate: 1.72324
	 current Sphi proposal width: 0.0797799
	 current Mixture element probability for element 0: 1
acceptance ratio for amino acid:
	A	C	D	E	F	G	H	I	K	L	N	P	Q	R	S	T	V	Y	Z	
	0.27	0.25	0.28	0.35	0.28	0.22	0.24	0.23	0.21	0.17	0.17	0.36	0.24	0.3	0.23	0.21	0.33	0.39	0.19	
acceptance ratio for synthesis rate:
	 acceptance ratio to low: 138
	 acceptance ratio to high: 198
Status at iteration 5600
	 current logLikelihood: -1.14602e+06
	 current Sphi estimate: 1.7743
	 current Sphi proposal width: 0.0797799
	 current Mixture element probability for element 0: 1
acceptance ratio for amino acid:
	A	C	D	E	F	G	H	I	K	L	N	P	Q	R	S	T	V	Y	Z	
	0.34	0.22	0.27	0.34	0.29	0.18	0.25	0.16	0.26	0.44	0.34	0.23	0.28	0.32	0.24	0.32	0.16	0.22	0.3	
acceptance ratio for synthesis rate:
	 acceptance ratio to low: 168
	 acceptance ratio to high: 179
Status at iteration 5700
	 current logLikelihood: -1.14614e+06
	 current Sphi estimate: 1.7152
	 current Sphi proposal width: 0.0638239
	 current Mixture element probability for element 0: 1
acceptance ratio for amino acid:
	A	C	D	E	F	G	H	I	K	L	N	P	Q	R	S	T	V	Y	Z	
	0.29	0.23	0.28	0.24	0.28	0.42	0.24	0.26	0.22	0.23	0.28	0.19	0.21	0.12	0.22	0.17	0.22	0.23	0.3	
acceptance ratio for synthesis rate:
	 acceptance ratio to low: 143
	 acceptance ratio to high: 179
Status at iteration 5800
	 current logLikelihood: -1.14608e+06
	 current Sphi estimate: 1.75595
	 current Sphi proposal width: 0.0638239
	 current Mixture element probability for element 0: 1
acceptance ratio for amino acid:
	A	C	D	E	F	G	H	I	K	L	N	P	Q	R	S	T	V	Y	Z	
	0.22	0.2	0.35	0.21	0.3	0.22	0.2	0.34	0.16	0.28	0.23	0.42	0.29	0.4	0.3	0.25	0.24	0.17	0.27	
acceptance ratio for synthesis rate:
	 acceptance ratio to low: 155
	 acceptance ratio to high: 189
Status at iteration 5900
	 current logLikelihood: -1.14616e+06
	 current Sphi estimate: 1.74947
	 current Sphi proposal width: 0.0765887
	 current Mixture element probability for element 0: 1
acceptance ratio for amino acid:
	A	C	D	E	F	G	H	I	K	L	N	P	Q	R	S	T	V	Y	Z	
	0.26	0.31	0.28	0.21	0.26	0.25	0.26	0.21	0.29	0.19	0.27	0.3	0.35	0.17	0.24	0.3	0.36	0.26	0.29	
acceptance ratio for synthesis rate:
	 acceptance ratio to low: 128
	 acceptance ratio to high: 221
Status at iteration 6000
	 current logLikelihood: -1.14607e+06
	 current Sphi estimate: 1.80823
	 current Sphi proposal width: 0.0765887
	 current Mixture element probability for element 0: 1
acceptance ratio for amino acid:
	A	C	D	E	F	G	H	I	K	L	N	P	Q	R	S	T	V	Y	Z	
	0.23	0.2	0.27	0.22	0.33	0.32	0.22	0.2	0.26	0.53	0.32	0.34	0.18	0.38	0.27	0.13	0.27	0.31	0.32	
acceptance ratio for synthesis rate:
	 acceptance ratio to low: 158
	 acceptance ratio to high: 205
Status at iteration 6100
	 current logLikelihood: -1.14603e+06
	 current Sphi estimate: 1.78145
	 current Sphi proposal width: 0.0765887
	 current Mixture element probability for element 0: 1
acceptance ratio for amino acid:
	A	C	D	E	F	G	H	I	K	L	N	P	Q	R	S	T	V	Y	Z	
	0.17	0.27	0.28	0.25	0.31	0.2	0.32	0.27	0.39	0.32	0.22	0.17	0.28	0.19	0.22	0.34	0.16	0.17	0.24	
acceptance ratio for synthesis rate:
	 acceptance ratio to low: 143
	 acceptance ratio to high: 249
Status at iteration 6200
	 current logLikelihood: -1.14597e+06
	 current Sphi estimate: 1.77586
	 current Sphi proposal width: 0.0765887
	 current Mixture element probability for element 0: 1
acceptance ratio for amino acid:
	A	C	D	E	F	G	H	I	K	L	N	P	Q	R	S	T	V	Y	Z	
	0.42	0.2	0.25	0.23	0.15	0.25	0.18	0.27	0.18	0.13	0.25	0.36	0.25	0.41	0.25	0.27	0.33	0.29	0.26	
acceptance ratio for synthesis rate:
	 acceptance ratio to low: 116
	 acceptance ratio to high: 265
Status at iteration 6300
	 current logLikelihood: -1.146e+06
	 current Sphi estimate: 1.7494
	 current Sphi proposal width: 0.0765887
	 current Mixture element probability for element 0: 1
acceptance ratio for amino acid:
	A	C	D	E	F	G	H	I	K	L	N	P	Q	R	S	T	V	Y	Z	
	0.23	0.2	0.29	0.22	0.28	0.18	0.17	0.25	0.27	0.32	0.29	0.22	0.21	0.32	0.28	0.28	0.26	0.37	0.31	
acceptance ratio for synthesis rate:
	 acceptance ratio to low: 148
	 acceptance ratio to high: 195
Status at iteration 6400
	 current logLikelihood: -1.14576e+06
	 current Sphi estimate: 1.84201
	 current Sphi proposal width: 0.0765887
	 current Mixture element probability for element 0: 1
acceptance ratio for amino acid:
	A	C	D	E	F	G	H	I	K	L	N	P	Q	R	S	T	V	Y	Z	
	0.28	0.23	0.25	0.25	0.29	0.3	0.27	0.21	0.25	0.27	0.16	0.15	0.31	0.11	0.22	0.28	0.17	0.26	0.17	
acceptance ratio for synthesis rate:
	 acceptance ratio to low: 138
	 acceptance ratio to high: 263
Status at iteration 6500
	 current logLikelihood: -1.14592e+06
	 current Sphi estimate: 1.78212
	 current Sphi proposal width: 0.0765887
	 current Mixture element probability for element 0: 1
acceptance ratio for amino acid:
	A	C	D	E	F	G	H	I	K	L	N	P	Q	R	S	T	V	Y	Z	
	0.3	0.27	0.3	0.19	0.28	0.35	0.29	0.23	0.24	0.23	0.3	0.28	0.2	0.23	0.27	0.28	0.21	0.25	0.3	
acceptance ratio for synthesis rate:
	 acceptance ratio to low: 172
	 acceptance ratio to high: 190
Status at iteration 6600
	 current logLikelihood: -1.14601e+06
	 current Sphi estimate: 1.7782
	 current Sphi proposal width: 0.0765887
	 current Mixture element probability for element 0: 1
acceptance ratio for amino acid:
	A	C	D	E	F	G	H	I	K	L	N	P	Q	R	S	T	V	Y	Z	
	0.35	0.27	0.3	0.25	0.26	0.23	0.31	0.19	0.28	0.2	0.32	0.25	0.2	0.35	0.25	0.22	0.4	0.18	0.2	
acceptance ratio for synthesis rate:
	 acceptance ratio to low: 129
	 acceptance ratio to high: 206
Status at iteration 6700
	 current logLikelihood: -1.14597e+06
	 current Sphi estimate: 1.91595
	 current Sphi proposal width: 0.061271
	 current Mixture element probability for element 0: 1
acceptance ratio for amino acid:
	A	C	D	E	F	G	H	I	K	L	N	P	Q	R	S	T	V	Y	Z	
	0.08	0.28	0.28	0.23	0.21	0.16	0.25	0.27	0.2	0.1	0.28	0.41	0.16	0.13	0.24	0.33	0.22	0.29	0.33	
acceptance ratio for synthesis rate:
	 acceptance ratio to low: 129
	 acceptance ratio to high: 244
Status at iteration 6800
	 current logLikelihood: -1.14615e+06
	 current Sphi estimate: 1.88666
	 current Sphi proposal width: 0.061271
	 current Mixture element probability for element 0: 1
acceptance ratio for amino acid:
	A	C	D	E	F	G	H	I	K	L	N	P	Q	R	S	T	V	Y	Z	
	0.25	0.19	0.21	0.24	0.2	0.35	0.14	0.35	0.31	0.38	0.22	0.16	0.3	0.27	0.34	0.17	0.28	0.34	0.18	
acceptance ratio for synthesis rate:
	 acceptance ratio to low: 116
	 acceptance ratio to high: 270
Status at iteration 6900
	 current logLikelihood: -1.14602e+06
	 current Sphi estimate: 1.81489
	 current Sphi proposal width: 0.0490168
	 current Mixture element probability for element 0: 1
acceptance ratio for amino acid:
	A	C	D	E	F	G	H	I	K	L	N	P	Q	R	S	T	V	Y	Z	
	0.27	0.26	0.29	0.14	0.31	0.18	0.29	0.15	0.26	0.26	0.23	0.28	0.25	0.35	0.22	0.29	0.21	0.25	0.23	
acceptance ratio for synthesis rate:
	 acceptance ratio to low: 141
	 acceptance ratio to high: 190
Status at iteration 7000
	 current logLikelihood: -1.146e+06
	 current Sphi estimate: 1.77686
	 current Sphi proposal width: 0.0588201
	 current Mixture element probability for element 0: 1
acceptance ratio for amino acid:
	A	C	D	E	F	G	H	I	K	L	N	P	Q	R	S	T	V	Y	Z	
	0.27	0.24	0.23	0.29	0.2	0.4	0.25	0.27	0.27	0.24	0.31	0.25	0.3	0.12	0.13	0.33	0.23	0.24	0.27	
acceptance ratio for synthesis rate:
	 acceptance ratio to low: 173
	 acceptance ratio to high: 161
Status at iteration 7100
	 current logLikelihood: -1.14606e+06
	 current Sphi estimate: 1.77122
	 current Sphi proposal width: 0.0705842
	 current Mixture element probability for element 0: 1
acceptance ratio for amino acid:
	A	C	D	E	F	G	H	I	K	L	N	P	Q	R	S	T	V	Y	Z	
	0.27	0.27	0.26	0.26	0.25	0.21	0.25	0.33	0.21	0.08	0.18	0.32	0.33	0.38	0.31	0.23	0.24	0.19	0.2	
acceptance ratio for synthesis rate:
	 acceptance ratio to low: 112
	 acceptance ratio to high: 222
Status at iteration 7200
	 current logLikelihood: -1.14592e+06
	 current Sphi estimate: 1.73724
	 current Sphi proposal width: 0.0705842
	 current Mixture element probability for element 0: 1
acceptance ratio for amino acid:
	A	C	D	E	F	G	H	I	K	L	N	P	Q	R	S	T	V	Y	Z	
	0.26	0.23	0.23	0.26	0.2	0.26	0.29	0.22	0.25	0.44	0.2	0.24	0.22	0.18	0.13	0.22	0.23	0.3	0.26	
acceptance ratio for synthesis rate:
	 acceptance ratio to low: 154
	 acceptance ratio to high: 194
Status at iteration 7300
	 current logLikelihood: -1.14614e+06
	 current Sphi estimate: 1.73926
	 current Sphi proposal width: 0.0705842
	 current Mixture element probability for element 0: 1
acceptance ratio for amino acid:
	A	C	D	E	F	G	H	I	K	L	N	P	Q	R	S	T	V	Y	Z	
	0.34	0.26	0.42	0.22	0.23	0.3	0.28	0.23	0.24	0.22	0.24	0.17	0.29	0.35	0.29	0.27	0.2	0.28	0.29	
acceptance ratio for synthesis rate:
	 acceptance ratio to low: 151
	 acceptance ratio to high: 193
Status at iteration 7400
	 current logLikelihood: -1.14617e+06
	 current Sphi estimate: 1.71449
	 current Sphi proposal width: 0.0705842
	 current Mixture element probability for element 0: 1
acceptance ratio for amino acid:
	A	C	D	E	F	G	H	I	K	L	N	P	Q	R	S	T	V	Y	Z	
	0.21	0.25	0.19	0.22	0.25	0.25	0.27	0.23	0.35	0.23	0.27	0.28	0.26	0.24	0.38	0.15	0.24	0.33	0.29	
acceptance ratio for synthesis rate:
	 acceptance ratio to low: 186
	 acceptance ratio to high: 158
Status at iteration 7500
	 current logLikelihood: -1.14615e+06
	 current Sphi estimate: 1.80089
	 current Sphi proposal width: 0.0705842
	 current Mixture element probability for element 0: 1
acceptance ratio for amino acid:
	A	C	D	E	F	G	H	I	K	L	N	P	Q	R	S	T	V	Y	Z	
	0.12	0.27	0.24	0.25	0.2	0.33	0.29	0.26	0.27	0.28	0.28	0.28	0.27	0.25	0.2	0.32	0.26	0.3	0.27	
acceptance ratio for synthesis rate:
	 acceptance ratio to low: 151
	 acceptance ratio to high: 200
Status at iteration 7600
	 current logLikelihood: -1.14622e+06
	 current Sphi estimate: 1.74505
	 current Sphi proposal width: 0.0705842
	 current Mixture element probability for element 0: 1
acceptance ratio for amino acid:
	A	C	D	E	F	G	H	I	K	L	N	P	Q	R	S	T	V	Y	Z	
	0.3	0.25	0.24	0.35	0.19	0.18	0.2	0.24	0.23	0.19	0.33	0.34	0.21	0.21	0.15	0.24	0.28	0.32	0.22	
acceptance ratio for synthesis rate:
	 acceptance ratio to low: 194
	 acceptance ratio to high: 163
Status at iteration 7700
	 current logLikelihood: -1.14619e+06
	 current Sphi estimate: 1.69999
	 current Sphi proposal width: 0.0705842
	 current Mixture element probability for element 0: 1
acceptance ratio for amino acid:
	A	C	D	E	F	G	H	I	K	L	N	P	Q	R	S	T	V	Y	Z	
	0.28	0.22	0.36	0.22	0.27	0.28	0.33	0.31	0.25	0.45	0.17	0.25	0.26	0.13	0.22	0.22	0.16	0.26	0.28	
acceptance ratio for synthesis rate:
	 acceptance ratio to low: 145
	 acceptance ratio to high: 187
Status at iteration 7800
	 current logLikelihood: -1.14608e+06
	 current Sphi estimate: 1.73149
	 current Sphi proposal width: 0.0705842
	 current Mixture element probability for element 0: 1
acceptance ratio for amino acid:
	A	C	D	E	F	G	H	I	K	L	N	P	Q	R	S	T	V	Y	Z	
	0.28	0.24	0.23	0.3	0.36	0.4	0.16	0.14	0.23	0.34	0.25	0.3	0.31	0.51	0.29	0.28	0.35	0.21	0.33	
acceptance ratio for synthesis rate:
	 acceptance ratio to low: 158
	 acceptance ratio to high: 186
Status at iteration 7900
	 current logLikelihood: -1.14625e+06
	 current Sphi estimate: 1.74261
	 current Sphi proposal width: 0.0705842
	 current Mixture element probability for element 0: 1
acceptance ratio for amino acid:
	A	C	D	E	F	G	H	I	K	L	N	P	Q	R	S	T	V	Y	Z	
	0.33	0.28	0.25	0.21	0.19	0.25	0.36	0.31	0.26	0.08	0.27	0.25	0.15	0.33	0.32	0.21	0.17	0.3	0.19	
acceptance ratio for synthesis rate:
	 acceptance ratio to low: 141
	 acceptance ratio to high: 221
Status at iteration 8000
	 current logLikelihood: -1.1461e+06
	 current Sphi estimate: 1.79045
	 current Sphi proposal width: 0.0705842
	 current Mixture element probability for element 0: 1
acceptance ratio for amino acid:
	A	C	D	E	F	G	H	I	K	L	N	P	Q	R	S	T	V	Y	Z	
	0.15	0.21	0.29	0.34	0.39	0.14	0.18	0.27	0.26	0.34	0.28	0.33	0.17	0.14	0.19	0.19	0.33	0.22	0.25	
acceptance ratio for synthesis rate:
	 acceptance ratio to low: 128
	 acceptance ratio to high: 214
Status at iteration 8100
	 current logLikelihood: -1.14582e+06
	 current Sphi estimate: 1.83766
	 current Sphi proposal width: 0.0705842
	 current Mixture element probability for element 0: 1
acceptance ratio for amino acid:
	A	C	D	E	F	G	H	I	K	L	N	P	Q	R	S	T	V	Y	Z	
	0.25	0.3	0.3	0.17	0.23	0.32	0.26	0.17	0.23	0.11	0.25	0.2	0.32	0.28	0.3	0.41	0.33	0.18	0.24	
acceptance ratio for synthesis rate:
	 acceptance ratio to low: 94
	 acceptance ratio to high: 274
Status at iteration 8200
	 current logLikelihood: -1.14597e+06
	 current Sphi estimate: 1.78389
	 current Sphi proposal width: 0.0705842
	 current Mixture element probability for element 0: 1
acceptance ratio for amino acid:
	A	C	D	E	F	G	H	I	K	L	N	P	Q	R	S	T	V	Y	Z	
	0.36	0.35	0.22	0.22	0.29	0.17	0.35	0.26	0.24	0.31	0.23	0.14	0.26	0.31	0.36	0.31	0.18	0.16	0.17	
acceptance ratio for synthesis rate:
	 acceptance ratio to low: 91
	 acceptance ratio to high: 247
Status at iteration 8300
	 current logLikelihood: -1.14616e+06
	 current Sphi estimate: 1.757
	 current Sphi proposal width: 0.0705842
	 current Mixture element probability for element 0: 1
acceptance ratio for amino acid:
	A	C	D	E	F	G	H	I	K	L	N	P	Q	R	S	T	V	Y	Z	
	0.19	0.21	0.26	0.39	0.24	0.35	0.21	0.21	0.28	0.24	0.26	0.31	0.35	0.12	0.1	0.26	0.24	0.28	0.36	
acceptance ratio for synthesis rate:
	 acceptance ratio to low: 152
	 acceptance ratio to high: 189
Status at iteration 8400
	 current logLikelihood: -1.14622e+06
	 current Sphi estimate: 1.71181
	 current Sphi proposal width: 0.0705842
	 current Mixture element probability for element 0: 1
acceptance ratio for amino acid:
	A	C	D	E	F	G	H	I	K	L	N	P	Q	R	S	T	V	Y	Z	
	0.3	0.21	0.3	0.18	0.28	0.27	0.21	0.28	0.19	0.25	0.29	0.17	0.23	0.33	0.41	0.13	0.31	0.27	0.29	
acceptance ratio for synthesis rate:
	 acceptance ratio to low: 163
	 acceptance ratio to high: 201
Status at iteration 8500
	 current logLikelihood: -1.14597e+06
	 current Sphi estimate: 1.8426
	 current Sphi proposal width: 0.0564673
	 current Mixture element probability for element 0: 1
acceptance ratio for amino acid:
	A	C	D	E	F	G	H	I	K	L	N	P	Q	R	S	T	V	Y	Z	
	0.35	0.3	0.19	0.21	0.35	0.21	0.24	0.39	0.24	0.19	0.23	0.3	0.19	0.12	0.26	0.28	0.17	0.27	0.33	
acceptance ratio for synthesis rate:
	 acceptance ratio to low: 140
	 acceptance ratio to high: 208
Status at iteration 8600
	 current logLikelihood: -1.14612e+06
	 current Sphi estimate: 1.76933
	 current Sphi proposal width: 0.0677608
	 current Mixture element probability for element 0: 1
acceptance ratio for amino acid:
	A	C	D	E	F	G	H	I	K	L	N	P	Q	R	S	T	V	Y	Z	
	0.2	0.25	0.23	0.26	0.24	0.22	0.32	0.21	0.28	0.39	0.23	0.25	0.26	0.44	0.29	0.27	0.29	0.24	0.25	
acceptance ratio for synthesis rate:
	 acceptance ratio to low: 142
	 acceptance ratio to high: 217
Status at iteration 8700
	 current logLikelihood: -1.14594e+06
	 current Sphi estimate: 1.84417
	 current Sphi proposal width: 0.0677608
	 current Mixture element probability for element 0: 1
acceptance ratio for amino acid:
	A	C	D	E	F	G	H	I	K	L	N	P	Q	R	S	T	V	Y	Z	
	0.17	0.23	0.18	0.29	0.25	0.24	0.21	0.27	0.25	0.21	0.28	0.3	0.2	0.19	0.3	0.27	0.34	0.35	0.17	
acceptance ratio for synthesis rate:
	 acceptance ratio to low: 178
	 acceptance ratio to high: 150
Status at iteration 8800
	 current logLikelihood: -1.1461e+06
	 current Sphi estimate: 1.76785
	 current Sphi proposal width: 0.081313
	 current Mixture element probability for element 0: 1
acceptance ratio for amino acid:
	A	C	D	E	F	G	H	I	K	L	N	P	Q	R	S	T	V	Y	Z	
	0.34	0.3	0.39	0.34	0.17	0.22	0.2	0.2	0.25	0.26	0.23	0.21	0.31	0.45	0.31	0.27	0.24	0.26	0.22	
acceptance ratio for synthesis rate:
	 acceptance ratio to low: 155
	 acceptance ratio to high: 214
Status at iteration 8900
	 current logLikelihood: -1.14613e+06
	 current Sphi estimate: 1.79647
	 current Sphi proposal width: 0.0650504
	 current Mixture element probability for element 0: 1
acceptance ratio for amino acid:
	A	C	D	E	F	G	H	I	K	L	N	P	Q	R	S	T	V	Y	Z	
	0.28	0.29	0.31	0.2	0.22	0.23	0.22	0.31	0.3	0.12	0.2	0.28	0.15	0.23	0.18	0.28	0.27	0.3	0.33	
acceptance ratio for synthesis rate:
	 acceptance ratio to low: 125
	 acceptance ratio to high: 211
Status at iteration 9000
	 current logLikelihood: -1.14604e+06
	 current Sphi estimate: 1.74618
	 current Sphi proposal width: 0.0650504
	 current Mixture element probability for element 0: 1
acceptance ratio for amino acid:
	A	C	D	E	F	G	H	I	K	L	N	P	Q	R	S	T	V	Y	Z	
	0.16	0.17	0.35	0.23	0.23	0.2	0.12	0.15	0.26	0.34	0.3	0.33	0.32	0.24	0.26	0.27	0.22	0.26	0.28	
acceptance ratio for synthesis rate:
	 acceptance ratio to low: 156
	 acceptance ratio to high: 189
Status at iteration 9100
	 current logLikelihood: -1.14587e+06
	 current Sphi estimate: 1.84937
	 current Sphi proposal width: 0.0650504
	 current Mixture element probability for element 0: 1
acceptance ratio for amino acid:
	A	C	D	E	F	G	H	I	K	L	N	P	Q	R	S	T	V	Y	Z	
	0.41	0.23	0.19	0.28	0.23	0.23	0.25	0.25	0.24	0.22	0.25	0.18	0.23	0.13	0.24	0.23	0.22	0.28	0.18	
acceptance ratio for synthesis rate:
	 acceptance ratio to low: 120
	 acceptance ratio to high: 234
Status at iteration 9200
	 current logLikelihood: -1.14615e+06
	 current Sphi estimate: 1.74462
	 current Sphi proposal width: 0.0650504
	 current Mixture element probability for element 0: 1
acceptance ratio for amino acid:
	A	C	D	E	F	G	H	I	K	L	N	P	Q	R	S	T	V	Y	Z	
	0.29	0.22	0.3	0.29	0.27	0.17	0.26	0.21	0.3	0.34	0.22	0.37	0.21	0.41	0.22	0.32	0.23	0.34	0.33	
acceptance ratio for synthesis rate:
	 acceptance ratio to low: 151
	 acceptance ratio to high: 181
Status at iteration 9300
	 current logLikelihood: -1.14594e+06
	 current Sphi estimate: 1.81512
	 current Sphi proposal width: 0.0650504
	 current Mixture element probability for element 0: 1
acceptance ratio for amino acid:
	A	C	D	E	F	G	H	I	K	L	N	P	Q	R	S	T	V	Y	Z	
	0.28	0.2	0.25	0.31	0.19	0.4	0.2	0.28	0.19	0.01	0.16	0.2	0.19	0.21	0.23	0.17	0.25	0.26	0.2	
acceptance ratio for synthesis rate:
	 acceptance ratio to low: 127
	 acceptance ratio to high: 229
Status at iteration 9400
	 current logLikelihood: -1.14609e+06
	 current Sphi estimate: 1.78502
	 current Sphi proposal width: 0.0780604
	 current Mixture element probability for element 0: 1
acceptance ratio for amino acid:
	A	C	D	E	F	G	H	I	K	L	N	P	Q	R	S	T	V	Y	Z	
	0.28	0.25	0.35	0.33	0.26	0.27	0.32	0.19	0.37	0.32	0.26	0.27	0.27	0.19	0.35	0.28	0.21	0.23	0.18	
acceptance ratio for synthesis rate:
	 acceptance ratio to low: 128
	 acceptance ratio to high: 212
Status at iteration 9500
	 current logLikelihood: -1.14616e+06
	 current Sphi estimate: 1.73189
	 current Sphi proposal width: 0.0780604
	 current Mixture element probability for element 0: 1
acceptance ratio for amino acid:
	A	C	D	E	F	G	H	I	K	L	N	P	Q	R	S	T	V	Y	Z	
	0.34	0.32	0.24	0.22	0.24	0.22	0.21	0.29	0.27	0.13	0.33	0.19	0.17	0.51	0.15	0.2	0.2	0.26	0.31	
acceptance ratio for synthesis rate:
	 acceptance ratio to low: 150
	 acceptance ratio to high: 158
Status at iteration 9600
	 current logLikelihood: -1.1462e+06
	 current Sphi estimate: 1.7469
	 current Sphi proposal width: 0.0780604
	 current Mixture element probability for element 0: 1
acceptance ratio for amino acid:
	A	C	D	E	F	G	H	I	K	L	N	P	Q	R	S	T	V	Y	Z	
	0.21	0.22	0.17	0.23	0.21	0.2	0.26	0.26	0.32	0.34	0.26	0.24	0.35	0.28	0.25	0.28	0.22	0.29	0.23	
acceptance ratio for synthesis rate:
	 acceptance ratio to low: 153
	 acceptance ratio to high: 203
Status at iteration 9700
	 current logLikelihood: -1.1462e+06
	 current Sphi estimate: 1.75339
	 current Sphi proposal width: 0.0624484
	 current Mixture element probability for element 0: 1
acceptance ratio for amino acid:
	A	C	D	E	F	G	H	I	K	L	N	P	Q	R	S	T	V	Y	Z	
	0.16	0.33	0.31	0.19	0.21	0.12	0.2	0.35	0.22	0.25	0.19	0.33	0.24	0.35	0.29	0.32	0.23	0.26	0.21	
acceptance ratio for synthesis rate:
	 acceptance ratio to low: 166
	 acceptance ratio to high: 203
Status at iteration 9800
	 current logLikelihood: -1.14606e+06
	 current Sphi estimate: 1.72531
	 current Sphi proposal width: 0.0624484
	 current Mixture element probability for element 0: 1
acceptance ratio for amino acid:
	A	C	D	E	F	G	H	I	K	L	N	P	Q	R	S	T	V	Y	Z	
	0.15	0.27	0.25	0.25	0.3	0.42	0.32	0.14	0.27	0.16	0.32	0.19	0.24	0.11	0.26	0.17	0.15	0.34	0.21	
acceptance ratio for synthesis rate:
	 acceptance ratio to low: 153
	 acceptance ratio to high: 211
Status at iteration 9900
	 current logLikelihood: -1.14617e+06
	 current Sphi estimate: 1.7509
	 current Sphi proposal width: 0.0624484
	 current Mixture element probability for element 0: 1
acceptance ratio for amino acid:
	A	C	D	E	F	G	H	I	K	L	N	P	Q	R	S	T	V	Y	Z	
	0.41	0.24	0.19	0.3	0.28	0.25	0.22	0.33	0.24	0.42	0.27	0.28	0.22	0.27	0.31	0.32	0.38	0.24	0.38	
acceptance ratio for synthesis rate:
	 acceptance ratio to low: 161
	 acceptance ratio to high: 187
Status at iteration 10000
	 current logLikelihood: -1.14617e+06
	 current Sphi estimate: 1.72304
	 current Sphi proposal width: 0.0624484
	 current Mixture element probability for element 0: 1
acceptance ratio for amino acid:
	A	C	D	E	F	G	H	I	K	L	N	P	Q	R	S	T	V	Y	Z	
	0.29	0.23	0.25	0.28	0.26	0.25	0.16	0.32	0.21	0.11	0.29	0.4	0.26	0.37	0.2	0.26	0.21	0.19	0.19	
acceptance ratio for synthesis rate:
	 acceptance ratio to low: 150
	 acceptance ratio to high: 174
##################################################
Geweke Score after 9999 iterations: -21.7903
##################################################
Status at iteration 10100
	 current logLikelihood: -1.14615e+06
	 current Sphi estimate: 1.78612
	 current Sphi proposal width: 0.0624484
	 current Mixture element probability for element 0: 1
acceptance ratio for amino acid:
	A	C	D	E	F	G	H	I	K	L	N	P	Q	R	S	T	V	Y	Z	
	0.35	0.23	0.26	0.21	0.35	0.32	0.18	0.13	0.2	0.49	0.31	0.17	0.23	0.13	0.24	0.2	0.31	0.32	0.29	
acceptance ratio for synthesis rate:
	 acceptance ratio to low: 126
	 acceptance ratio to high: 204
Status at iteration 10200
	 current logLikelihood: -1.14622e+06
	 current Sphi estimate: 1.6882
	 current Sphi proposal width: 0.0624484
	 current Mixture element probability for element 0: 1
acceptance ratio for amino acid:
	A	C	D	E	F	G	H	I	K	L	N	P	Q	R	S	T	V	Y	Z	
	0.19	0.29	0.41	0.16	0.29	0.07	0.29	0.21	0.25	0.26	0.24	0.46	0.31	0.41	0.15	0.19	0.16	0.17	0.2	
acceptance ratio for synthesis rate:
	 acceptance ratio to low: 141
	 acceptance ratio to high: 219
Status at iteration 10300
	 current logLikelihood: -1.14626e+06
	 current Sphi estimate: 1.76657
	 current Sphi proposal width: 0.0624484
	 current Mixture element probability for element 0: 1
acceptance ratio for amino acid:
	A	C	D	E	F	G	H	I	K	L	N	P	Q	R	S	T	V	Y	Z	
	0.44	0.27	0.17	0.3	0.26	0.23	0.17	0.34	0.16	0.24	0.32	0.28	0.32	0.19	0.36	0.37	0.35	0.18	0.25	
acceptance ratio for synthesis rate:
	 acceptance ratio to low: 158
	 acceptance ratio to high: 194
Status at iteration 10400
	 current logLikelihood: -1.14638e+06
	 current Sphi estimate: 1.65504
	 current Sphi proposal width: 0.0624484
	 current Mixture element probability for element 0: 1
acceptance ratio for amino acid:
	A	C	D	E	F	G	H	I	K	L	N	P	Q	R	S	T	V	Y	Z	
	0.24	0.26	0.23	0.31	0.16	0.3	0.33	0.18	0.24	0.3	0.19	0.25	0.19	0.35	0.24	0.33	0.17	0.26	0.31	
acceptance ratio for synthesis rate:
	 acceptance ratio to low: 186
	 acceptance ratio to high: 166
Status at iteration 10500
	 current logLikelihood: -1.14636e+06
	 current Sphi estimate: 1.65951
	 current Sphi proposal width: 0.0624484
	 current Mixture element probability for element 0: 1
acceptance ratio for amino acid:
	A	C	D	E	F	G	H	I	K	L	N	P	Q	R	S	T	V	Y	Z	
	0.29	0.22	0.25	0.26	0.26	0.37	0.28	0.3	0.33	0.29	0.27	0.28	0.22	0.19	0.28	0.19	0.35	0.25	0.17	
acceptance ratio for synthesis rate:
	 acceptance ratio to low: 188
	 acceptance ratio to high: 158
Status at iteration 10600
	 current logLikelihood: -1.14622e+06
	 current Sphi estimate: 1.67944
	 current Sphi proposal width: 0.0624484
	 current Mixture element probability for element 0: 1
acceptance ratio for amino acid:
	A	C	D	E	F	G	H	I	K	L	N	P	Q	R	S	T	V	Y	Z	
	0.3	0.2	0.27	0.14	0.32	0.23	0.24	0.24	0.32	0.26	0.2	0.32	0.26	0.5	0.19	0.19	0.19	0.23	0.34	
acceptance ratio for synthesis rate:
	 acceptance ratio to low: 178
	 acceptance ratio to high: 166
Status at iteration 10700
	 current logLikelihood: -1.14626e+06
	 current Sphi estimate: 1.69411
	 current Sphi proposal width: 0.0624484
	 current Mixture element probability for element 0: 1
acceptance ratio for amino acid:
	A	C	D	E	F	G	H	I	K	L	N	P	Q	R	S	T	V	Y	Z	
	0.25	0.19	0.35	0.26	0.25	0.31	0.2	0.26	0.12	0.21	0.17	0.15	0.18	0.31	0.29	0.36	0.37	0.24	0.28	
acceptance ratio for synthesis rate:
	 acceptance ratio to low: 104
	 acceptance ratio to high: 242
Status at iteration 10800
	 current logLikelihood: -1.14619e+06
	 current Sphi estimate: 1.685
	 current Sphi proposal width: 0.0624484
	 current Mixture element probability for element 0: 1
acceptance ratio for amino acid:
	A	C	D	E	F	G	H	I	K	L	N	P	Q	R	S	T	V	Y	Z	
	0.23	0.3	0.26	0.22	0.27	0.14	0.39	0.34	0.24	0.23	0.22	0.29	0.37	0.21	0.4	0.3	0.18	0.36	0.27	
acceptance ratio for synthesis rate:
	 acceptance ratio to low: 141
	 acceptance ratio to high: 236
Status at iteration 10900
	 current logLikelihood: -1.14626e+06
	 current Sphi estimate: 1.67823
	 current Sphi proposal width: 0.0624484
	 current Mixture element probability for element 0: 1
acceptance ratio for amino acid:
	A	C	D	E	F	G	H	I	K	L	N	P	Q	R	S	T	V	Y	Z	
	0.27	0.16	0.28	0.26	0.3	0.13	0.14	0.21	0.21	0.28	0.37	0.39	0.31	0.18	0.21	0.27	0.38	0.34	0.23	
acceptance ratio for synthesis rate:
	 acceptance ratio to low: 152
	 acceptance ratio to high: 203
Status at iteration 11000
	 current logLikelihood: -1.14622e+06
	 current Sphi estimate: 1.80027
	 current Sphi proposal width: 0.074938
	 current Mixture element probability for element 0: 1
acceptance ratio for amino acid:
	A	C	D	E	F	G	H	I	K	L	N	P	Q	R	S	T	V	Y	Z	
	0.21	0.3	0.25	0.24	0.24	0.38	0.3	0.25	0.21	0.21	0.18	0.2	0.28	0.36	0.18	0.38	0.27	0.28	0.24	
acceptance ratio for synthesis rate:
	 acceptance ratio to low: 109
	 acceptance ratio to high: 255
Status at iteration 11100
	 current logLikelihood: -1.14618e+06
	 current Sphi estimate: 1.68989
	 current Sphi proposal width: 0.074938
	 current Mixture element probability for element 0: 1
acceptance ratio for amino acid:
	A	C	D	E	F	G	H	I	K	L	N	P	Q	R	S	T	V	Y	Z	
	0.14	0.31	0.28	0.26	0.32	0.21	0.35	0.15	0.28	0.18	0.22	0.21	0.21	0.13	0.37	0.19	0.26	0.17	0.32	
acceptance ratio for synthesis rate:
	 acceptance ratio to low: 126
	 acceptance ratio to high: 240
Status at iteration 11200
	 current logLikelihood: -1.14624e+06
	 current Sphi estimate: 1.72609
	 current Sphi proposal width: 0.074938
	 current Mixture element probability for element 0: 1
acceptance ratio for amino acid:
	A	C	D	E	F	G	H	I	K	L	N	P	Q	R	S	T	V	Y	Z	
	0.46	0.15	0.21	0.3	0.25	0.27	0.35	0.27	0.25	0.4	0.26	0.17	0.23	0.39	0.24	0.24	0.21	0.24	0.25	
acceptance ratio for synthesis rate:
	 acceptance ratio to low: 149
	 acceptance ratio to high: 197
Status at iteration 11300
	 current logLikelihood: -1.14619e+06
	 current Sphi estimate: 1.81529
	 current Sphi proposal width: 0.074938
	 current Mixture element probability for element 0: 1
acceptance ratio for amino acid:
	A	C	D	E	F	G	H	I	K	L	N	P	Q	R	S	T	V	Y	Z	
	0.26	0.27	0.19	0.32	0.21	0.21	0.3	0.33	0.21	0.26	0.29	0.23	0.2	0.2	0.32	0.21	0.29	0.2	0.22	
acceptance ratio for synthesis rate:
	 acceptance ratio to low: 100
	 acceptance ratio to high: 240
Status at iteration 11400
	 current logLikelihood: -1.14612e+06
	 current Sphi estimate: 1.69727
	 current Sphi proposal width: 0.0599504
	 current Mixture element probability for element 0: 1
acceptance ratio for amino acid:
	A	C	D	E	F	G	H	I	K	L	N	P	Q	R	S	T	V	Y	Z	
	0.25	0.24	0.33	0.32	0.25	0.17	0.23	0.26	0.28	0.29	0.29	0.33	0.25	0.29	0.2	0.29	0.24	0.24	0.23	
acceptance ratio for synthesis rate:
	 acceptance ratio to low: 135
	 acceptance ratio to high: 209
Status at iteration 11500
	 current logLikelihood: -1.14629e+06
	 current Sphi estimate: 1.68847
	 current Sphi proposal width: 0.0599504
	 current Mixture element probability for element 0: 1
acceptance ratio for amino acid:
	A	C	D	E	F	G	H	I	K	L	N	P	Q	R	S	T	V	Y	Z	
	0.38	0.32	0.26	0.23	0.27	0.33	0.27	0.23	0.25	0.3	0.27	0.23	0.23	0.19	0.17	0.34	0.24	0.2	0.31	
acceptance ratio for synthesis rate:
	 acceptance ratio to low: 189
	 acceptance ratio to high: 143
Status at iteration 11600
	 current logLikelihood: -1.14617e+06
	 current Sphi estimate: 1.78569
	 current Sphi proposal width: 0.0599504
	 current Mixture element probability for element 0: 1
acceptance ratio for amino acid:
	A	C	D	E	F	G	H	I	K	L	N	P	Q	R	S	T	V	Y	Z	
	0.11	0.25	0.22	0.28	0.21	0.3	0.27	0.24	0.18	0.22	0.4	0.24	0.23	0.39	0.38	0.21	0.26	0.33	0.13	
acceptance ratio for synthesis rate:
	 acceptance ratio to low: 131
	 acceptance ratio to high: 200
Status at iteration 11700
	 current logLikelihood: -1.14614e+06
	 current Sphi estimate: 1.74336
	 current Sphi proposal width: 0.0599504
	 current Mixture element probability for element 0: 1
acceptance ratio for amino acid:
	A	C	D	E	F	G	H	I	K	L	N	P	Q	R	S	T	V	Y	Z	
	0.26	0.22	0.18	0.22	0.24	0.26	0.25	0.2	0.27	0.29	0.23	0.2	0.3	0.13	0.16	0.22	0.28	0.18	0.18	
acceptance ratio for synthesis rate:
	 acceptance ratio to low: 132
	 acceptance ratio to high: 216
Status at iteration 11800
	 current logLikelihood: -1.14602e+06
	 current Sphi estimate: 1.79458
	 current Sphi proposal width: 0.0599504
	 current Mixture element probability for element 0: 1
