
R version 3.1.1 (2014-07-10) -- "Sock it to Me"
Copyright (C) 2014 The R Foundation for Statistical Computing
Platform: x86_64-pc-linux-gnu (64-bit)

R is free software and comes with ABSOLUTELY NO WARRANTY.
You are welcome to redistribute it under certain conditions.
Type 'license()' or 'licence()' for distribution details.

  Natural language support but running in an English locale

R is a collaborative project with many contributors.
Type 'contributors()' for more information and
'citation()' on how to cite R or R packages in publications.

Type 'demo()' for some demos, 'help()' for on-line help, or
'help.start()' for an HTML browser interface to help.
Type 'q()' to quit R.

> library(ribModel)
> rm(list=ls())
> 
> with.phi <- FALSE
> 
> if (with.phi) {
+   genome <- initializeGenomeObject(file = "../ribModel/data/simulatedAllUniqueR.fasta", expression.file = "../ribModel/data/simulatedAllUniqueR_phi.csv")
+ } else {
+   #genome <- initializeGenomeObject(file = "../ribModel/data/simulatedAllUniqueR.fasta")
+   genome <- initializeGenomeObject(file = "../ribModel/data/simulatedOneMix.fasta")
+ }
> 
> #initialize parameter object
> sphi_init <- 1
> numMixtures <- 1
> mixDef <- "allUnique"
> #geneAssignment <- c(rep(1,500), rep(2,500))
> geneAssignment <- rep(1,1000)
> parameter <- initializeParameterObject(genome, sphi_init, numMixtures, geneAssignment, split.serine = TRUE, mixture.definition = mixDef)
> 
> # initialize MCMC object
> samples <- 6000
> thining <- 10
> adaptiveWidth <- 10
> divergence.iteration <- 50
> mcmc <- initializeMCMCObject(samples, thining, adaptive.width=adaptiveWidth, 
+                              est.expression=TRUE, est.csp=TRUE, est.hyper=TRUE)
> 
> # get model object
> model <- initializeModelObject(parameter, "ROC", with.phi = with.phi)
> 
> #run mcmc on genome with parameter using model
> system.time(
+   runMCMC(mcmc, genome, model, 4, divergence.iteration)
+ )
Allowing divergence from initial conditions for 50 iterations.

maxGrouping: 22
entering MCMC loop
	Estimate Codon Specific Parameters? TRUE
	Estimate Hyper Parameters? TRUE
	Estimate SynthesisRate Parameters? TRUE
	Starting MCMC with 60000 iterations
Status at iteration 100
	 current logLikelihood: -1.16403e+06
	 current Sphi estimate: 1.01251
	 current Sphi proposal width: 0.1
	 current Mixture element probability for element 0: 1
acceptance ratio for amino acid:
	A	C	D	E	F	G	H	I	K	L	N	P	Q	R	S	T	V	Y	Z	
	0.64	0.68	0.68	0.6	0.63	0.64	0.69	0.78	0.7	0.68	0.72	0.72	0.69	0.72	0.72	0.72	0.75	0.7	0.64	
acceptance ratio for synthesis rate:
	 acceptance ratio to low: 0
	 acceptance ratio to high: 1000
Status at iteration 200
	 current logLikelihood: -1.15353e+06
	 current Sphi estimate: 1.08612
	 current Sphi proposal width: 0.12
	 current Mixture element probability for element 0: 1
acceptance ratio for amino acid:
	A	C	D	E	F	G	H	I	K	L	N	P	Q	R	S	T	V	Y	Z	
	0	0.05	0.01	0.04	0.01	0.02	0	0.08	0.02	0.03	0.02	0.09	0.03	0.02	0.06	0.03	0.04	0.01	0.02	
acceptance ratio for synthesis rate:
	 acceptance ratio to low: 0
	 acceptance ratio to high: 987
Status at iteration 300
	 current logLikelihood: -1.15061e+06
	 current Sphi estimate: 1.05758
	 current Sphi proposal width: 0.096
	 current Mixture element probability for element 0: 1
acceptance ratio for amino acid:
	A	C	D	E	F	G	H	I	K	L	N	P	Q	R	S	T	V	Y	Z	
	0.03	0	0.05	0.05	0.01	0.01	0	0.01	0.02	0.07	0.03	0.02	0.02	0.08	0.02	0.03	0.02	0.02	0	
acceptance ratio for synthesis rate:
	 acceptance ratio to low: 1
	 acceptance ratio to high: 971
Status at iteration 400
	 current logLikelihood: -1.14959e+06
	 current Sphi estimate: 1.10508
	 current Sphi proposal width: 0.096
	 current Mixture element probability for element 0: 1
acceptance ratio for amino acid:
	A	C	D	E	F	G	H	I	K	L	N	P	Q	R	S	T	V	Y	Z	
	0.03	0.03	0.03	0.01	0.04	0.06	0.03	0.03	0.01	0.06	0.01	0.03	0.01	0.03	0.04	0.01	0.01	0.02	0	
acceptance ratio for synthesis rate:
	 acceptance ratio to low: 3
	 acceptance ratio to high: 934
Status at iteration 500
	 current logLikelihood: -1.14882e+06
	 current Sphi estimate: 1.0882
	 current Sphi proposal width: 0.096
	 current Mixture element probability for element 0: 1
acceptance ratio for amino acid:
	A	C	D	E	F	G	H	I	K	L	N	P	Q	R	S	T	V	Y	Z	
	0.01	0.02	0.03	0.01	0.01	0.08	0.02	0.01	0.03	0.05	0.02	0.08	0	0.06	0.02	0.01	0.04	0.02	0	
acceptance ratio for synthesis rate:
	 acceptance ratio to low: 5
	 acceptance ratio to high: 905
Status at iteration 600
	 current logLikelihood: -1.14853e+06
	 current Sphi estimate: 1.12978
	 current Sphi proposal width: 0.1152
	 current Mixture element probability for element 0: 1
acceptance ratio for amino acid:
	A	C	D	E	F	G	H	I	K	L	N	P	Q	R	S	T	V	Y	Z	
	0.04	0.03	0.02	0.04	0.03	0	0.02	0	0.02	0.07	0.01	0.04	0.02	0.18	0.07	0.02	0.03	0	0	
acceptance ratio for synthesis rate:
	 acceptance ratio to low: 9
	 acceptance ratio to high: 845
Status at iteration 700
	 current logLikelihood: -1.14828e+06
	 current Sphi estimate: 1.1376
	 current Sphi proposal width: 0.1152
	 current Mixture element probability for element 0: 1
acceptance ratio for amino acid:
	A	C	D	E	F	G	H	I	K	L	N	P	Q	R	S	T	V	Y	Z	
	0.03	0.01	0.03	0.04	0.04	0.04	0.05	0.02	0.01	0.16	0.05	0.09	0.03	0.13	0.03	0	0.03	0	0	
acceptance ratio for synthesis rate:
	 acceptance ratio to low: 18
	 acceptance ratio to high: 772
Status at iteration 800
	 current logLikelihood: -1.14793e+06
	 current Sphi estimate: 1.14504
	 current Sphi proposal width: 0.09216
	 current Mixture element probability for element 0: 1
acceptance ratio for amino acid:
	A	C	D	E	F	G	H	I	K	L	N	P	Q	R	S	T	V	Y	Z	
	0.04	0.11	0	0.07	0.05	0.05	0.01	0.03	0.04	0.27	0.07	0.16	0.01	0.38	0.06	0.02	0.05	0.04	0	
acceptance ratio for synthesis rate:
	 acceptance ratio to low: 26
	 acceptance ratio to high: 727
Status at iteration 900
	 current logLikelihood: -1.14776e+06
	 current Sphi estimate: 1.19817
	 current Sphi proposal width: 0.09216
	 current Mixture element probability for element 0: 1
acceptance ratio for amino acid:
	A	C	D	E	F	G	H	I	K	L	N	P	Q	R	S	T	V	Y	Z	
	0.23	0.04	0.04	0.03	0.05	0.06	0	0.02	0.05	0.32	0.04	0.17	0.04	0.17	0.05	0.1	0.07	0.07	0.07	
acceptance ratio for synthesis rate:
	 acceptance ratio to low: 40
	 acceptance ratio to high: 639
Status at iteration 1000
	 current logLikelihood: -1.14752e+06
	 current Sphi estimate: 1.20813
	 current Sphi proposal width: 0.073728
	 current Mixture element probability for element 0: 1
acceptance ratio for amino acid:
	A	C	D	E	F	G	H	I	K	L	N	P	Q	R	S	T	V	Y	Z	
	0.07	0.04	0.01	0.04	0.05	0.15	0.08	0.07	0.01	0.08	0.02	0.23	0.04	0.39	0.18	0.14	0.15	0.03	0.04	
acceptance ratio for synthesis rate:
	 acceptance ratio to low: 41
	 acceptance ratio to high: 623
Status at iteration 1100
	 current logLikelihood: -1.14743e+06
	 current Sphi estimate: 1.27537
	 current Sphi proposal width: 0.073728
	 current Mixture element probability for element 0: 1
acceptance ratio for amino acid:
	A	C	D	E	F	G	H	I	K	L	N	P	Q	R	S	T	V	Y	Z	
	0.15	0.03	0.02	0.07	0.05	0.37	0.06	0.09	0.02	0.28	0.04	0.16	0.04	0.13	0.21	0.26	0.22	0.09	0.04	
acceptance ratio for synthesis rate:
	 acceptance ratio to low: 31
	 acceptance ratio to high: 602
Status at iteration 1200
	 current logLikelihood: -1.1473e+06
	 current Sphi estimate: 1.32741
	 current Sphi proposal width: 0.0884736
	 current Mixture element probability for element 0: 1
acceptance ratio for amino acid:
	A	C	D	E	F	G	H	I	K	L	N	P	Q	R	S	T	V	Y	Z	
	0.19	0.05	0.06	0.07	0.03	0.06	0.05	0.1	0.04	0.32	0.07	0.25	0.06	0.4	0.24	0.26	0.17	0.1	0.12	
acceptance ratio for synthesis rate:
	 acceptance ratio to low: 32
	 acceptance ratio to high: 575
Status at iteration 1300
	 current logLikelihood: -1.14715e+06
	 current Sphi estimate: 1.47069
	 current Sphi proposal width: 0.0707789
	 current Mixture element probability for element 0: 1
acceptance ratio for amino acid:
	A	C	D	E	F	G	H	I	K	L	N	P	Q	R	S	T	V	Y	Z	
	0.44	0.08	0.02	0.1	0.1	0.26	0.04	0.24	0.07	0.13	0.05	0.39	0.08	0.23	0.26	0.21	0.34	0.07	0.03	
acceptance ratio for synthesis rate:
	 acceptance ratio to low: 56
	 acceptance ratio to high: 542
Status at iteration 1400
	 current logLikelihood: -1.14679e+06
	 current Sphi estimate: 1.60564
	 current Sphi proposal width: 0.0707789
	 current Mixture element probability for element 0: 1
acceptance ratio for amino acid:
	A	C	D	E	F	G	H	I	K	L	N	P	Q	R	S	T	V	Y	Z	
	0.26	0.06	0.06	0.11	0.08	0.35	0.07	0.18	0.08	0.35	0.07	0.15	0.05	0.33	0.14	0.32	0.21	0.11	0.1	
acceptance ratio for synthesis rate:
	 acceptance ratio to low: 37
	 acceptance ratio to high: 585
Status at iteration 1500
	 current logLikelihood: -1.14659e+06
	 current Sphi estimate: 1.76778
	 current Sphi proposal width: 0.0707789
	 current Mixture element probability for element 0: 1
acceptance ratio for amino acid:
	A	C	D	E	F	G	H	I	K	L	N	P	Q	R	S	T	V	Y	Z	
	0.22	0.07	0.12	0.11	0.08	0.14	0.05	0.39	0.06	0.17	0.08	0.26	0.1	0.12	0.3	0.19	0.3	0.06	0.12	
acceptance ratio for synthesis rate:
	 acceptance ratio to low: 29
	 acceptance ratio to high: 636
Status at iteration 1600
	 current logLikelihood: -1.14644e+06
	 current Sphi estimate: 1.79952
	 current Sphi proposal width: 0.0707789
	 current Mixture element probability for element 0: 1
acceptance ratio for amino acid:
	A	C	D	E	F	G	H	I	K	L	N	P	Q	R	S	T	V	Y	Z	
	0.33	0.13	0.12	0.1	0.1	0.3	0.04	0.17	0.09	0.32	0.11	0.28	0.08	0.3	0.32	0.29	0.24	0.16	0.09	
acceptance ratio for synthesis rate:
	 acceptance ratio to low: 39
	 acceptance ratio to high: 602
Status at iteration 1700
	 current logLikelihood: -1.14619e+06
	 current Sphi estimate: 1.86143
	 current Sphi proposal width: 0.0707789
	 current Mixture element probability for element 0: 1
acceptance ratio for amino acid:
	A	C	D	E	F	G	H	I	K	L	N	P	Q	R	S	T	V	Y	Z	
	0.15	0.16	0.19	0.18	0.08	0.24	0.11	0.25	0.1	0.14	0.14	0.3	0.17	0.24	0.2	0.28	0.23	0.16	0.13	
acceptance ratio for synthesis rate:
	 acceptance ratio to low: 53
	 acceptance ratio to high: 595
Status at iteration 1800
	 current logLikelihood: -1.14619e+06
	 current Sphi estimate: 1.81277
	 current Sphi proposal width: 0.0707789
	 current Mixture element probability for element 0: 1
acceptance ratio for amino acid:
	A	C	D	E	F	G	H	I	K	L	N	P	Q	R	S	T	V	Y	Z	
	0.39	0.18	0.2	0.1	0.16	0.32	0.12	0.33	0.14	0.37	0.18	0.34	0.21	0.26	0.25	0.24	0.26	0.1	0.12	
acceptance ratio for synthesis rate:
	 acceptance ratio to low: 67
	 acceptance ratio to high: 527
Status at iteration 1900
	 current logLikelihood: -1.14636e+06
	 current Sphi estimate: 1.77597
	 current Sphi proposal width: 0.0566231
	 current Mixture element probability for element 0: 1
acceptance ratio for amino acid:
	A	C	D	E	F	G	H	I	K	L	N	P	Q	R	S	T	V	Y	Z	
	0.17	0.17	0.12	0.14	0.12	0.11	0.27	0.26	0.19	0.19	0.18	0.12	0.23	0.25	0.19	0.21	0.27	0.13	0.15	
acceptance ratio for synthesis rate:
	 acceptance ratio to low: 81
	 acceptance ratio to high: 412
Status at iteration 2000
	 current logLikelihood: -1.14631e+06
	 current Sphi estimate: 1.76722
	 current Sphi proposal width: 0.0679477
	 current Mixture element probability for element 0: 1
acceptance ratio for amino acid:
	A	C	D	E	F	G	H	I	K	L	N	P	Q	R	S	T	V	Y	Z	
	0.38	0.22	0.19	0.21	0.14	0.23	0.17	0.1	0.11	0.4	0.18	0.25	0.15	0.31	0.38	0.26	0.33	0.17	0.19	
acceptance ratio for synthesis rate:
	 acceptance ratio to low: 88
	 acceptance ratio to high: 302
Status at iteration 2100
	 current logLikelihood: -1.14614e+06
	 current Sphi estimate: 1.81136
	 current Sphi proposal width: 0.0679477
	 current Mixture element probability for element 0: 1
acceptance ratio for amino acid:
	A	C	D	E	F	G	H	I	K	L	N	P	Q	R	S	T	V	Y	Z	
	0.19	0.23	0.23	0.22	0.22	0.29	0.19	0.23	0.24	0.22	0.2	0.3	0.22	0.1	0.32	0.24	0.21	0.23	0.16	
acceptance ratio for synthesis rate:
	 acceptance ratio to low: 131
	 acceptance ratio to high: 203
Status at iteration 2200
	 current logLikelihood: -1.14622e+06
	 current Sphi estimate: 1.78013
	 current Sphi proposal width: 0.0679477
	 current Mixture element probability for element 0: 1
acceptance ratio for amino acid:
	A	C	D	E	F	G	H	I	K	L	N	P	Q	R	S	T	V	Y	Z	
	0.3	0.21	0.11	0.26	0.28	0.31	0.16	0.32	0.24	0.18	0.22	0.26	0.24	0.25	0.15	0.31	0.06	0.34	0.28	
acceptance ratio for synthesis rate:
	 acceptance ratio to low: 148
	 acceptance ratio to high: 228
Status at iteration 2300
	 current logLikelihood: -1.14614e+06
	 current Sphi estimate: 1.81974
	 current Sphi proposal width: 0.0543582
	 current Mixture element probability for element 0: 1
acceptance ratio for amino acid:
	A	C	D	E	F	G	H	I	K	L	N	P	Q	R	S	T	V	Y	Z	
	0.36	0.22	0.3	0.24	0.19	0.13	0.22	0.23	0.26	0.52	0.24	0.27	0.16	0.31	0.31	0.21	0.25	0.17	0.3	
acceptance ratio for synthesis rate:
	 acceptance ratio to low: 100
	 acceptance ratio to high: 271
Status at iteration 2400
	 current logLikelihood: -1.14628e+06
	 current Sphi estimate: 1.79474
	 current Sphi proposal width: 0.0652298
	 current Mixture element probability for element 0: 1
acceptance ratio for amino acid:
	A	C	D	E	F	G	H	I	K	L	N	P	Q	R	S	T	V	Y	Z	
	0.24	0.32	0.18	0.32	0.24	0.23	0.26	0.19	0.25	0.42	0.2	0.27	0.24	0.14	0.19	0.14	0.26	0.25	0.27	
acceptance ratio for synthesis rate:
	 acceptance ratio to low: 128
	 acceptance ratio to high: 236
Status at iteration 2500
	 current logLikelihood: -1.14614e+06
	 current Sphi estimate: 1.77303
	 current Sphi proposal width: 0.0652298
	 current Mixture element probability for element 0: 1
acceptance ratio for amino acid:
	A	C	D	E	F	G	H	I	K	L	N	P	Q	R	S	T	V	Y	Z	
	0.2	0.26	0.2	0.18	0.17	0.25	0.22	0.28	0.29	0.11	0.23	0.32	0.34	0.24	0.3	0.23	0.28	0.32	0.19	
acceptance ratio for synthesis rate:
	 acceptance ratio to low: 121
	 acceptance ratio to high: 218
Status at iteration 2600
	 current logLikelihood: -1.14612e+06
	 current Sphi estimate: 1.83821
	 current Sphi proposal width: 0.0521839
	 current Mixture element probability for element 0: 1
acceptance ratio for amino acid:
	A	C	D	E	F	G	H	I	K	L	N	P	Q	R	S	T	V	Y	Z	
	0.29	0.2	0.22	0.2	0.31	0.23	0.22	0.29	0.19	0.25	0.25	0.2	0.22	0.24	0.3	0.21	0.24	0.17	0.29	
acceptance ratio for synthesis rate:
	 acceptance ratio to low: 134
	 acceptance ratio to high: 200
Status at iteration 2700
	 current logLikelihood: -1.14621e+06
	 current Sphi estimate: 1.82002
	 current Sphi proposal width: 0.0521839
	 current Mixture element probability for element 0: 1
acceptance ratio for amino acid:
	A	C	D	E	F	G	H	I	K	L	N	P	Q	R	S	T	V	Y	Z	
	0.21	0.16	0.29	0.26	0.29	0.34	0.34	0.37	0.22	0.33	0.16	0.22	0.23	0.31	0.33	0.31	0.26	0.28	0.23	
acceptance ratio for synthesis rate:
	 acceptance ratio to low: 121
	 acceptance ratio to high: 243
Status at iteration 2800
	 current logLikelihood: -1.1462e+06
	 current Sphi estimate: 1.78374
	 current Sphi proposal width: 0.0626206
	 current Mixture element probability for element 0: 1
acceptance ratio for amino acid:
	A	C	D	E	F	G	H	I	K	L	N	P	Q	R	S	T	V	Y	Z	
	0.24	0.16	0.31	0.25	0.27	0.17	0.22	0.29	0.27	0.19	0.27	0.21	0.26	0.16	0.13	0.22	0.27	0.27	0.22	
acceptance ratio for synthesis rate:
	 acceptance ratio to low: 152
	 acceptance ratio to high: 190
Status at iteration 2900
	 current logLikelihood: -1.1463e+06
	 current Sphi estimate: 1.78436
	 current Sphi proposal width: 0.0626206
	 current Mixture element probability for element 0: 1
acceptance ratio for amino acid:
	A	C	D	E	F	G	H	I	K	L	N	P	Q	R	S	T	V	Y	Z	
	0.21	0.24	0.25	0.2	0.29	0.3	0.28	0.27	0.33	0.37	0.23	0.23	0.24	0.26	0.27	0.19	0.18	0.31	0.29	
acceptance ratio for synthesis rate:
	 acceptance ratio to low: 176
	 acceptance ratio to high: 212
Status at iteration 3000
	 current logLikelihood: -1.14626e+06
	 current Sphi estimate: 1.77324
	 current Sphi proposal width: 0.0626206
	 current Mixture element probability for element 0: 1
acceptance ratio for amino acid:
	A	C	D	E	F	G	H	I	K	L	N	P	Q	R	S	T	V	Y	Z	
	0.17	0.17	0.16	0.26	0.32	0.4	0.19	0.22	0.26	0.16	0.2	0.19	0.16	0.29	0.36	0.19	0.32	0.22	0.3	
acceptance ratio for synthesis rate:
	 acceptance ratio to low: 163
	 acceptance ratio to high: 176
Status at iteration 3100
	 current logLikelihood: -1.14644e+06
	 current Sphi estimate: 1.74775
	 current Sphi proposal width: 0.0626206
	 current Mixture element probability for element 0: 1
acceptance ratio for amino acid:
	A	C	D	E	F	G	H	I	K	L	N	P	Q	R	S	T	V	Y	Z	
	0.37	0.23	0.25	0.2	0.19	0.21	0.28	0.27	0.17	0.35	0.22	0.31	0.21	0.29	0.23	0.51	0.28	0.14	0.28	
acceptance ratio for synthesis rate:
	 acceptance ratio to low: 151
	 acceptance ratio to high: 180
Status at iteration 3200
	 current logLikelihood: -1.14629e+06
	 current Sphi estimate: 1.7208
	 current Sphi proposal width: 0.0626206
	 current Mixture element probability for element 0: 1
acceptance ratio for amino acid:
	A	C	D	E	F	G	H	I	K	L	N	P	Q	R	S	T	V	Y	Z	
	0.27	0.33	0.23	0.18	0.21	0.23	0.18	0.25	0.21	0.2	0.31	0.17	0.18	0.31	0.25	0.33	0.36	0.3	0.26	
acceptance ratio for synthesis rate:
	 acceptance ratio to low: 158
	 acceptance ratio to high: 188
Status at iteration 3300
	 current logLikelihood: -1.14637e+06
	 current Sphi estimate: 1.73788
	 current Sphi proposal width: 0.0626206
	 current Mixture element probability for element 0: 1
acceptance ratio for amino acid:
	A	C	D	E	F	G	H	I	K	L	N	P	Q	R	S	T	V	Y	Z	
	0.32	0.24	0.26	0.22	0.38	0.24	0.31	0.2	0.29	0.3	0.22	0.27	0.29	0.12	0.25	0.26	0.22	0.25	0.26	
acceptance ratio for synthesis rate:
	 acceptance ratio to low: 164
	 acceptance ratio to high: 195
Status at iteration 3400
	 current logLikelihood: -1.14621e+06
	 current Sphi estimate: 1.73183
	 current Sphi proposal width: 0.0500965
	 current Mixture element probability for element 0: 1
acceptance ratio for amino acid:
	A	C	D	E	F	G	H	I	K	L	N	P	Q	R	S	T	V	Y	Z	
	0.11	0.31	0.15	0.18	0.23	0.24	0.29	0.23	0.22	0.23	0.27	0.35	0.22	0.34	0.16	0.26	0.18	0.19	0.36	
acceptance ratio for synthesis rate:
	 acceptance ratio to low: 137
	 acceptance ratio to high: 190
Status at iteration 3500
	 current logLikelihood: -1.14626e+06
	 current Sphi estimate: 1.81614
	 current Sphi proposal width: 0.0500965
	 current Mixture element probability for element 0: 1
acceptance ratio for amino acid:
	A	C	D	E	F	G	H	I	K	L	N	P	Q	R	S	T	V	Y	Z	
	0.35	0.25	0.27	0.36	0.23	0.34	0.31	0.27	0.22	0.24	0.21	0.16	0.32	0.14	0.28	0.2	0.23	0.32	0.28	
acceptance ratio for synthesis rate:
	 acceptance ratio to low: 135
	 acceptance ratio to high: 208
Status at iteration 3600
	 current logLikelihood: -1.14631e+06
	 current Sphi estimate: 1.71074
	 current Sphi proposal width: 0.0500965
	 current Mixture element probability for element 0: 1
acceptance ratio for amino acid:
	A	C	D	E	F	G	H	I	K	L	N	P	Q	R	S	T	V	Y	Z	
	0.2	0.26	0.21	0.24	0.24	0.03	0.2	0.24	0.3	0.19	0.25	0.38	0.2	0.44	0.26	0.2	0.31	0.25	0.26	
acceptance ratio for synthesis rate:
	 acceptance ratio to low: 174
	 acceptance ratio to high: 201
Status at iteration 3700
	 current logLikelihood: -1.14616e+06
	 current Sphi estimate: 1.68298
	 current Sphi proposal width: 0.0500965
	 current Mixture element probability for element 0: 1
acceptance ratio for amino acid:
	A	C	D	E	F	G	H	I	K	L	N	P	Q	R	S	T	V	Y	Z	
	0.16	0.31	0.25	0.28	0.27	0.27	0.21	0.21	0.27	0.45	0.32	0.21	0.26	0.14	0.37	0.21	0.23	0.18	0.2	
acceptance ratio for synthesis rate:
	 acceptance ratio to low: 131
	 acceptance ratio to high: 219
Status at iteration 3800
	 current logLikelihood: -1.14627e+06
	 current Sphi estimate: 1.69431
	 current Sphi proposal width: 0.0500965
	 current Mixture element probability for element 0: 1
acceptance ratio for amino acid:
	A	C	D	E	F	G	H	I	K	L	N	P	Q	R	S	T	V	Y	Z	
	0.29	0.16	0.22	0.31	0.2	0.29	0.29	0.16	0.15	0.16	0.18	0.23	0.27	0.47	0.25	0.11	0.26	0.33	0.24	
acceptance ratio for synthesis rate:
	 acceptance ratio to low: 127
	 acceptance ratio to high: 228
Status at iteration 3900
	 current logLikelihood: -1.14634e+06
	 current Sphi estimate: 1.73746
	 current Sphi proposal width: 0.0601158
	 current Mixture element probability for element 0: 1
acceptance ratio for amino acid:
	A	C	D	E	F	G	H	I	K	L	N	P	Q	R	S	T	V	Y	Z	
	0.41	0.28	0.3	0.28	0.33	0.22	0.27	0.33	0.34	0.49	0.22	0.21	0.26	0.3	0.29	0.37	0.14	0.21	0.29	
acceptance ratio for synthesis rate:
	 acceptance ratio to low: 139
	 acceptance ratio to high: 218
Status at iteration 4000
	 current logLikelihood: -1.14634e+06
	 current Sphi estimate: 1.72394
	 current Sphi proposal width: 0.0601158
	 current Mixture element probability for element 0: 1
acceptance ratio for amino acid:
	A	C	D	E	F	G	H	I	K	L	N	P	Q	R	S	T	V	Y	Z	
	0.22	0.27	0.28	0.33	0.21	0.25	0.29	0.25	0.26	0.32	0.27	0.25	0.26	0.21	0.19	0.21	0.36	0.26	0.22	
acceptance ratio for synthesis rate:
	 acceptance ratio to low: 162
	 acceptance ratio to high: 161
Status at iteration 4100
	 current logLikelihood: -1.14639e+06
	 current Sphi estimate: 1.71684
	 current Sphi proposal width: 0.0601158
	 current Mixture element probability for element 0: 1
acceptance ratio for amino acid:
	A	C	D	E	F	G	H	I	K	L	N	P	Q	R	S	T	V	Y	Z	
	0.19	0.27	0.18	0.17	0.25	0.23	0.23	0.25	0.25	0.12	0.24	0.19	0.21	0.26	0.3	0.25	0.21	0.22	0.23	
acceptance ratio for synthesis rate:
	 acceptance ratio to low: 150
	 acceptance ratio to high: 198
Status at iteration 4200
	 current logLikelihood: -1.14619e+06
	 current Sphi estimate: 1.74344
	 current Sphi proposal width: 0.0601158
	 current Mixture element probability for element 0: 1
acceptance ratio for amino acid:
	A	C	D	E	F	G	H	I	K	L	N	P	Q	R	S	T	V	Y	Z	
	0.34	0.26	0.34	0.3	0.28	0.27	0.33	0.34	0.24	0.3	0.22	0.42	0.28	0.26	0.37	0.23	0.19	0.3	0.27	
acceptance ratio for synthesis rate:
	 acceptance ratio to low: 122
	 acceptance ratio to high: 224
Status at iteration 4300
	 current logLikelihood: -1.14631e+06
	 current Sphi estimate: 1.71536
	 current Sphi proposal width: 0.0601158
	 current Mixture element probability for element 0: 1
acceptance ratio for amino acid:
	A	C	D	E	F	G	H	I	K	L	N	P	Q	R	S	T	V	Y	Z	
	0.26	0.27	0.33	0.23	0.17	0.29	0.18	0.13	0.28	0.44	0.26	0.23	0.31	0.21	0.17	0.28	0.38	0.28	0.19	
acceptance ratio for synthesis rate:
	 acceptance ratio to low: 152
	 acceptance ratio to high: 208
Status at iteration 4400
	 current logLikelihood: -1.14635e+06
	 current Sphi estimate: 1.69393
	 current Sphi proposal width: 0.0601158
	 current Mixture element probability for element 0: 1
acceptance ratio for amino acid:
	A	C	D	E	F	G	H	I	K	L	N	P	Q	R	S	T	V	Y	Z	
	0.21	0.25	0.24	0.28	0.21	0.22	0.3	0.33	0.33	0.2	0.28	0.2	0.2	0.27	0.32	0.32	0.31	0.32	0.29	
acceptance ratio for synthesis rate:
	 acceptance ratio to low: 136
	 acceptance ratio to high: 209
Status at iteration 4500
	 current logLikelihood: -1.14636e+06
	 current Sphi estimate: 1.80334
	 current Sphi proposal width: 0.0601158
	 current Mixture element probability for element 0: 1
acceptance ratio for amino acid:
	A	C	D	E	F	G	H	I	K	L	N	P	Q	R	S	T	V	Y	Z	
	0.33	0.11	0.17	0.26	0.27	0.27	0.22	0.19	0.29	0.15	0.22	0.35	0.21	0.28	0.32	0.18	0.11	0.24	0.22	
acceptance ratio for synthesis rate:
	 acceptance ratio to low: 103
	 acceptance ratio to high: 267
Status at iteration 4600
	 current logLikelihood: -1.14606e+06
	 current Sphi estimate: 1.82692
	 current Sphi proposal width: 0.0601158
	 current Mixture element probability for element 0: 1
acceptance ratio for amino acid:
	A	C	D	E	F	G	H	I	K	L	N	P	Q	R	S	T	V	Y	Z	
	0.11	0.24	0.27	0.35	0.25	0.26	0.22	0.29	0.15	0.42	0.31	0.18	0.24	0.33	0.17	0.24	0.36	0.15	0.32	
acceptance ratio for synthesis rate:
	 acceptance ratio to low: 97
	 acceptance ratio to high: 308
Status at iteration 4700
	 current logLikelihood: -1.14616e+06
	 current Sphi estimate: 1.74614
	 current Sphi proposal width: 0.0601158
	 current Mixture element probability for element 0: 1
acceptance ratio for amino acid:
	A	C	D	E	F	G	H	I	K	L	N	P	Q	R	S	T	V	Y	Z	
	0.21	0.31	0.19	0.23	0.24	0.24	0.29	0.23	0.34	0.16	0.16	0.19	0.29	0.06	0.31	0.23	0.21	0.26	0.33	
acceptance ratio for synthesis rate:
	 acceptance ratio to low: 146
	 acceptance ratio to high: 179
Status at iteration 4800
	 current logLikelihood: -1.14646e+06
	 current Sphi estimate: 1.8099
	 current Sphi proposal width: 0.0601158
	 current Mixture element probability for element 0: 1
acceptance ratio for amino acid:
	A	C	D	E	F	G	H	I	K	L	N	P	Q	R	S	T	V	Y	Z	
	0.18	0.2	0.3	0.15	0.25	0.26	0.19	0.23	0.28	0.5	0.29	0.36	0.23	0.35	0.24	0.17	0.17	0.27	0.24	
acceptance ratio for synthesis rate:
	 acceptance ratio to low: 160
	 acceptance ratio to high: 196
Status at iteration 4900
	 current logLikelihood: -1.14627e+06
	 current Sphi estimate: 1.75319
	 current Sphi proposal width: 0.0601158
	 current Mixture element probability for element 0: 1
acceptance ratio for amino acid:
	A	C	D	E	F	G	H	I	K	L	N	P	Q	R	S	T	V	Y	Z	
	0.4	0.26	0.33	0.27	0.24	0.24	0.32	0.28	0.22	0.24	0.23	0.3	0.25	0.13	0.24	0.38	0.19	0.25	0.18	
acceptance ratio for synthesis rate:
	 acceptance ratio to low: 163
	 acceptance ratio to high: 202
Status at iteration 5000
	 current logLikelihood: -1.14624e+06
	 current Sphi estimate: 1.78097
	 current Sphi proposal width: 0.0601158
	 current Mixture element probability for element 0: 1
acceptance ratio for amino acid:
	A	C	D	E	F	G	H	I	K	L	N	P	Q	R	S	T	V	Y	Z	
	0.3	0.33	0.35	0.3	0.27	0.13	0.25	0.26	0.25	0.3	0.29	0.23	0.26	0.26	0.28	0.27	0.46	0.19	0.18	
acceptance ratio for synthesis rate:
	 acceptance ratio to low: 143
	 acceptance ratio to high: 190
##################################################
Geweke Score after 4999 iterations: -2.33643
##################################################
Status at iteration 5100
	 current logLikelihood: -1.14611e+06
	 current Sphi estimate: 1.74815
	 current Sphi proposal width: 0.0601158
	 current Mixture element probability for element 0: 1
acceptance ratio for amino acid:
	A	C	D	E	F	G	H	I	K	L	N	P	Q	R	S	T	V	Y	Z	
	0.3	0.16	0.19	0.3	0.38	0.43	0.18	0.32	0.27	0.27	0.28	0.34	0.25	0.35	0.2	0.33	0.28	0.28	0.45	
acceptance ratio for synthesis rate:
	 acceptance ratio to low: 140
	 acceptance ratio to high: 249
Status at iteration 5200
	 current logLikelihood: -1.14618e+06
	 current Sphi estimate: 1.73705
	 current Sphi proposal width: 0.0480926
	 current Mixture element probability for element 0: 1
acceptance ratio for amino acid:
	A	C	D	E	F	G	H	I	K	L	N	P	Q	R	S	T	V	Y	Z	
	0.24	0.19	0.26	0.26	0.18	0.32	0.27	0.2	0.24	0.23	0.25	0.29	0.18	0.15	0.25	0.14	0.27	0.33	0.24	
acceptance ratio for synthesis rate:
	 acceptance ratio to low: 145
	 acceptance ratio to high: 186
Status at iteration 5300
	 current logLikelihood: -1.1461e+06
	 current Sphi estimate: 1.7636
	 current Sphi proposal width: 0.0577112
	 current Mixture element probability for element 0: 1
acceptance ratio for amino acid:
	A	C	D	E	F	G	H	I	K	L	N	P	Q	R	S	T	V	Y	Z	
	0.26	0.25	0.23	0.31	0.15	0.22	0.27	0.23	0.23	0.24	0.28	0.17	0.24	0.42	0.25	0.32	0.25	0.23	0.22	
acceptance ratio for synthesis rate:
	 acceptance ratio to low: 144
	 acceptance ratio to high: 229
Status at iteration 5400
	 current logLikelihood: -1.14634e+06
	 current Sphi estimate: 1.7095
	 current Sphi proposal width: 0.0692534
	 current Mixture element probability for element 0: 1
acceptance ratio for amino acid:
	A	C	D	E	F	G	H	I	K	L	N	P	Q	R	S	T	V	Y	Z	
	0.23	0.26	0.33	0.24	0.29	0.14	0.4	0.21	0.25	0.2	0.26	0.41	0.27	0.16	0.27	0.2	0.31	0.14	0.24	
acceptance ratio for synthesis rate:
	 acceptance ratio to low: 171
	 acceptance ratio to high: 164
Status at iteration 5500
	 current logLikelihood: -1.14657e+06
	 current Sphi estimate: 1.72471
	 current Sphi proposal width: 0.0554027
	 current Mixture element probability for element 0: 1
acceptance ratio for amino acid:
	A	C	D	E	F	G	H	I	K	L	N	P	Q	R	S	T	V	Y	Z	
	0.3	0.26	0.24	0.26	0.31	0.3	0.18	0.23	0.29	0.2	0.24	0.21	0.29	0.38	0.19	0.2	0.2	0.34	0.19	
acceptance ratio for synthesis rate:
	 acceptance ratio to low: 202
	 acceptance ratio to high: 175
Status at iteration 5600
	 current logLikelihood: -1.14623e+06
	 current Sphi estimate: 1.69947
	 current Sphi proposal width: 0.0664833
	 current Mixture element probability for element 0: 1
acceptance ratio for amino acid:
	A	C	D	E	F	G	H	I	K	L	N	P	Q	R	S	T	V	Y	Z	
	0.27	0.3	0.33	0.16	0.26	0.31	0.34	0.14	0.28	0.26	0.18	0.21	0.29	0.22	0.26	0.22	0.18	0.26	0.27	
acceptance ratio for synthesis rate:
	 acceptance ratio to low: 155
	 acceptance ratio to high: 188
Status at iteration 5700
	 current logLikelihood: -1.14626e+06
	 current Sphi estimate: 1.73139
	 current Sphi proposal width: 0.0664833
	 current Mixture element probability for element 0: 1
acceptance ratio for amino acid:
	A	C	D	E	F	G	H	I	K	L	N	P	Q	R	S	T	V	Y	Z	
	0.22	0.31	0.2	0.33	0.21	0.17	0.42	0.26	0.18	0.21	0.24	0.23	0.28	0.21	0.3	0.23	0.33	0.32	0.34	
acceptance ratio for synthesis rate:
	 acceptance ratio to low: 171
	 acceptance ratio to high: 171
Status at iteration 5800
	 current logLikelihood: -1.14624e+06
	 current Sphi estimate: 1.65271
	 current Sphi proposal width: 0.0664833
	 current Mixture element probability for element 0: 1
acceptance ratio for amino acid:
	A	C	D	E	F	G	H	I	K	L	N	P	Q	R	S	T	V	Y	Z	
	0.25	0.33	0.35	0.25	0.26	0.26	0.22	0.26	0.32	0.2	0.18	0.29	0.23	0.19	0.38	0.21	0.24	0.2	0.25	
acceptance ratio for synthesis rate:
	 acceptance ratio to low: 135
	 acceptance ratio to high: 211
Status at iteration 5900
	 current logLikelihood: -1.14636e+06
	 current Sphi estimate: 1.66108
	 current Sphi proposal width: 0.0664833
	 current Mixture element probability for element 0: 1
acceptance ratio for amino acid:
	A	C	D	E	F	G	H	I	K	L	N	P	Q	R	S	T	V	Y	Z	
	0.17	0.27	0.23	0.25	0.27	0.33	0.17	0.34	0.22	0.17	0.3	0.15	0.25	0.28	0.23	0.13	0.16	0.23	0.24	
acceptance ratio for synthesis rate:
	 acceptance ratio to low: 169
	 acceptance ratio to high: 183
Status at iteration 6000
	 current logLikelihood: -1.1464e+06
	 current Sphi estimate: 1.69066
	 current Sphi proposal width: 0.0664833
	 current Mixture element probability for element 0: 1
acceptance ratio for amino acid:
	A	C	D	E	F	G	H	I	K	L	N	P	Q	R	S	T	V	Y	Z	
	0.49	0.26	0.16	0.15	0.27	0.25	0.32	0.14	0.3	0.51	0.3	0.28	0.27	0.42	0.2	0.34	0.3	0.29	0.25	
acceptance ratio for synthesis rate:
	 acceptance ratio to low: 141
	 acceptance ratio to high: 200
Status at iteration 6100
	 current logLikelihood: -1.14628e+06
	 current Sphi estimate: 1.68863
	 current Sphi proposal width: 0.0664833
	 current Mixture element probability for element 0: 1
acceptance ratio for amino acid:
	A	C	D	E	F	G	H	I	K	L	N	P	Q	R	S	T	V	Y	Z	
	0.23	0.25	0.26	0.31	0.26	0.15	0.22	0.27	0.27	0.32	0.32	0.38	0.22	0.24	0.17	0.18	0.38	0.17	0.23	
acceptance ratio for synthesis rate:
	 acceptance ratio to low: 134
	 acceptance ratio to high: 230
Status at iteration 6200
	 current logLikelihood: -1.14625e+06
	 current Sphi estimate: 1.7254
	 current Sphi proposal width: 0.0664833
	 current Mixture element probability for element 0: 1
acceptance ratio for amino acid:
	A	C	D	E	F	G	H	I	K	L	N	P	Q	R	S	T	V	Y	Z	
	0.3	0.3	0.21	0.16	0.23	0.32	0.23	0.22	0.23	0.18	0.28	0.17	0.21	0.25	0.4	0.33	0.21	0.16	0.21	
acceptance ratio for synthesis rate:
	 acceptance ratio to low: 128
	 acceptance ratio to high: 226
Status at iteration 6300
	 current logLikelihood: -1.14653e+06
	 current Sphi estimate: 1.67592
	 current Sphi proposal width: 0.0664833
	 current Mixture element probability for element 0: 1
acceptance ratio for amino acid:
	A	C	D	E	F	G	H	I	K	L	N	P	Q	R	S	T	V	Y	Z	
	0.31	0.23	0.33	0.26	0.36	0.22	0.22	0.31	0.12	0.32	0.25	0.39	0.22	0.23	0.19	0.3	0.21	0.29	0.22	
acceptance ratio for synthesis rate:
	 acceptance ratio to low: 152
	 acceptance ratio to high: 232
Status at iteration 6400
	 current logLikelihood: -1.14631e+06
	 current Sphi estimate: 1.65172
	 current Sphi proposal width: 0.0664833
	 current Mixture element probability for element 0: 1
acceptance ratio for amino acid:
	A	C	D	E	F	G	H	I	K	L	N	P	Q	R	S	T	V	Y	Z	
	0.09	0.21	0.21	0.26	0.16	0.28	0.25	0.24	0.31	0.17	0.24	0.26	0.17	0.22	0.31	0.27	0.28	0.21	0.24	
acceptance ratio for synthesis rate:
	 acceptance ratio to low: 171
	 acceptance ratio to high: 187
Status at iteration 6500
	 current logLikelihood: -1.14662e+06
	 current Sphi estimate: 1.64624
	 current Sphi proposal width: 0.0797799
	 current Mixture element probability for element 0: 1
acceptance ratio for amino acid:
	A	C	D	E	F	G	H	I	K	L	N	P	Q	R	S	T	V	Y	Z	
	0.23	0.19	0.26	0.3	0.2	0.19	0.23	0.31	0.34	0.45	0.29	0.3	0.22	0.22	0.34	0.34	0.24	0.24	0.3	
acceptance ratio for synthesis rate:
	 acceptance ratio to low: 166
	 acceptance ratio to high: 204
Status at iteration 6600
	 current logLikelihood: -1.14647e+06
	 current Sphi estimate: 1.73446
	 current Sphi proposal width: 0.0797799
	 current Mixture element probability for element 0: 1
acceptance ratio for amino acid:
	A	C	D	E	F	G	H	I	K	L	N	P	Q	R	S	T	V	Y	Z	
	0.32	0.31	0.28	0.32	0.37	0.4	0.2	0.16	0.27	0.14	0.39	0.28	0.2	0.27	0.12	0.13	0.29	0.36	0.27	
acceptance ratio for synthesis rate:
	 acceptance ratio to low: 131
	 acceptance ratio to high: 225
Status at iteration 6700
	 current logLikelihood: -1.14653e+06
	 current Sphi estimate: 1.62595
	 current Sphi proposal width: 0.0797799
	 current Mixture element probability for element 0: 1
acceptance ratio for amino acid:
	A	C	D	E	F	G	H	I	K	L	N	P	Q	R	S	T	V	Y	Z	
	0.2	0.23	0.15	0.2	0.24	0.25	0.21	0.17	0.22	0.32	0.28	0.19	0.26	0.25	0.29	0.23	0.24	0.21	0.3	
acceptance ratio for synthesis rate:
	 acceptance ratio to low: 129
	 acceptance ratio to high: 226
Status at iteration 6800
	 current logLikelihood: -1.14635e+06
	 current Sphi estimate: 1.656
	 current Sphi proposal width: 0.0797799
	 current Mixture element probability for element 0: 1
acceptance ratio for amino acid:
	A	C	D	E	F	G	H	I	K	L	N	P	Q	R	S	T	V	Y	Z	
	0.18	0.22	0.2	0.26	0.25	0.25	0.24	0.27	0.16	0.13	0.18	0.32	0.28	0.26	0.21	0.29	0.29	0.32	0.24	
acceptance ratio for synthesis rate:
	 acceptance ratio to low: 142
	 acceptance ratio to high: 229
Status at iteration 6900
	 current logLikelihood: -1.14651e+06
	 current Sphi estimate: 1.59512
	 current Sphi proposal width: 0.0797799
	 current Mixture element probability for element 0: 1
acceptance ratio for amino acid:
	A	C	D	E	F	G	H	I	K	L	N	P	Q	R	S	T	V	Y	Z	
	0.31	0.23	0.23	0.25	0.24	0.25	0.26	0.34	0.18	0.47	0.38	0.33	0.26	0.26	0.29	0.29	0.26	0.23	0.24	
acceptance ratio for synthesis rate:
	 acceptance ratio to low: 172
	 acceptance ratio to high: 191
Status at iteration 7000
	 current logLikelihood: -1.14663e+06
	 current Sphi estimate: 1.6628
	 current Sphi proposal width: 0.0797799
	 current Mixture element probability for element 0: 1
acceptance ratio for amino acid:
	A	C	D	E	F	G	H	I	K	L	N	P	Q	R	S	T	V	Y	Z	
	0.21	0.17	0.18	0.26	0.28	0.19	0.22	0.25	0.4	0.24	0.26	0.17	0.25	0.34	0.39	0.3	0.28	0.21	0.23	
acceptance ratio for synthesis rate:
	 acceptance ratio to low: 174
	 acceptance ratio to high: 180
Status at iteration 7100
	 current logLikelihood: -1.14653e+06
	 current Sphi estimate: 1.60805
	 current Sphi proposal width: 0.0638239
	 current Mixture element probability for element 0: 1
acceptance ratio for amino acid:
	A	C	D	E	F	G	H	I	K	L	N	P	Q	R	S	T	V	Y	Z	
	0.23	0.23	0.3	0.27	0.35	0.37	0.21	0.3	0.31	0.25	0.22	0.39	0.22	0.18	0.18	0.31	0.22	0.21	0.27	
acceptance ratio for synthesis rate:
	 acceptance ratio to low: 146
	 acceptance ratio to high: 210
Status at iteration 7200
	 current logLikelihood: -1.14636e+06
	 current Sphi estimate: 1.61502
	 current Sphi proposal width: 0.0765887
	 current Mixture element probability for element 0: 1
acceptance ratio for amino acid:
	A	C	D	E	F	G	H	I	K	L	N	P	Q	R	S	T	V	Y	Z	
	0.3	0.23	0.3	0.31	0.18	0.29	0.27	0.26	0.17	0.24	0.22	0.15	0.27	0.32	0.37	0.23	0.27	0.21	0.22	
acceptance ratio for synthesis rate:
	 acceptance ratio to low: 152
	 acceptance ratio to high: 202
Status at iteration 7300
	 current logLikelihood: -1.14654e+06
	 current Sphi estimate: 1.69965
	 current Sphi proposal width: 0.0765887
	 current Mixture element probability for element 0: 1
acceptance ratio for amino acid:
	A	C	D	E	F	G	H	I	K	L	N	P	Q	R	S	T	V	Y	Z	
	0.21	0.29	0.28	0.12	0.19	0.26	0.14	0.24	0.18	0.27	0.17	0.4	0.28	0.11	0.24	0.17	0.26	0.17	0.28	
acceptance ratio for synthesis rate:
	 acceptance ratio to low: 135
	 acceptance ratio to high: 204
Status at iteration 7400
	 current logLikelihood: -1.1465e+06
	 current Sphi estimate: 1.68487
	 current Sphi proposal width: 0.0765887
	 current Mixture element probability for element 0: 1
acceptance ratio for amino acid:
	A	C	D	E	F	G	H	I	K	L	N	P	Q	R	S	T	V	Y	Z	
	0.25	0.26	0.21	0.25	0.37	0.27	0.33	0.32	0.22	0.22	0.2	0.27	0.28	0.38	0.19	0.34	0.27	0.21	0.29	
acceptance ratio for synthesis rate:
	 acceptance ratio to low: 141
	 acceptance ratio to high: 201
Status at iteration 7500
	 current logLikelihood: -1.14662e+06
	 current Sphi estimate: 1.63779
	 current Sphi proposal width: 0.0765887
	 current Mixture element probability for element 0: 1
acceptance ratio for amino acid:
	A	C	D	E	F	G	H	I	K	L	N	P	Q	R	S	T	V	Y	Z	
	0.23	0.28	0.31	0.24	0.2	0.29	0.19	0.15	0.38	0.37	0.32	0.23	0.3	0.17	0.31	0.18	0.23	0.3	0.29	
acceptance ratio for synthesis rate:
	 acceptance ratio to low: 120
	 acceptance ratio to high: 223
Status at iteration 7600
	 current logLikelihood: -1.14658e+06
	 current Sphi estimate: 1.65255
	 current Sphi proposal width: 0.061271
	 current Mixture element probability for element 0: 1
acceptance ratio for amino acid:
	A	C	D	E	F	G	H	I	K	L	N	P	Q	R	S	T	V	Y	Z	
	0.22	0.29	0.34	0.27	0.22	0.2	0.25	0.32	0.23	0.15	0.23	0.2	0.22	0.37	0.18	0.22	0.23	0.38	0.28	
acceptance ratio for synthesis rate:
	 acceptance ratio to low: 147
	 acceptance ratio to high: 186
Status at iteration 7700
	 current logLikelihood: -1.14656e+06
	 current Sphi estimate: 1.70332
	 current Sphi proposal width: 0.061271
	 current Mixture element probability for element 0: 1
acceptance ratio for amino acid:
	A	C	D	E	F	G	H	I	K	L	N	P	Q	R	S	T	V	Y	Z	
	0.16	0.29	0.29	0.31	0.29	0.2	0.21	0.19	0.23	0.34	0.23	0.2	0.3	0.14	0.34	0.36	0.2	0.26	0.32	
acceptance ratio for synthesis rate:
	 acceptance ratio to low: 115
	 acceptance ratio to high: 234
Status at iteration 7800
	 current logLikelihood: -1.1465e+06
	 current Sphi estimate: 1.64316
	 current Sphi proposal width: 0.0735252
	 current Mixture element probability for element 0: 1
acceptance ratio for amino acid:
	A	C	D	E	F	G	H	I	K	L	N	P	Q	R	S	T	V	Y	Z	
	0.37	0.21	0.29	0.23	0.16	0.28	0.27	0.25	0.3	0.13	0.23	0.29	0.28	0.4	0.27	0.24	0.26	0.25	0.21	
acceptance ratio for synthesis rate:
	 acceptance ratio to low: 143
	 acceptance ratio to high: 219
Status at iteration 7900
	 current logLikelihood: -1.14647e+06
	 current Sphi estimate: 1.65302
	 current Sphi proposal width: 0.0735252
	 current Mixture element probability for element 0: 1
acceptance ratio for amino acid:
	A	C	D	E	F	G	H	I	K	L	N	P	Q	R	S	T	V	Y	Z	
	0.21	0.3	0.22	0.15	0.19	0.25	0.23	0.32	0.34	0.37	0.24	0.26	0.22	0.31	0.31	0.23	0.28	0.13	0.29	
acceptance ratio for synthesis rate:
	 acceptance ratio to low: 111
	 acceptance ratio to high: 236
Status at iteration 8000
	 current logLikelihood: -1.14631e+06
	 current Sphi estimate: 1.72564
	 current Sphi proposal width: 0.0735252
	 current Mixture element probability for element 0: 1
acceptance ratio for amino acid:
	A	C	D	E	F	G	H	I	K	L	N	P	Q	R	S	T	V	Y	Z	
	0.17	0.28	0.16	0.29	0.23	0.37	0.29	0.22	0.17	0.18	0.21	0.26	0.3	0.1	0.18	0.28	0.3	0.21	0.18	
acceptance ratio for synthesis rate:
	 acceptance ratio to low: 141
	 acceptance ratio to high: 179
Status at iteration 8100
	 current logLikelihood: -1.14647e+06
	 current Sphi estimate: 1.6129
	 current Sphi proposal width: 0.0735252
	 current Mixture element probability for element 0: 1
acceptance ratio for amino acid:
	A	C	D	E	F	G	H	I	K	L	N	P	Q	R	S	T	V	Y	Z	
	0.35	0.27	0.2	0.25	0.3	0.1	0.18	0.37	0.28	0.37	0.23	0.28	0.26	0.28	0.25	0.29	0.3	0.19	0.29	
acceptance ratio for synthesis rate:
	 acceptance ratio to low: 179
	 acceptance ratio to high: 162
Status at iteration 8200
	 current logLikelihood: -1.1466e+06
	 current Sphi estimate: 1.61426
	 current Sphi proposal width: 0.0735252
	 current Mixture element probability for element 0: 1
acceptance ratio for amino acid:
	A	C	D	E	F	G	H	I	K	L	N	P	Q	R	S	T	V	Y	Z	
	0.28	0.34	0.29	0.22	0.34	0.32	0.23	0.25	0.25	0.16	0.18	0.31	0.25	0.22	0.37	0.2	0.29	0.37	0.3	
acceptance ratio for synthesis rate:
	 acceptance ratio to low: 159
	 acceptance ratio to high: 176
Status at iteration 8300
	 current logLikelihood: -1.1465e+06
	 current Sphi estimate: 1.51576
	 current Sphi proposal width: 0.0735252
	 current Mixture element probability for element 0: 1
acceptance ratio for amino acid:
	A	C	D	E	F	G	H	I	K	L	N	P	Q	R	S	T	V	Y	Z	
	0.3	0.28	0.24	0.19	0.28	0.14	0.21	0.2	0.37	0.44	0.35	0.1	0.2	0.21	0.2	0.2	0.26	0.32	0.24	
acceptance ratio for synthesis rate:
	 acceptance ratio to low: 167
	 acceptance ratio to high: 178
Status at iteration 8400
	 current logLikelihood: -1.1465e+06
	 current Sphi estimate: 1.68219
	 current Sphi proposal width: 0.0735252
	 current Mixture element probability for element 0: 1
acceptance ratio for amino acid:
	A	C	D	E	F	G	H	I	K	L	N	P	Q	R	S	T	V	Y	Z	
	0.28	0.16	0.25	0.32	0.3	0.33	0.33	0.15	0.24	0.34	0.13	0.25	0.32	0.25	0.14	0.29	0.33	0.19	0.34	
acceptance ratio for synthesis rate:
	 acceptance ratio to low: 144
	 acceptance ratio to high: 194
Status at iteration 8500
	 current logLikelihood: -1.14657e+06
	 current Sphi estimate: 1.63203
	 current Sphi proposal width: 0.0735252
	 current Mixture element probability for element 0: 1
acceptance ratio for amino acid:
	A	C	D	E	F	G	H	I	K	L	N	P	Q	R	S	T	V	Y	Z	
	0.32	0.24	0.29	0.21	0.29	0.13	0.22	0.33	0.26	0.13	0.31	0.31	0.27	0.22	0.35	0.16	0.19	0.31	0.24	
acceptance ratio for synthesis rate:
	 acceptance ratio to low: 104
	 acceptance ratio to high: 252
Status at iteration 8600
	 current logLikelihood: -1.14666e+06
	 current Sphi estimate: 1.66558
	 current Sphi proposal width: 0.0735252
	 current Mixture element probability for element 0: 1
acceptance ratio for amino acid:
	A	C	D	E	F	G	H	I	K	L	N	P	Q	R	S	T	V	Y	Z	
	0.17	0.27	0.24	0.2	0.25	0.35	0.25	0.2	0.22	0.21	0.28	0.17	0.26	0.21	0.2	0.33	0.22	0.29	0.17	
acceptance ratio for synthesis rate:
	 acceptance ratio to low: 160
	 acceptance ratio to high: 191
Status at iteration 8700
	 current logLikelihood: -1.14664e+06
	 current Sphi estimate: 1.63225
	 current Sphi proposal width: 0.0735252
	 current Mixture element probability for element 0: 1
acceptance ratio for amino acid:
	A	C	D	E	F	G	H	I	K	L	N	P	Q	R	S	T	V	Y	Z	
	0.31	0.36	0.22	0.25	0.2	0.21	0.21	0.18	0.32	0.34	0.32	0.33	0.21	0.27	0.19	0.21	0.21	0.32	0.26	
acceptance ratio for synthesis rate:
	 acceptance ratio to low: 113
	 acceptance ratio to high: 231
Status at iteration 8800
	 current logLikelihood: -1.14658e+06
	 current Sphi estimate: 1.67355
	 current Sphi proposal width: 0.0735252
	 current Mixture element probability for element 0: 1
acceptance ratio for amino acid:
	A	C	D	E	F	G	H	I	K	L	N	P	Q	R	S	T	V	Y	Z	
	0.18	0.28	0.19	0.24	0.32	0.2	0.21	0.27	0.14	0.12	0.21	0.15	0.29	0.29	0.4	0.18	0.29	0.15	0.15	
acceptance ratio for synthesis rate:
	 acceptance ratio to low: 155
	 acceptance ratio to high: 180
Status at iteration 8900
	 current logLikelihood: -1.14664e+06
	 current Sphi estimate: 1.64803
	 current Sphi proposal width: 0.0735252
	 current Mixture element probability for element 0: 1
acceptance ratio for amino acid:
	A	C	D	E	F	G	H	I	K	L	N	P	Q	R	S	T	V	Y	Z	
	0.32	0.16	0.28	0.24	0.24	0.17	0.23	0.21	0.25	0.34	0.19	0.37	0.43	0.27	0.21	0.41	0.31	0.27	0.34	
acceptance ratio for synthesis rate:
	 acceptance ratio to low: 150
	 acceptance ratio to high: 215
Status at iteration 9000
	 current logLikelihood: -1.14649e+06
	 current Sphi estimate: 1.64926
	 current Sphi proposal width: 0.0588201
	 current Mixture element probability for element 0: 1
acceptance ratio for amino acid:
	A	C	D	E	F	G	H	I	K	L	N	P	Q	R	S	T	V	Y	Z	
	0.22	0.32	0.3	0.29	0.27	0.4	0.31	0.21	0.3	0.2	0.28	0.2	0.26	0.23	0.24	0.25	0.15	0.23	0.29	
acceptance ratio for synthesis rate:
	 acceptance ratio to low: 136
	 acceptance ratio to high: 232
Status at iteration 9100
	 current logLikelihood: -1.14662e+06
	 current Sphi estimate: 1.65769
	 current Sphi proposal width: 0.0705842
	 current Mixture element probability for element 0: 1
acceptance ratio for amino acid:
	A	C	D	E	F	G	H	I	K	L	N	P	Q	R	S	T	V	Y	Z	
	0.14	0.22	0.32	0.25	0.29	0.22	0.29	0.32	0.23	0.18	0.2	0.19	0.29	0.24	0.22	0.19	0.29	0.31	0.26	
acceptance ratio for synthesis rate:
	 acceptance ratio to low: 132
	 acceptance ratio to high: 238
Status at iteration 9200
	 current logLikelihood: -1.1466e+06
	 current Sphi estimate: 1.58455
	 current Sphi proposal width: 0.0705842
	 current Mixture element probability for element 0: 1
acceptance ratio for amino acid:
	A	C	D	E	F	G	H	I	K	L	N	P	Q	R	S	T	V	Y	Z	
	0.22	0.2	0.27	0.26	0.27	0.31	0.22	0.19	0.23	0.47	0.21	0.33	0.2	0.32	0.2	0.41	0.28	0.26	0.24	
acceptance ratio for synthesis rate:
	 acceptance ratio to low: 169
	 acceptance ratio to high: 183
Status at iteration 9300
	 current logLikelihood: -1.14666e+06
	 current Sphi estimate: 1.60711
	 current Sphi proposal width: 0.0705842
	 current Mixture element probability for element 0: 1
acceptance ratio for amino acid:
	A	C	D	E	F	G	H	I	K	L	N	P	Q	R	S	T	V	Y	Z	
	0.33	0.29	0.26	0.21	0.3	0.21	0.18	0.3	0.29	0.16	0.27	0.24	0.3	0.15	0.12	0.21	0.25	0.28	0.21	
acceptance ratio for synthesis rate:
	 acceptance ratio to low: 188
	 acceptance ratio to high: 169
Status at iteration 9400
	 current logLikelihood: -1.14657e+06
	 current Sphi estimate: 1.62249
	 current Sphi proposal width: 0.0705842
	 current Mixture element probability for element 0: 1
acceptance ratio for amino acid:
	A	C	D	E	F	G	H	I	K	L	N	P	Q	R	S	T	V	Y	Z	
	0.22	0.25	0.25	0.3	0.33	0.19	0.24	0.27	0.29	0.43	0.28	0.22	0.25	0.31	0.43	0.31	0.39	0.3	0.2	
acceptance ratio for synthesis rate:
	 acceptance ratio to low: 134
	 acceptance ratio to high: 234
Status at iteration 9500
	 current logLikelihood: -1.14653e+06
	 current Sphi estimate: 1.64549
	 current Sphi proposal width: 0.0705842
	 current Mixture element probability for element 0: 1
acceptance ratio for amino acid:
	A	C	D	E	F	G	H	I	K	L	N	P	Q	R	S	T	V	Y	Z	
	0.29	0.23	0.25	0.32	0.15	0.27	0.2	0.28	0.29	0.22	0.28	0.21	0.22	0.17	0.22	0.11	0.29	0.22	0.33	
acceptance ratio for synthesis rate:
	 acceptance ratio to low: 142
	 acceptance ratio to high: 204
Status at iteration 9600
	 current logLikelihood: -1.14669e+06
	 current Sphi estimate: 1.64337
	 current Sphi proposal width: 0.0705842
	 current Mixture element probability for element 0: 1
acceptance ratio for amino acid:
	A	C	D	E	F	G	H	I	K	L	N	P	Q	R	S	T	V	Y	Z	
	0.23	0.25	0.24	0.21	0.24	0.2	0.3	0.29	0.23	0.17	0.34	0.17	0.24	0.4	0.24	0.26	0.12	0.23	0.25	
acceptance ratio for synthesis rate:
	 acceptance ratio to low: 159
	 acceptance ratio to high: 207
Status at iteration 9700
	 current logLikelihood: -1.14659e+06
	 current Sphi estimate: 1.55219
	 current Sphi proposal width: 0.0705842
	 current Mixture element probability for element 0: 1
acceptance ratio for amino acid:
	A	C	D	E	F	G	H	I	K	L	N	P	Q	R	S	T	V	Y	Z	
	0.25	0.31	0.33	0.23	0.22	0.25	0.3	0.23	0.31	0.47	0.25	0.36	0.22	0.14	0.24	0.26	0.29	0.22	0.18	
acceptance ratio for synthesis rate:
	 acceptance ratio to low: 150
	 acceptance ratio to high: 186
Status at iteration 9800
	 current logLikelihood: -1.14667e+06
	 current Sphi estimate: 1.62421
	 current Sphi proposal width: 0.0705842
	 current Mixture element probability for element 0: 1
acceptance ratio for amino acid:
	A	C	D	E	F	G	H	I	K	L	N	P	Q	R	S	T	V	Y	Z	
	0.24	0.21	0.25	0.19	0.2	0.28	0.34	0.24	0.16	0.25	0.24	0.23	0.16	0.45	0.24	0.24	0.29	0.23	0.28	
acceptance ratio for synthesis rate:
	 acceptance ratio to low: 157
	 acceptance ratio to high: 197
Status at iteration 9900
	 current logLikelihood: -1.14666e+06
	 current Sphi estimate: 1.5846
	 current Sphi proposal width: 0.0705842
	 current Mixture element probability for element 0: 1
acceptance ratio for amino acid:
	A	C	D	E	F	G	H	I	K	L	N	P	Q	R	S	T	V	Y	Z	
	0.24	0.16	0.29	0.27	0.24	0.3	0.31	0.23	0.24	0.22	0.3	0.26	0.28	0.26	0.31	0.32	0.33	0.25	0.19	
acceptance ratio for synthesis rate:
	 acceptance ratio to low: 136
	 acceptance ratio to high: 204
Status at iteration 10000
	 current logLikelihood: -1.14663e+06
	 current Sphi estimate: 1.65425
	 current Sphi proposal width: 0.0705842
	 current Mixture element probability for element 0: 1
acceptance ratio for amino acid:
	A	C	D	E	F	G	H	I	K	L	N	P	Q	R	S	T	V	Y	Z	
	0.2	0.32	0.23	0.19	0.26	0.28	0.29	0.26	0.18	0.22	0.2	0.21	0.3	0.28	0.11	0.16	0.17	0.21	0.22	
acceptance ratio for synthesis rate:
	 acceptance ratio to low: 118
	 acceptance ratio to high: 248
##################################################
Geweke Score after 9999 iterations: -20.0654
##################################################
Status at iteration 10100
	 current logLikelihood: -1.14665e+06
	 current Sphi estimate: 1.6475
	 current Sphi proposal width: 0.0705842
	 current Mixture element probability for element 0: 1
acceptance ratio for amino acid:
	A	C	D	E	F	G	H	I	K	L	N	P	Q	R	S	T	V	Y	Z	
	0.25	0.19	0.26	0.35	0.22	0.21	0.19	0.27	0.25	0.22	0.18	0.37	0.25	0.21	0.28	0.36	0.31	0.27	0.32	
acceptance ratio for synthesis rate:
	 acceptance ratio to low: 153
	 acceptance ratio to high: 194
Status at iteration 10200
	 current logLikelihood: -1.14673e+06
	 current Sphi estimate: 1.53567
	 current Sphi proposal width: 0.0564673
	 current Mixture element probability for element 0: 1
acceptance ratio for amino acid:
	A	C	D	E	F	G	H	I	K	L	N	P	Q	R	S	T	V	Y	Z	
	0.24	0.2	0.15	0.23	0.23	0.3	0.23	0.17	0.24	0.24	0.19	0.17	0.3	0.18	0.29	0.22	0.21	0.24	0.29	
acceptance ratio for synthesis rate:
	 acceptance ratio to low: 140
	 acceptance ratio to high: 194
Status at iteration 10300
	 current logLikelihood: -1.14656e+06
	 current Sphi estimate: 1.62671
	 current Sphi proposal width: 0.0564673
	 current Mixture element probability for element 0: 1
acceptance ratio for amino acid:
	A	C	D	E	F	G	H	I	K	L	N	P	Q	R	S	T	V	Y	Z	
	0.15	0.25	0.17	0.28	0.23	0.28	0.23	0.42	0.34	0.28	0.37	0.33	0.27	0.44	0.19	0.27	0.29	0.27	0.31	
acceptance ratio for synthesis rate:
	 acceptance ratio to low: 124
	 acceptance ratio to high: 209
Status at iteration 10400
	 current logLikelihood: -1.14675e+06
	 current Sphi estimate: 1.64263
	 current Sphi proposal width: 0.0564673
	 current Mixture element probability for element 0: 1
acceptance ratio for amino acid:
	A	C	D	E	F	G	H	I	K	L	N	P	Q	R	S	T	V	Y	Z	
	0.31	0.27	0.34	0.27	0.18	0.23	0.26	0.3	0.22	0.23	0.3	0.2	0.34	0.23	0.4	0.31	0.31	0.32	0.25	
acceptance ratio for synthesis rate:
	 acceptance ratio to low: 155
	 acceptance ratio to high: 198
Status at iteration 10500
	 current logLikelihood: -1.14666e+06
	 current Sphi estimate: 1.61578
	 current Sphi proposal width: 0.0677608
	 current Mixture element probability for element 0: 1
acceptance ratio for amino acid:
	A	C	D	E	F	G	H	I	K	L	N	P	Q	R	S	T	V	Y	Z	
	0.23	0.25	0.27	0.25	0.37	0.24	0.26	0.3	0.32	0.21	0.25	0.19	0.19	0.19	0.29	0.14	0.14	0.16	0.32	
acceptance ratio for synthesis rate:
	 acceptance ratio to low: 108
	 acceptance ratio to high: 223
Status at iteration 10600
	 current logLikelihood: -1.14662e+06
	 current Sphi estimate: 1.6494
	 current Sphi proposal width: 0.0677608
	 current Mixture element probability for element 0: 1
acceptance ratio for amino acid:
	A	C	D	E	F	G	H	I	K	L	N	P	Q	R	S	T	V	Y	Z	
	0.27	0.25	0.26	0.29	0.25	0.23	0.13	0.3	0.22	0.25	0.32	0.29	0.22	0.43	0.24	0.19	0.21	0.21	0.23	
acceptance ratio for synthesis rate:
	 acceptance ratio to low: 119
	 acceptance ratio to high: 239
Status at iteration 10700
	 current logLikelihood: -1.14677e+06
	 current Sphi estimate: 1.5636
	 current Sphi proposal width: 0.081313
	 current Mixture element probability for element 0: 1
