
R version 3.1.1 (2014-07-10) -- "Sock it to Me"
Copyright (C) 2014 The R Foundation for Statistical Computing
Platform: x86_64-pc-linux-gnu (64-bit)

R is free software and comes with ABSOLUTELY NO WARRANTY.
You are welcome to redistribute it under certain conditions.
Type 'license()' or 'licence()' for distribution details.

  Natural language support but running in an English locale

R is a collaborative project with many contributors.
Type 'contributors()' for more information and
'citation()' on how to cite R or R packages in publications.

Type 'demo()' for some demos, 'help()' for on-line help, or
'help.start()' for an HTML browser interface to help.
Type 'q()' to quit R.

> library(ribModel)
> rm(list=ls())
> 
> with.phi <- FALSE
> 
> if (with.phi) {
+   genome <- initializeGenomeObject(file = "../ribModel/data/simulatedAllUniqueR.fasta", expression.file = "../ribModel/data/simulatedAllUniqueR_phi.csv")
+ } else {
+   #genome <- initializeGenomeObject(file = "../ribModel/data/simulatedAllUniqueR.fasta")
+   genome <- initializeGenomeObject(file = "../ribModel/data/simulatedOneMix.fasta")
+ }
> 
> #initialize parameter object
> sphi_init <- 1
> numMixtures <- 1
> mixDef <- "allUnique"
> #geneAssignment <- c(rep(1,500), rep(2,500))
> geneAssignment <- rep(1,1000)
> parameter <- initializeParameterObject(genome, sphi_init, numMixtures, geneAssignment, split.serine = TRUE, mixture.definition = mixDef)
> 
> # initialize MCMC object
> samples <- 6000
> thining <- 10
> adaptiveWidth <- 10
> divergence.iteration <- 50
> mcmc <- initializeMCMCObject(samples, thining, adaptive.width=adaptiveWidth, 
+                              est.expression=TRUE, est.csp=TRUE, est.hyper=TRUE)
> 
> # get model object
> model <- initializeModelObject(parameter, "ROC", with.phi = with.phi)
> 
> #run mcmc on genome with parameter using model
> system.time(
+   runMCMC(mcmc, genome, model, 4, divergence.iteration)
+ )
Allowing divergence from initial conditions for 50 iterations.

maxGrouping: 22
entering MCMC loop
	Estimate Codon Specific Parameters? TRUE
	Estimate Hyper Parameters? TRUE
	Estimate SynthesisRate Parameters? TRUE
	Starting MCMC with 60000 iterations
Status at iteration 100
	 current logLikelihood: -1.16369e+06
	 current Sphi estimate: 1.35117
	 current Sphi proposal width: 0.1
	 current Mixture element probability for element 0: 1
acceptance ratio for amino acid:
	A	C	D	E	F	G	H	I	K	L	N	P	Q	R	S	T	V	Y	Z	
	0.65	0.68	0.67	0.69	0.86	0.84	0.72	0.67	0.65	0.71	0.67	0.68	0.67	0.69	0.67	0.86	0.76	0.64	0.64	
acceptance ratio for synthesis rate:
	 acceptance ratio to low: 0
	 acceptance ratio to high: 1000
Status at iteration 200
	 current logLikelihood: -1.15459e+06
	 current Sphi estimate: 1.40188
	 current Sphi proposal width: 0.12
	 current Mixture element probability for element 0: 1
acceptance ratio for amino acid:
	A	C	D	E	F	G	H	I	K	L	N	P	Q	R	S	T	V	Y	Z	
	0.06	0.05	0.02	0.04	0.08	0.02	0.02	0.02	0.04	0.01	0.01	0.02	0.04	0.07	0.05	0.02	0.05	0.02	0.01	
acceptance ratio for synthesis rate:
	 acceptance ratio to low: 0
	 acceptance ratio to high: 986
Status at iteration 300
	 current logLikelihood: -1.15131e+06
	 current Sphi estimate: 1.48959
	 current Sphi proposal width: 0.096
	 current Mixture element probability for element 0: 1
acceptance ratio for amino acid:
	A	C	D	E	F	G	H	I	K	L	N	P	Q	R	S	T	V	Y	Z	
	0	0.03	0.02	0.02	0.02	0.01	0	0.04	0.01	0.03	0.04	0.04	0.05	0.03	0.08	0.02	0.02	0.04	0	
acceptance ratio for synthesis rate:
	 acceptance ratio to low: 2
	 acceptance ratio to high: 967
Status at iteration 400
	 current logLikelihood: -1.14876e+06
	 current Sphi estimate: 1.50923
	 current Sphi proposal width: 0.096
	 current Mixture element probability for element 0: 1
acceptance ratio for amino acid:
	A	C	D	E	F	G	H	I	K	L	N	P	Q	R	S	T	V	Y	Z	
	0.05	0	0.02	0.06	0.05	0.01	0.02	0.03	0.02	0.11	0.05	0.1	0.03	0.05	0.06	0.05	0.05	0.03	0.01	
acceptance ratio for synthesis rate:
	 acceptance ratio to low: 1
	 acceptance ratio to high: 947
Status at iteration 500
	 current logLikelihood: -1.14768e+06
	 current Sphi estimate: 1.61109
	 current Sphi proposal width: 0.096
	 current Mixture element probability for element 0: 1
acceptance ratio for amino acid:
	A	C	D	E	F	G	H	I	K	L	N	P	Q	R	S	T	V	Y	Z	
	0.05	0.06	0.02	0.06	0.03	0.01	0.01	0.02	0.02	0.07	0.04	0.06	0.04	0.1	0.05	0.03	0.02	0.03	0.01	
acceptance ratio for synthesis rate:
	 acceptance ratio to low: 5
	 acceptance ratio to high: 931
Status at iteration 600
	 current logLikelihood: -1.14697e+06
	 current Sphi estimate: 1.69208
	 current Sphi proposal width: 0.0768
	 current Mixture element probability for element 0: 1
acceptance ratio for amino acid:
	A	C	D	E	F	G	H	I	K	L	N	P	Q	R	S	T	V	Y	Z	
	0.09	0.06	0	0.01	0.04	0.04	0.03	0.04	0.06	0.15	0.03	0.03	0.05	0.11	0.03	0.02	0.06	0.03	0.02	
acceptance ratio for synthesis rate:
	 acceptance ratio to low: 12
	 acceptance ratio to high: 896
Status at iteration 700
	 current logLikelihood: -1.14652e+06
	 current Sphi estimate: 1.76777
	 current Sphi proposal width: 0.06144
	 current Mixture element probability for element 0: 1
acceptance ratio for amino acid:
	A	C	D	E	F	G	H	I	K	L	N	P	Q	R	S	T	V	Y	Z	
	0.06	0.03	0.03	0.05	0.04	0.04	0.02	0.04	0.05	0.19	0.04	0.05	0.03	0.18	0.07	0.02	0.09	0.01	0.02	
acceptance ratio for synthesis rate:
	 acceptance ratio to low: 7
	 acceptance ratio to high: 877
Status at iteration 800
	 current logLikelihood: -1.14599e+06
	 current Sphi estimate: 1.91156
	 current Sphi proposal width: 0.06144
	 current Mixture element probability for element 0: 1
acceptance ratio for amino acid:
	A	C	D	E	F	G	H	I	K	L	N	P	Q	R	S	T	V	Y	Z	
	0.12	0.06	0.03	0.07	0.03	0.06	0.01	0.03	0.05	0.36	0.03	0.05	0.05	0.29	0.11	0.11	0.12	0.04	0.04	
acceptance ratio for synthesis rate:
	 acceptance ratio to low: 7
	 acceptance ratio to high: 868
Status at iteration 900
	 current logLikelihood: -1.14582e+06
	 current Sphi estimate: 1.96298
	 current Sphi proposal width: 0.06144
	 current Mixture element probability for element 0: 1
acceptance ratio for amino acid:
	A	C	D	E	F	G	H	I	K	L	N	P	Q	R	S	T	V	Y	Z	
	0.09	0.08	0.04	0.04	0.01	0.08	0.04	0.09	0.06	0.17	0.03	0.11	0.05	0.23	0.09	0.06	0.1	0.03	0.02	
acceptance ratio for synthesis rate:
	 acceptance ratio to low: 22
	 acceptance ratio to high: 810
Status at iteration 1000
	 current logLikelihood: -1.14575e+06
	 current Sphi estimate: 1.92018
	 current Sphi proposal width: 0.06144
	 current Mixture element probability for element 0: 1
acceptance ratio for amino acid:
	A	C	D	E	F	G	H	I	K	L	N	P	Q	R	S	T	V	Y	Z	
	0.22	0.03	0.04	0.04	0.03	0.11	0.06	0.04	0.05	0.31	0.05	0.18	0.06	0.32	0.17	0.14	0.18	0.07	0.04	
acceptance ratio for synthesis rate:
	 acceptance ratio to low: 24
	 acceptance ratio to high: 765
Status at iteration 1100
	 current logLikelihood: -1.14544e+06
	 current Sphi estimate: 2.01748
	 current Sphi proposal width: 0.06144
	 current Mixture element probability for element 0: 1
acceptance ratio for amino acid:
	A	C	D	E	F	G	H	I	K	L	N	P	Q	R	S	T	V	Y	Z	
	0.08	0.07	0.09	0.07	0.08	0.21	0.03	0.13	0.04	0.18	0.06	0.29	0.08	0.13	0.22	0.19	0.19	0.07	0.03	
acceptance ratio for synthesis rate:
	 acceptance ratio to low: 28
	 acceptance ratio to high: 749
Status at iteration 1200
	 current logLikelihood: -1.14554e+06
	 current Sphi estimate: 2.06036
	 current Sphi proposal width: 0.06144
	 current Mixture element probability for element 0: 1
acceptance ratio for amino acid:
	A	C	D	E	F	G	H	I	K	L	N	P	Q	R	S	T	V	Y	Z	
	0.25	0.1	0.03	0.06	0.04	0.22	0.04	0.14	0.05	0.31	0	0.25	0.12	0.32	0.27	0.34	0.37	0.07	0.01	
acceptance ratio for synthesis rate:
	 acceptance ratio to low: 48
	 acceptance ratio to high: 683
Status at iteration 1300
	 current logLikelihood: -1.14554e+06
	 current Sphi estimate: 2.10415
	 current Sphi proposal width: 0.049152
	 current Mixture element probability for element 0: 1
acceptance ratio for amino acid:
	A	C	D	E	F	G	H	I	K	L	N	P	Q	R	S	T	V	Y	Z	
	0.22	0.06	0.08	0.14	0.06	0.22	0.1	0.34	0.1	0.21	0.05	0.31	0.12	0.13	0.29	0.29	0.22	0.13	0.06	
acceptance ratio for synthesis rate:
	 acceptance ratio to low: 51
	 acceptance ratio to high: 647
Status at iteration 1400
	 current logLikelihood: -1.14545e+06
	 current Sphi estimate: 1.98808
	 current Sphi proposal width: 0.0589824
	 current Mixture element probability for element 0: 1
acceptance ratio for amino acid:
	A	C	D	E	F	G	H	I	K	L	N	P	Q	R	S	T	V	Y	Z	
	0.26	0.06	0.09	0.08	0.11	0.3	0.1	0.22	0.08	0.21	0.07	0.18	0.12	0.33	0.24	0.28	0.21	0.11	0.03	
acceptance ratio for synthesis rate:
	 acceptance ratio to low: 53
	 acceptance ratio to high: 614
Status at iteration 1500
	 current logLikelihood: -1.14548e+06
	 current Sphi estimate: 1.98339
	 current Sphi proposal width: 0.0589824
	 current Mixture element probability for element 0: 1
acceptance ratio for amino acid:
	A	C	D	E	F	G	H	I	K	L	N	P	Q	R	S	T	V	Y	Z	
	0.21	0.1	0.13	0.13	0.06	0.27	0.11	0.14	0.09	0.18	0.1	0.14	0.13	0.2	0.25	0.29	0.24	0.15	0.05	
acceptance ratio for synthesis rate:
	 acceptance ratio to low: 65
	 acceptance ratio to high: 556
Status at iteration 1600
	 current logLikelihood: -1.14552e+06
	 current Sphi estimate: 1.98633
	 current Sphi proposal width: 0.0589824
	 current Mixture element probability for element 0: 1
acceptance ratio for amino acid:
	A	C	D	E	F	G	H	I	K	L	N	P	Q	R	S	T	V	Y	Z	
	0.26	0.14	0.05	0.14	0.18	0.23	0.12	0.2	0.12	0.35	0.11	0.37	0.19	0.27	0.21	0.23	0.26	0.13	0.09	
acceptance ratio for synthesis rate:
	 acceptance ratio to low: 81
	 acceptance ratio to high: 531
Status at iteration 1700
	 current logLikelihood: -1.14544e+06
	 current Sphi estimate: 2.06337
	 current Sphi proposal width: 0.0707789
	 current Mixture element probability for element 0: 1
acceptance ratio for amino acid:
	A	C	D	E	F	G	H	I	K	L	N	P	Q	R	S	T	V	Y	Z	
	0.2	0.19	0.14	0.21	0.22	0.28	0.14	0.15	0.12	0.25	0.2	0.37	0.15	0.17	0.32	0.29	0.27	0.1	0.15	
acceptance ratio for synthesis rate:
	 acceptance ratio to low: 73
	 acceptance ratio to high: 521
Status at iteration 1800
	 current logLikelihood: -1.14551e+06
	 current Sphi estimate: 1.93721
	 current Sphi proposal width: 0.0707789
	 current Mixture element probability for element 0: 1
acceptance ratio for amino acid:
	A	C	D	E	F	G	H	I	K	L	N	P	Q	R	S	T	V	Y	Z	
	0.3	0.15	0.17	0.16	0.09	0.23	0.14	0.31	0.12	0.14	0.21	0.24	0.15	0.37	0.16	0.23	0.16	0.2	0.14	
acceptance ratio for synthesis rate:
	 acceptance ratio to low: 91
	 acceptance ratio to high: 439
Status at iteration 1900
	 current logLikelihood: -1.14559e+06
	 current Sphi estimate: 1.957
	 current Sphi proposal width: 0.0566231
	 current Mixture element probability for element 0: 1
acceptance ratio for amino acid:
	A	C	D	E	F	G	H	I	K	L	N	P	Q	R	S	T	V	Y	Z	
	0.29	0.27	0.18	0.16	0.18	0.21	0.23	0.2	0.23	0.41	0.22	0.32	0.25	0.25	0.2	0.32	0.37	0.11	0.17	
acceptance ratio for synthesis rate:
	 acceptance ratio to low: 101
	 acceptance ratio to high: 355
Status at iteration 2000
	 current logLikelihood: -1.14555e+06
	 current Sphi estimate: 2.01016
	 current Sphi proposal width: 0.0566231
	 current Mixture element probability for element 0: 1
acceptance ratio for amino acid:
	A	C	D	E	F	G	H	I	K	L	N	P	Q	R	S	T	V	Y	Z	
	0.19	0.22	0.19	0.27	0.2	0.17	0.22	0.28	0.12	0.2	0.11	0.1	0.25	0.23	0.33	0.19	0.33	0.18	0.22	
acceptance ratio for synthesis rate:
	 acceptance ratio to low: 91
	 acceptance ratio to high: 344
Status at iteration 2100
	 current logLikelihood: -1.14568e+06
	 current Sphi estimate: 1.99769
	 current Sphi proposal width: 0.0566231
	 current Mixture element probability for element 0: 1
acceptance ratio for amino acid:
	A	C	D	E	F	G	H	I	K	L	N	P	Q	R	S	T	V	Y	Z	
	0.38	0.18	0.21	0.2	0.15	0.33	0.21	0.24	0.16	0.25	0.21	0.33	0.19	0.24	0.05	0.28	0.1	0.24	0.18	
acceptance ratio for synthesis rate:
	 acceptance ratio to low: 106
	 acceptance ratio to high: 288
Status at iteration 2200
	 current logLikelihood: -1.14571e+06
	 current Sphi estimate: 1.98088
	 current Sphi proposal width: 0.0679477
	 current Mixture element probability for element 0: 1
acceptance ratio for amino acid:
	A	C	D	E	F	G	H	I	K	L	N	P	Q	R	S	T	V	Y	Z	
	0.27	0.35	0.23	0.17	0.18	0.31	0.14	0.19	0.26	0.2	0.18	0.16	0.25	0.18	0.3	0.27	0.28	0.14	0.21	
acceptance ratio for synthesis rate:
	 acceptance ratio to low: 132
	 acceptance ratio to high: 237
Status at iteration 2300
	 current logLikelihood: -1.14538e+06
	 current Sphi estimate: 1.98059
	 current Sphi proposal width: 0.0679477
	 current Mixture element probability for element 0: 1
acceptance ratio for amino acid:
	A	C	D	E	F	G	H	I	K	L	N	P	Q	R	S	T	V	Y	Z	
	0.29	0.22	0.28	0.29	0.23	0.17	0.24	0.31	0.31	0.16	0.2	0.17	0.21	0.52	0.32	0.27	0.26	0.26	0.25	
acceptance ratio for synthesis rate:
	 acceptance ratio to low: 139
	 acceptance ratio to high: 237
Status at iteration 2400
	 current logLikelihood: -1.14539e+06
	 current Sphi estimate: 1.94658
	 current Sphi proposal width: 0.0679477
	 current Mixture element probability for element 0: 1
acceptance ratio for amino acid:
	A	C	D	E	F	G	H	I	K	L	N	P	Q	R	S	T	V	Y	Z	
	0.23	0.23	0.19	0.2	0.23	0.44	0.22	0.25	0.25	0.39	0.15	0.35	0.17	0.34	0.26	0.36	0.39	0.26	0.35	
acceptance ratio for synthesis rate:
	 acceptance ratio to low: 158
	 acceptance ratio to high: 209
Status at iteration 2500
	 current logLikelihood: -1.14538e+06
	 current Sphi estimate: 1.98256
	 current Sphi proposal width: 0.0679477
	 current Mixture element probability for element 0: 1
acceptance ratio for amino acid:
	A	C	D	E	F	G	H	I	K	L	N	P	Q	R	S	T	V	Y	Z	
	0.29	0.15	0.3	0.21	0.25	0.2	0.16	0.27	0.22	0.21	0.2	0.3	0.26	0.1	0.19	0.18	0.14	0.3	0.27	
acceptance ratio for synthesis rate:
	 acceptance ratio to low: 133
	 acceptance ratio to high: 248
Status at iteration 2600
	 current logLikelihood: -1.1455e+06
	 current Sphi estimate: 1.9413
	 current Sphi proposal width: 0.0679477
	 current Mixture element probability for element 0: 1
acceptance ratio for amino acid:
	A	C	D	E	F	G	H	I	K	L	N	P	Q	R	S	T	V	Y	Z	
	0.21	0.31	0.27	0.33	0.37	0.15	0.32	0.22	0.19	0.19	0.16	0.27	0.39	0.32	0.3	0.35	0.32	0.19	0.27	
acceptance ratio for synthesis rate:
	 acceptance ratio to low: 149
	 acceptance ratio to high: 194
Status at iteration 2700
	 current logLikelihood: -1.14555e+06
	 current Sphi estimate: 1.89671
	 current Sphi proposal width: 0.0679477
	 current Mixture element probability for element 0: 1
acceptance ratio for amino acid:
	A	C	D	E	F	G	H	I	K	L	N	P	Q	R	S	T	V	Y	Z	
	0.27	0.23	0.24	0.14	0.22	0.25	0.15	0.26	0.29	0.49	0.24	0.29	0.27	0.11	0.26	0.22	0.18	0.27	0.25	
acceptance ratio for synthesis rate:
	 acceptance ratio to low: 133
	 acceptance ratio to high: 239
Status at iteration 2800
	 current logLikelihood: -1.14543e+06
	 current Sphi estimate: 1.9755
	 current Sphi proposal width: 0.0679477
	 current Mixture element probability for element 0: 1
acceptance ratio for amino acid:
	A	C	D	E	F	G	H	I	K	L	N	P	Q	R	S	T	V	Y	Z	
	0.27	0.2	0.3	0.27	0.22	0.32	0.32	0.21	0.21	0.27	0.18	0.33	0.34	0.32	0.31	0.21	0.33	0.33	0.25	
acceptance ratio for synthesis rate:
	 acceptance ratio to low: 160
	 acceptance ratio to high: 190
Status at iteration 2900
	 current logLikelihood: -1.14556e+06
	 current Sphi estimate: 1.94995
	 current Sphi proposal width: 0.0679477
	 current Mixture element probability for element 0: 1
acceptance ratio for amino acid:
	A	C	D	E	F	G	H	I	K	L	N	P	Q	R	S	T	V	Y	Z	
	0.3	0.26	0.37	0.31	0.23	0.19	0.22	0.24	0.17	0.33	0.29	0.17	0.37	0.13	0.25	0.2	0.23	0.24	0.17	
acceptance ratio for synthesis rate:
	 acceptance ratio to low: 148
	 acceptance ratio to high: 198
Status at iteration 3000
	 current logLikelihood: -1.1455e+06
	 current Sphi estimate: 2.02792
	 current Sphi proposal width: 0.0815373
	 current Mixture element probability for element 0: 1
acceptance ratio for amino acid:
	A	C	D	E	F	G	H	I	K	L	N	P	Q	R	S	T	V	Y	Z	
	0.29	0.2	0.32	0.21	0.25	0.3	0.13	0.18	0.21	0.12	0.29	0.29	0.18	0.3	0.2	0.23	0.32	0.25	0.23	
acceptance ratio for synthesis rate:
	 acceptance ratio to low: 106
	 acceptance ratio to high: 250
Status at iteration 3100
	 current logLikelihood: -1.14543e+06
	 current Sphi estimate: 1.97183
	 current Sphi proposal width: 0.0652298
	 current Mixture element probability for element 0: 1
acceptance ratio for amino acid:
	A	C	D	E	F	G	H	I	K	L	N	P	Q	R	S	T	V	Y	Z	
	0.24	0.26	0.26	0.3	0.2	0.32	0.23	0.38	0.23	0.35	0.3	0.3	0.27	0.38	0.15	0.24	0.16	0.28	0.18	
acceptance ratio for synthesis rate:
	 acceptance ratio to low: 140
	 acceptance ratio to high: 218
Status at iteration 3200
	 current logLikelihood: -1.14548e+06
	 current Sphi estimate: 1.91948
	 current Sphi proposal width: 0.0652298
	 current Mixture element probability for element 0: 1
acceptance ratio for amino acid:
	A	C	D	E	F	G	H	I	K	L	N	P	Q	R	S	T	V	Y	Z	
	0.26	0.23	0.21	0.26	0.21	0.24	0.25	0.25	0.23	0.15	0.26	0.34	0.23	0.28	0.26	0.11	0.22	0.26	0.28	
acceptance ratio for synthesis rate:
	 acceptance ratio to low: 157
	 acceptance ratio to high: 212
Status at iteration 3300
	 current logLikelihood: -1.14552e+06
	 current Sphi estimate: 1.96323
	 current Sphi proposal width: 0.0652298
	 current Mixture element probability for element 0: 1
acceptance ratio for amino acid:
	A	C	D	E	F	G	H	I	K	L	N	P	Q	R	S	T	V	Y	Z	
	0.22	0.24	0.2	0.2	0.27	0.2	0.19	0.31	0.3	0.41	0.25	0.18	0.22	0.17	0.37	0.42	0.28	0.24	0.26	
acceptance ratio for synthesis rate:
	 acceptance ratio to low: 132
	 acceptance ratio to high: 211
Status at iteration 3400
	 current logLikelihood: -1.14551e+06
	 current Sphi estimate: 1.94667
	 current Sphi proposal width: 0.0652298
	 current Mixture element probability for element 0: 1
acceptance ratio for amino acid:
	A	C	D	E	F	G	H	I	K	L	N	P	Q	R	S	T	V	Y	Z	
	0.27	0.24	0.21	0.17	0.23	0.09	0.16	0.24	0.29	0.19	0.24	0.38	0.28	0.48	0.23	0.28	0.27	0.24	0.29	
acceptance ratio for synthesis rate:
	 acceptance ratio to low: 156
	 acceptance ratio to high: 198
Status at iteration 3500
	 current logLikelihood: -1.14566e+06
	 current Sphi estimate: 1.96314
	 current Sphi proposal width: 0.0521839
	 current Mixture element probability for element 0: 1
acceptance ratio for amino acid:
	A	C	D	E	F	G	H	I	K	L	N	P	Q	R	S	T	V	Y	Z	
	0.28	0.23	0.24	0.24	0.27	0.27	0.32	0.09	0.37	0.38	0.3	0.23	0.24	0.27	0.26	0.28	0.19	0.27	0.24	
acceptance ratio for synthesis rate:
	 acceptance ratio to low: 137
	 acceptance ratio to high: 199
Status at iteration 3600
	 current logLikelihood: -1.14556e+06
	 current Sphi estimate: 1.94996
	 current Sphi proposal width: 0.0521839
	 current Mixture element probability for element 0: 1
acceptance ratio for amino acid:
	A	C	D	E	F	G	H	I	K	L	N	P	Q	R	S	T	V	Y	Z	
	0.23	0.19	0.19	0.26	0.18	0.4	0.31	0.24	0.3	0.28	0.38	0.2	0.23	0.28	0.24	0.19	0.37	0.31	0.23	
acceptance ratio for synthesis rate:
	 acceptance ratio to low: 137
	 acceptance ratio to high: 221
Status at iteration 3700
	 current logLikelihood: -1.14564e+06
	 current Sphi estimate: 1.94872
	 current Sphi proposal width: 0.0521839
	 current Mixture element probability for element 0: 1
acceptance ratio for amino acid:
	A	C	D	E	F	G	H	I	K	L	N	P	Q	R	S	T	V	Y	Z	
	0.28	0.29	0.3	0.28	0.24	0.21	0.25	0.23	0.32	0.29	0.15	0.18	0.32	0.27	0.24	0.36	0.31	0.36	0.3	
acceptance ratio for synthesis rate:
	 acceptance ratio to low: 185
	 acceptance ratio to high: 194
Status at iteration 3800
	 current logLikelihood: -1.14574e+06
	 current Sphi estimate: 1.91134
	 current Sphi proposal width: 0.0521839
	 current Mixture element probability for element 0: 1
acceptance ratio for amino acid:
	A	C	D	E	F	G	H	I	K	L	N	P	Q	R	S	T	V	Y	Z	
	0.29	0.26	0.23	0.23	0.28	0.22	0.26	0.27	0.16	0.31	0.33	0.39	0.24	0.26	0.19	0.21	0.19	0.21	0.24	
acceptance ratio for synthesis rate:
	 acceptance ratio to low: 159
	 acceptance ratio to high: 209
Status at iteration 3900
	 current logLikelihood: -1.14556e+06
	 current Sphi estimate: 1.99319
	 current Sphi proposal width: 0.0521839
	 current Mixture element probability for element 0: 1
acceptance ratio for amino acid:
	A	C	D	E	F	G	H	I	K	L	N	P	Q	R	S	T	V	Y	Z	
	0.31	0.34	0.34	0.24	0.27	0.27	0.33	0.24	0.3	0.04	0.25	0.29	0.22	0.32	0.45	0.24	0.42	0.13	0.2	
acceptance ratio for synthesis rate:
	 acceptance ratio to low: 101
	 acceptance ratio to high: 250
Status at iteration 4000
	 current logLikelihood: -1.14573e+06
	 current Sphi estimate: 1.93333
	 current Sphi proposal width: 0.0521839
	 current Mixture element probability for element 0: 1
acceptance ratio for amino acid:
	A	C	D	E	F	G	H	I	K	L	N	P	Q	R	S	T	V	Y	Z	
	0.19	0.23	0.25	0.26	0.29	0.27	0.26	0.25	0.3	0.2	0.31	0.22	0.17	0.14	0.24	0.3	0.2	0.28	0.26	
acceptance ratio for synthesis rate:
	 acceptance ratio to low: 131
	 acceptance ratio to high: 205
Status at iteration 4100
	 current logLikelihood: -1.14561e+06
	 current Sphi estimate: 1.98087
	 current Sphi proposal width: 0.0521839
	 current Mixture element probability for element 0: 1
acceptance ratio for amino acid:
	A	C	D	E	F	G	H	I	K	L	N	P	Q	R	S	T	V	Y	Z	
	0.31	0.22	0.23	0.23	0.24	0.24	0.28	0.19	0.32	0.2	0.27	0.22	0.25	0.25	0.31	0.22	0.2	0.27	0.23	
acceptance ratio for synthesis rate:
	 acceptance ratio to low: 127
	 acceptance ratio to high: 238
Status at iteration 4200
	 current logLikelihood: -1.14562e+06
	 current Sphi estimate: 1.93549
	 current Sphi proposal width: 0.0521839
	 current Mixture element probability for element 0: 1
acceptance ratio for amino acid:
	A	C	D	E	F	G	H	I	K	L	N	P	Q	R	S	T	V	Y	Z	
	0.17	0.21	0.24	0.26	0.31	0.18	0.24	0.27	0.23	0.29	0.25	0.22	0.26	0.31	0.19	0.3	0.14	0.38	0.35	
acceptance ratio for synthesis rate:
	 acceptance ratio to low: 131
	 acceptance ratio to high: 210
Status at iteration 4300
	 current logLikelihood: -1.1456e+06
	 current Sphi estimate: 1.89197
	 current Sphi proposal width: 0.0521839
	 current Mixture element probability for element 0: 1
acceptance ratio for amino acid:
	A	C	D	E	F	G	H	I	K	L	N	P	Q	R	S	T	V	Y	Z	
	0.29	0.24	0.26	0.32	0.28	0.4	0.28	0.21	0.19	0.18	0.18	0.17	0.22	0.14	0.32	0.24	0.38	0.27	0.25	
acceptance ratio for synthesis rate:
	 acceptance ratio to low: 150
	 acceptance ratio to high: 208
Status at iteration 4400
	 current logLikelihood: -1.14563e+06
	 current Sphi estimate: 1.95344
	 current Sphi proposal width: 0.0521839
	 current Mixture element probability for element 0: 1
acceptance ratio for amino acid:
	A	C	D	E	F	G	H	I	K	L	N	P	Q	R	S	T	V	Y	Z	
	0.26	0.18	0.23	0.24	0.17	0.32	0.21	0.25	0.32	0.55	0.25	0.35	0.28	0.37	0.19	0.34	0.16	0.18	0.18	
acceptance ratio for synthesis rate:
	 acceptance ratio to low: 172
	 acceptance ratio to high: 190
Status at iteration 4500
	 current logLikelihood: -1.1456e+06
	 current Sphi estimate: 1.95891
	 current Sphi proposal width: 0.0521839
	 current Mixture element probability for element 0: 1
acceptance ratio for amino acid:
	A	C	D	E	F	G	H	I	K	L	N	P	Q	R	S	T	V	Y	Z	
	0.26	0.24	0.22	0.32	0.22	0.27	0.28	0.5	0.2	0.35	0.21	0.23	0.26	0.17	0.31	0.15	0.33	0.27	0.18	
acceptance ratio for synthesis rate:
	 acceptance ratio to low: 152
	 acceptance ratio to high: 201
Status at iteration 4600
	 current logLikelihood: -1.14562e+06
	 current Sphi estimate: 1.91248
	 current Sphi proposal width: 0.0521839
	 current Mixture element probability for element 0: 1
acceptance ratio for amino acid:
	A	C	D	E	F	G	H	I	K	L	N	P	Q	R	S	T	V	Y	Z	
	0.32	0.37	0.24	0.15	0.28	0.18	0.15	0.25	0.21	0.23	0.24	0.2	0.22	0.33	0.2	0.26	0.3	0.2	0.33	
acceptance ratio for synthesis rate:
	 acceptance ratio to low: 148
	 acceptance ratio to high: 191
Status at iteration 4700
	 current logLikelihood: -1.14557e+06
	 current Sphi estimate: 1.94733
	 current Sphi proposal width: 0.0626206
	 current Mixture element probability for element 0: 1
acceptance ratio for amino acid:
	A	C	D	E	F	G	H	I	K	L	N	P	Q	R	S	T	V	Y	Z	
	0.21	0.19	0.22	0.24	0.17	0.31	0.25	0.24	0.23	0.2	0.22	0.25	0.21	0.22	0.21	0.28	0.19	0.19	0.23	
acceptance ratio for synthesis rate:
	 acceptance ratio to low: 156
	 acceptance ratio to high: 165
Status at iteration 4800
	 current logLikelihood: -1.14574e+06
	 current Sphi estimate: 1.94531
	 current Sphi proposal width: 0.0500965
	 current Mixture element probability for element 0: 1
acceptance ratio for amino acid:
	A	C	D	E	F	G	H	I	K	L	N	P	Q	R	S	T	V	Y	Z	
	0.22	0.31	0.19	0.17	0.27	0.17	0.25	0.32	0.19	0.2	0.33	0.25	0.24	0.17	0.18	0.32	0.36	0.34	0.26	
acceptance ratio for synthesis rate:
	 acceptance ratio to low: 125
	 acceptance ratio to high: 225
Status at iteration 4900
	 current logLikelihood: -1.1456e+06
	 current Sphi estimate: 1.92939
	 current Sphi proposal width: 0.0601158
	 current Mixture element probability for element 0: 1
acceptance ratio for amino acid:
	A	C	D	E	F	G	H	I	K	L	N	P	Q	R	S	T	V	Y	Z	
	0.26	0.23	0.29	0.33	0.32	0.39	0.34	0.16	0.3	0.09	0.22	0.28	0.3	0.38	0.29	0.22	0.35	0.22	0.31	
acceptance ratio for synthesis rate:
	 acceptance ratio to low: 178
	 acceptance ratio to high: 188
Status at iteration 5000
	 current logLikelihood: -1.14565e+06
	 current Sphi estimate: 1.95203
	 current Sphi proposal width: 0.0480926
	 current Mixture element probability for element 0: 1
acceptance ratio for amino acid:
	A	C	D	E	F	G	H	I	K	L	N	P	Q	R	S	T	V	Y	Z	
	0.18	0.29	0.24	0.25	0.23	0.23	0.26	0.26	0.27	0.32	0.26	0.2	0.3	0.27	0.27	0.21	0.15	0.13	0.21	
acceptance ratio for synthesis rate:
	 acceptance ratio to low: 158
	 acceptance ratio to high: 207
##################################################
Geweke Score after 4999 iterations: -2.3643
##################################################
Status at iteration 5100
	 current logLikelihood: -1.14548e+06
	 current Sphi estimate: 1.89719
	 current Sphi proposal width: 0.0480926
	 current Mixture element probability for element 0: 1
acceptance ratio for amino acid:
	A	C	D	E	F	G	H	I	K	L	N	P	Q	R	S	T	V	Y	Z	
	0.36	0.31	0.22	0.28	0.21	0.21	0.23	0.33	0.38	0.2	0.28	0.09	0.28	0.23	0.32	0.16	0.21	0.26	0.29	
acceptance ratio for synthesis rate:
	 acceptance ratio to low: 180
	 acceptance ratio to high: 183
Status at iteration 5200
	 current logLikelihood: -1.14544e+06
	 current Sphi estimate: 1.95202
	 current Sphi proposal width: 0.0577112
	 current Mixture element probability for element 0: 1
acceptance ratio for amino acid:
	A	C	D	E	F	G	H	I	K	L	N	P	Q	R	S	T	V	Y	Z	
	0.21	0.17	0.29	0.26	0.3	0.2	0.27	0.25	0.25	0.25	0.21	0.36	0.19	0.22	0.19	0.27	0.34	0.3	0.25	
acceptance ratio for synthesis rate:
	 acceptance ratio to low: 138
	 acceptance ratio to high: 219
Status at iteration 5300
	 current logLikelihood: -1.14575e+06
	 current Sphi estimate: 1.90161
	 current Sphi proposal width: 0.0577112
	 current Mixture element probability for element 0: 1
acceptance ratio for amino acid:
	A	C	D	E	F	G	H	I	K	L	N	P	Q	R	S	T	V	Y	Z	
	0.15	0.3	0.32	0.22	0.18	0.19	0.33	0.17	0.17	0.1	0.23	0.29	0.31	0.23	0.32	0.29	0.23	0.31	0.25	
acceptance ratio for synthesis rate:
	 acceptance ratio to low: 151
	 acceptance ratio to high: 197
Status at iteration 5400
	 current logLikelihood: -1.14546e+06
	 current Sphi estimate: 1.93499
	 current Sphi proposal width: 0.0692534
	 current Mixture element probability for element 0: 1
acceptance ratio for amino acid:
	A	C	D	E	F	G	H	I	K	L	N	P	Q	R	S	T	V	Y	Z	
	0.36	0.21	0.17	0.25	0.31	0.24	0.18	0.33	0.23	0.38	0.22	0.26	0.26	0.17	0.22	0.33	0.18	0.34	0.18	
acceptance ratio for synthesis rate:
	 acceptance ratio to low: 112
	 acceptance ratio to high: 223
Status at iteration 5500
	 current logLikelihood: -1.1456e+06
	 current Sphi estimate: 1.91483
	 current Sphi proposal width: 0.0831041
	 current Mixture element probability for element 0: 1
acceptance ratio for amino acid:
	A	C	D	E	F	G	H	I	K	L	N	P	Q	R	S	T	V	Y	Z	
	0.26	0.2	0.26	0.35	0.28	0.29	0.33	0.25	0.34	0.27	0.27	0.28	0.3	0.41	0.25	0.21	0.35	0.27	0.25	
acceptance ratio for synthesis rate:
	 acceptance ratio to low: 126
	 acceptance ratio to high: 244
Status at iteration 5600
	 current logLikelihood: -1.14582e+06
	 current Sphi estimate: 1.88805
	 current Sphi proposal width: 0.0831041
	 current Mixture element probability for element 0: 1
acceptance ratio for amino acid:
	A	C	D	E	F	G	H	I	K	L	N	P	Q	R	S	T	V	Y	Z	
	0.27	0.2	0.31	0.23	0.26	0.41	0.2	0.28	0.22	0.16	0.31	0.28	0.26	0.27	0.23	0.23	0.27	0.27	0.27	
acceptance ratio for synthesis rate:
	 acceptance ratio to low: 162
	 acceptance ratio to high: 193
Status at iteration 5700
	 current logLikelihood: -1.14565e+06
	 current Sphi estimate: 1.89558
	 current Sphi proposal width: 0.0664833
	 current Mixture element probability for element 0: 1
acceptance ratio for amino acid:
	A	C	D	E	F	G	H	I	K	L	N	P	Q	R	S	T	V	Y	Z	
	0.23	0.24	0.24	0.22	0.34	0.24	0.18	0.21	0.22	0.33	0.2	0.28	0.27	0.18	0.2	0.2	0.27	0.17	0.29	
acceptance ratio for synthesis rate:
	 acceptance ratio to low: 185
	 acceptance ratio to high: 167
Status at iteration 5800
	 current logLikelihood: -1.14573e+06
	 current Sphi estimate: 1.92628
	 current Sphi proposal width: 0.0664833
	 current Mixture element probability for element 0: 1
acceptance ratio for amino acid:
	A	C	D	E	F	G	H	I	K	L	N	P	Q	R	S	T	V	Y	Z	
	0.3	0.32	0.28	0.17	0.23	0.24	0.27	0.26	0.25	0.26	0.18	0.21	0.29	0.54	0.3	0.19	0.25	0.21	0.36	
acceptance ratio for synthesis rate:
	 acceptance ratio to low: 187
	 acceptance ratio to high: 206
Status at iteration 5900
	 current logLikelihood: -1.14557e+06
	 current Sphi estimate: 1.87413
	 current Sphi proposal width: 0.0531866
	 current Mixture element probability for element 0: 1
acceptance ratio for amino acid:
	A	C	D	E	F	G	H	I	K	L	N	P	Q	R	S	T	V	Y	Z	
	0.27	0.21	0.23	0.24	0.28	0.26	0.31	0.26	0.21	0.36	0.31	0.27	0.31	0.31	0.2	0.36	0.27	0.26	0.26	
acceptance ratio for synthesis rate:
	 acceptance ratio to low: 133
	 acceptance ratio to high: 227
Status at iteration 6000
	 current logLikelihood: -1.14575e+06
	 current Sphi estimate: 1.97814
	 current Sphi proposal width: 0.0531866
	 current Mixture element probability for element 0: 1
acceptance ratio for amino acid:
	A	C	D	E	F	G	H	I	K	L	N	P	Q	R	S	T	V	Y	Z	
	0.3	0.18	0.22	0.16	0.22	0.16	0.22	0.19	0.17	0.12	0.24	0.4	0.16	0.07	0.27	0.22	0.26	0.23	0.39	
acceptance ratio for synthesis rate:
	 acceptance ratio to low: 115
	 acceptance ratio to high: 259
Status at iteration 6100
	 current logLikelihood: -1.14558e+06
	 current Sphi estimate: 1.94593
	 current Sphi proposal width: 0.0531866
	 current Mixture element probability for element 0: 1
acceptance ratio for amino acid:
	A	C	D	E	F	G	H	I	K	L	N	P	Q	R	S	T	V	Y	Z	
	0.2	0.2	0.25	0.27	0.26	0.31	0.2	0.3	0.32	0.27	0.16	0.18	0.23	0.35	0.16	0.32	0.22	0.27	0.23	
acceptance ratio for synthesis rate:
	 acceptance ratio to low: 129
	 acceptance ratio to high: 223
Status at iteration 6200
	 current logLikelihood: -1.1459e+06
	 current Sphi estimate: 1.83819
	 current Sphi proposal width: 0.0531866
	 current Mixture element probability for element 0: 1
acceptance ratio for amino acid:
	A	C	D	E	F	G	H	I	K	L	N	P	Q	R	S	T	V	Y	Z	
	0.24	0.28	0.31	0.35	0.13	0.25	0.28	0.38	0.22	0.28	0.26	0.35	0.25	0.18	0.37	0.09	0.23	0.24	0.23	
acceptance ratio for synthesis rate:
	 acceptance ratio to low: 194
	 acceptance ratio to high: 167
Status at iteration 6300
	 current logLikelihood: -1.14595e+06
	 current Sphi estimate: 1.87746
	 current Sphi proposal width: 0.0638239
	 current Mixture element probability for element 0: 1
acceptance ratio for amino acid:
	A	C	D	E	F	G	H	I	K	L	N	P	Q	R	S	T	V	Y	Z	
	0.18	0.26	0.14	0.16	0.2	0.16	0.23	0.23	0.26	0.46	0.23	0.18	0.31	0.45	0.26	0.24	0.23	0.2	0.2	
acceptance ratio for synthesis rate:
	 acceptance ratio to low: 187
	 acceptance ratio to high: 172
Status at iteration 6400
	 current logLikelihood: -1.14578e+06
	 current Sphi estimate: 1.83487
	 current Sphi proposal width: 0.0638239
	 current Mixture element probability for element 0: 1
acceptance ratio for amino acid:
	A	C	D	E	F	G	H	I	K	L	N	P	Q	R	S	T	V	Y	Z	
	0.43	0.26	0.22	0.2	0.29	0.36	0.1	0.31	0.28	0.14	0.3	0.38	0.24	0.13	0.26	0.28	0.15	0.22	0.25	
acceptance ratio for synthesis rate:
	 acceptance ratio to low: 168
	 acceptance ratio to high: 152
Status at iteration 6500
	 current logLikelihood: -1.14562e+06
	 current Sphi estimate: 1.84084
	 current Sphi proposal width: 0.0638239
	 current Mixture element probability for element 0: 1
acceptance ratio for amino acid:
	A	C	D	E	F	G	H	I	K	L	N	P	Q	R	S	T	V	Y	Z	
	0.26	0.27	0.31	0.23	0.23	0.29	0.26	0.22	0.22	0.28	0.16	0.27	0.21	0.37	0.31	0.22	0.35	0.27	0.38	
acceptance ratio for synthesis rate:
	 acceptance ratio to low: 152
	 acceptance ratio to high: 241
Status at iteration 6600
	 current logLikelihood: -1.14566e+06
	 current Sphi estimate: 1.87912
	 current Sphi proposal width: 0.0765887
	 current Mixture element probability for element 0: 1
acceptance ratio for amino acid:
	A	C	D	E	F	G	H	I	K	L	N	P	Q	R	S	T	V	Y	Z	
	0.35	0.21	0.16	0.31	0.26	0.24	0.28	0.2	0.21	0.26	0.35	0.19	0.25	0.22	0.12	0.33	0.26	0.29	0.24	
acceptance ratio for synthesis rate:
	 acceptance ratio to low: 124
	 acceptance ratio to high: 236
Status at iteration 6700
	 current logLikelihood: -1.14562e+06
	 current Sphi estimate: 1.96053
	 current Sphi proposal width: 0.0765887
	 current Mixture element probability for element 0: 1
acceptance ratio for amino acid:
	A	C	D	E	F	G	H	I	K	L	N	P	Q	R	S	T	V	Y	Z	
	0.1	0.15	0.23	0.23	0.25	0.25	0.3	0.19	0.25	0.38	0.2	0.31	0.29	0.3	0.33	0.19	0.18	0.22	0.2	
acceptance ratio for synthesis rate:
	 acceptance ratio to low: 124
	 acceptance ratio to high: 236
Status at iteration 6800
	 current logLikelihood: -1.14574e+06
	 current Sphi estimate: 1.88047
	 current Sphi proposal width: 0.061271
	 current Mixture element probability for element 0: 1
acceptance ratio for amino acid:
	A	C	D	E	F	G	H	I	K	L	N	P	Q	R	S	T	V	Y	Z	
	0.37	0.33	0.25	0.24	0.33	0.25	0.25	0.19	0.24	0.16	0.25	0.26	0.31	0.32	0.11	0.23	0.34	0.22	0.2	
acceptance ratio for synthesis rate:
	 acceptance ratio to low: 128
	 acceptance ratio to high: 212
Status at iteration 6900
	 current logLikelihood: -1.14571e+06
	 current Sphi estimate: 1.91583
	 current Sphi proposal width: 0.0735252
	 current Mixture element probability for element 0: 1
acceptance ratio for amino acid:
	A	C	D	E	F	G	H	I	K	L	N	P	Q	R	S	T	V	Y	Z	
	0.18	0.24	0.23	0.2	0.23	0.34	0.26	0.32	0.38	0.41	0.31	0.19	0.19	0.15	0.34	0.32	0.36	0.28	0.2	
acceptance ratio for synthesis rate:
	 acceptance ratio to low: 137
	 acceptance ratio to high: 213
Status at iteration 7000
	 current logLikelihood: -1.14558e+06
	 current Sphi estimate: 1.95921
	 current Sphi proposal width: 0.0735252
	 current Mixture element probability for element 0: 1
acceptance ratio for amino acid:
	A	C	D	E	F	G	H	I	K	L	N	P	Q	R	S	T	V	Y	Z	
	0.29	0.29	0.32	0.24	0.21	0.14	0.35	0.29	0.3	0.21	0.27	0.39	0.28	0.29	0.23	0.15	0.24	0.22	0.12	
acceptance ratio for synthesis rate:
	 acceptance ratio to low: 132
	 acceptance ratio to high: 222
Status at iteration 7100
	 current logLikelihood: -1.14564e+06
	 current Sphi estimate: 1.90196
	 current Sphi proposal width: 0.0735252
	 current Mixture element probability for element 0: 1
acceptance ratio for amino acid:
	A	C	D	E	F	G	H	I	K	L	N	P	Q	R	S	T	V	Y	Z	
	0.33	0.27	0.15	0.31	0.28	0.26	0.24	0.3	0.28	0.19	0.23	0.23	0.26	0.26	0.24	0.32	0.16	0.24	0.2	
acceptance ratio for synthesis rate:
	 acceptance ratio to low: 171
	 acceptance ratio to high: 175
Status at iteration 7200
	 current logLikelihood: -1.14556e+06
	 current Sphi estimate: 1.95105
	 current Sphi proposal width: 0.0735252
	 current Mixture element probability for element 0: 1
acceptance ratio for amino acid:
	A	C	D	E	F	G	H	I	K	L	N	P	Q	R	S	T	V	Y	Z	
	0.21	0.34	0.23	0.22	0.22	0.22	0.25	0.29	0.25	0.43	0.24	0.29	0.26	0.26	0.25	0.23	0.26	0.2	0.23	
acceptance ratio for synthesis rate:
	 acceptance ratio to low: 141
	 acceptance ratio to high: 204
Status at iteration 7300
	 current logLikelihood: -1.14579e+06
	 current Sphi estimate: 1.89335
	 current Sphi proposal width: 0.0588201
	 current Mixture element probability for element 0: 1
acceptance ratio for amino acid:
	A	C	D	E	F	G	H	I	K	L	N	P	Q	R	S	T	V	Y	Z	
	0.23	0.22	0.22	0.22	0.23	0.29	0.18	0.22	0.18	0.29	0.27	0.25	0.24	0.26	0.12	0.19	0.41	0.35	0.31	
acceptance ratio for synthesis rate:
	 acceptance ratio to low: 161
	 acceptance ratio to high: 204
Status at iteration 7400
	 current logLikelihood: -1.14575e+06
	 current Sphi estimate: 1.88896
	 current Sphi proposal width: 0.0705842
	 current Mixture element probability for element 0: 1
acceptance ratio for amino acid:
	A	C	D	E	F	G	H	I	K	L	N	P	Q	R	S	T	V	Y	Z	
	0.2	0.23	0.23	0.17	0.21	0.29	0.26	0.39	0.23	0.25	0.25	0.17	0.25	0.24	0.4	0.31	0.22	0.32	0.23	
acceptance ratio for synthesis rate:
	 acceptance ratio to low: 175
	 acceptance ratio to high: 194
Status at iteration 7500
	 current logLikelihood: -1.14569e+06
	 current Sphi estimate: 1.88456
	 current Sphi proposal width: 0.0705842
	 current Mixture element probability for element 0: 1
acceptance ratio for amino acid:
	A	C	D	E	F	G	H	I	K	L	N	P	Q	R	S	T	V	Y	Z	
	0.24	0.21	0.13	0.28	0.31	0.29	0.26	0.13	0.23	0.25	0.23	0.38	0.21	0.25	0.17	0.28	0.18	0.13	0.17	
acceptance ratio for synthesis rate:
	 acceptance ratio to low: 143
	 acceptance ratio to high: 201
Status at iteration 7600
	 current logLikelihood: -1.14572e+06
	 current Sphi estimate: 1.83532
	 current Sphi proposal width: 0.0705842
	 current Mixture element probability for element 0: 1
acceptance ratio for amino acid:
	A	C	D	E	F	G	H	I	K	L	N	P	Q	R	S	T	V	Y	Z	
	0.19	0.21	0.27	0.31	0.16	0.33	0.23	0.27	0.2	0.22	0.21	0.3	0.14	0.26	0.37	0.21	0.34	0.26	0.24	
acceptance ratio for synthesis rate:
	 acceptance ratio to low: 172
	 acceptance ratio to high: 190
Status at iteration 7700
	 current logLikelihood: -1.14564e+06
	 current Sphi estimate: 1.92225
	 current Sphi proposal width: 0.0705842
	 current Mixture element probability for element 0: 1
acceptance ratio for amino acid:
	A	C	D	E	F	G	H	I	K	L	N	P	Q	R	S	T	V	Y	Z	
	0.34	0.23	0.21	0.2	0.2	0.13	0.3	0.29	0.22	0.26	0.29	0.23	0.29	0.3	0.23	0.16	0.22	0.31	0.21	
acceptance ratio for synthesis rate:
	 acceptance ratio to low: 127
	 acceptance ratio to high: 266
Status at iteration 7800
	 current logLikelihood: -1.14558e+06
	 current Sphi estimate: 1.88193
	 current Sphi proposal width: 0.0705842
	 current Mixture element probability for element 0: 1
acceptance ratio for amino acid:
	A	C	D	E	F	G	H	I	K	L	N	P	Q	R	S	T	V	Y	Z	
	0.19	0.27	0.37	0.27	0.25	0.31	0.29	0.3	0.3	0.24	0.29	0.4	0.28	0.3	0.24	0.33	0.18	0.24	0.17	
acceptance ratio for synthesis rate:
	 acceptance ratio to low: 118
	 acceptance ratio to high: 210
Status at iteration 7900
	 current logLikelihood: -1.14558e+06
	 current Sphi estimate: 1.84676
	 current Sphi proposal width: 0.0705842
	 current Mixture element probability for element 0: 1
acceptance ratio for amino acid:
	A	C	D	E	F	G	H	I	K	L	N	P	Q	R	S	T	V	Y	Z	
	0.36	0.2	0.19	0.25	0.22	0.2	0.29	0.36	0.19	0.23	0.22	0.22	0.24	0.27	0.19	0.28	0.3	0.23	0.21	
acceptance ratio for synthesis rate:
	 acceptance ratio to low: 160
	 acceptance ratio to high: 207
Status at iteration 8000
	 current logLikelihood: -1.14577e+06
	 current Sphi estimate: 1.87716
	 current Sphi proposal width: 0.0705842
	 current Mixture element probability for element 0: 1
acceptance ratio for amino acid:
	A	C	D	E	F	G	H	I	K	L	N	P	Q	R	S	T	V	Y	Z	
	0.33	0.23	0.31	0.19	0.29	0.2	0.27	0.24	0.32	0.21	0.25	0.16	0.25	0.27	0.42	0.25	0.35	0.14	0.28	
acceptance ratio for synthesis rate:
	 acceptance ratio to low: 164
	 acceptance ratio to high: 175
Status at iteration 8100
	 current logLikelihood: -1.14576e+06
	 current Sphi estimate: 1.83323
	 current Sphi proposal width: 0.0705842
	 current Mixture element probability for element 0: 1
acceptance ratio for amino acid:
	A	C	D	E	F	G	H	I	K	L	N	P	Q	R	S	T	V	Y	Z	
	0.09	0.23	0.25	0.3	0.21	0.23	0.24	0.21	0.3	0.26	0.18	0.31	0.3	0.29	0.17	0.17	0.17	0.3	0.24	
acceptance ratio for synthesis rate:
	 acceptance ratio to low: 205
	 acceptance ratio to high: 158
Status at iteration 8200
	 current logLikelihood: -1.14579e+06
	 current Sphi estimate: 1.84671
	 current Sphi proposal width: 0.0564673
	 current Mixture element probability for element 0: 1
acceptance ratio for amino acid:
	A	C	D	E	F	G	H	I	K	L	N	P	Q	R	S	T	V	Y	Z	
	0.33	0.26	0.29	0.28	0.19	0.22	0.32	0.19	0.3	0.24	0.24	0.2	0.25	0.31	0.41	0.25	0.34	0.19	0.21	
acceptance ratio for synthesis rate:
	 acceptance ratio to low: 168
	 acceptance ratio to high: 182
Status at iteration 8300
	 current logLikelihood: -1.14575e+06
	 current Sphi estimate: 1.83494
	 current Sphi proposal width: 0.0564673
	 current Mixture element probability for element 0: 1
acceptance ratio for amino acid:
	A	C	D	E	F	G	H	I	K	L	N	P	Q	R	S	T	V	Y	Z	
	0.17	0.27	0.2	0.26	0.24	0.25	0.22	0.33	0.31	0.2	0.27	0.33	0.16	0.18	0.29	0.37	0.28	0.33	0.32	
acceptance ratio for synthesis rate:
	 acceptance ratio to low: 146
	 acceptance ratio to high: 219
Status at iteration 8400
	 current logLikelihood: -1.14577e+06
	 current Sphi estimate: 1.89136
	 current Sphi proposal width: 0.0564673
	 current Mixture element probability for element 0: 1
acceptance ratio for amino acid:
	A	C	D	E	F	G	H	I	K	L	N	P	Q	R	S	T	V	Y	Z	
	0.4	0.28	0.31	0.27	0.3	0.2	0.24	0.26	0.26	0.3	0.2	0.13	0.26	0.31	0.37	0.19	0.26	0.22	0.29	
acceptance ratio for synthesis rate:
	 acceptance ratio to low: 126
	 acceptance ratio to high: 197
Status at iteration 8500
	 current logLikelihood: -1.14594e+06
	 current Sphi estimate: 1.89497
	 current Sphi proposal width: 0.0564673
	 current Mixture element probability for element 0: 1
acceptance ratio for amino acid:
	A	C	D	E	F	G	H	I	K	L	N	P	Q	R	S	T	V	Y	Z	
	0.27	0.24	0.27	0.22	0.29	0.22	0.29	0.2	0.19	0.2	0.21	0.21	0.31	0.12	0.19	0.38	0.22	0.2	0.28	
acceptance ratio for synthesis rate:
	 acceptance ratio to low: 145
	 acceptance ratio to high: 196
Status at iteration 8600
	 current logLikelihood: -1.14574e+06
	 current Sphi estimate: 1.85408
	 current Sphi proposal width: 0.0564673
	 current Mixture element probability for element 0: 1
acceptance ratio for amino acid:
	A	C	D	E	F	G	H	I	K	L	N	P	Q	R	S	T	V	Y	Z	
	0.26	0.22	0.33	0.21	0.25	0.23	0.29	0.21	0.24	0.21	0.18	0.16	0.27	0.26	0.25	0.24	0.25	0.28	0.25	
acceptance ratio for synthesis rate:
	 acceptance ratio to low: 142
	 acceptance ratio to high: 191
Status at iteration 8700
	 current logLikelihood: -1.14562e+06
	 current Sphi estimate: 1.90132
	 current Sphi proposal width: 0.0564673
	 current Mixture element probability for element 0: 1
acceptance ratio for amino acid:
	A	C	D	E	F	G	H	I	K	L	N	P	Q	R	S	T	V	Y	Z	
	0.22	0.26	0.28	0.26	0.19	0.21	0.28	0.32	0.3	0.18	0.25	0.27	0.35	0.37	0.37	0.35	0.15	0.23	0.22	
acceptance ratio for synthesis rate:
	 acceptance ratio to low: 138
	 acceptance ratio to high: 230
Status at iteration 8800
	 current logLikelihood: -1.14561e+06
	 current Sphi estimate: 1.92132
	 current Sphi proposal width: 0.0564673
	 current Mixture element probability for element 0: 1
acceptance ratio for amino acid:
	A	C	D	E	F	G	H	I	K	L	N	P	Q	R	S	T	V	Y	Z	
	0.14	0.17	0.23	0.25	0.27	0.19	0.26	0.18	0.29	0.53	0.33	0.35	0.3	0.17	0.25	0.19	0.36	0.23	0.25	
acceptance ratio for synthesis rate:
	 acceptance ratio to low: 117
	 acceptance ratio to high: 248
Status at iteration 8900
	 current logLikelihood: -1.1458e+06
	 current Sphi estimate: 1.8558
	 current Sphi proposal width: 0.0451739
	 current Mixture element probability for element 0: 1
acceptance ratio for amino acid:
	A	C	D	E	F	G	H	I	K	L	N	P	Q	R	S	T	V	Y	Z	
	0.34	0.26	0.19	0.4	0.32	0.3	0.18	0.23	0.29	0.27	0.19	0.26	0.27	0.44	0.19	0.3	0.28	0.23	0.27	
acceptance ratio for synthesis rate:
	 acceptance ratio to low: 149
	 acceptance ratio to high: 221
Status at iteration 9000
	 current logLikelihood: -1.14576e+06
	 current Sphi estimate: 1.88139
	 current Sphi proposal width: 0.0542086
	 current Mixture element probability for element 0: 1
acceptance ratio for amino acid:
	A	C	D	E	F	G	H	I	K	L	N	P	Q	R	S	T	V	Y	Z	
	0.25	0.25	0.27	0.3	0.4	0.22	0.3	0.21	0.29	0.24	0.27	0.36	0.14	0.16	0.32	0.28	0.29	0.24	0.23	
acceptance ratio for synthesis rate:
	 acceptance ratio to low: 167
	 acceptance ratio to high: 192
Status at iteration 9100
	 current logLikelihood: -1.14567e+06
	 current Sphi estimate: 1.91658
	 current Sphi proposal width: 0.0650504
	 current Mixture element probability for element 0: 1
acceptance ratio for amino acid:
	A	C	D	E	F	G	H	I	K	L	N	P	Q	R	S	T	V	Y	Z	
	0.21	0.36	0.15	0.17	0.29	0.36	0.24	0.17	0.26	0.28	0.41	0.24	0.31	0.32	0.26	0.27	0.25	0.25	0.24	
acceptance ratio for synthesis rate:
	 acceptance ratio to low: 120
	 acceptance ratio to high: 242
Status at iteration 9200
	 current logLikelihood: -1.14548e+06
	 current Sphi estimate: 1.9464
	 current Sphi proposal width: 0.0650504
	 current Mixture element probability for element 0: 1
acceptance ratio for amino acid:
	A	C	D	E	F	G	H	I	K	L	N	P	Q	R	S	T	V	Y	Z	
	0.27	0.34	0.28	0.33	0.24	0.2	0.26	0.39	0.24	0.29	0.29	0.2	0.24	0.31	0.26	0.25	0.33	0.26	0.35	
acceptance ratio for synthesis rate:
	 acceptance ratio to low: 128
	 acceptance ratio to high: 242
Status at iteration 9300
	 current logLikelihood: -1.14551e+06
	 current Sphi estimate: 1.83538
	 current Sphi proposal width: 0.0650504
	 current Mixture element probability for element 0: 1
acceptance ratio for amino acid:
	A	C	D	E	F	G	H	I	K	L	N	P	Q	R	S	T	V	Y	Z	
	0.35	0.15	0.29	0.24	0.24	0.23	0.3	0.25	0.28	0.27	0.3	0.2	0.32	0.08	0.21	0.3	0.07	0.24	0.21	
acceptance ratio for synthesis rate:
	 acceptance ratio to low: 153
	 acceptance ratio to high: 201
Status at iteration 9400
	 current logLikelihood: -1.14568e+06
	 current Sphi estimate: 1.86618
	 current Sphi proposal width: 0.0650504
	 current Mixture element probability for element 0: 1
acceptance ratio for amino acid:
	A	C	D	E	F	G	H	I	K	L	N	P	Q	R	S	T	V	Y	Z	
	0.16	0.22	0.28	0.28	0.24	0.15	0.32	0.17	0.32	0.29	0.28	0.14	0.25	0.32	0.24	0.3	0.41	0.26	0.22	
acceptance ratio for synthesis rate:
	 acceptance ratio to low: 163
	 acceptance ratio to high: 162
Status at iteration 9500
	 current logLikelihood: -1.14571e+06
	 current Sphi estimate: 1.8307
	 current Sphi proposal width: 0.0520403
	 current Mixture element probability for element 0: 1
acceptance ratio for amino acid:
	A	C	D	E	F	G	H	I	K	L	N	P	Q	R	S	T	V	Y	Z	
	0.23	0.2	0.3	0.17	0.23	0.35	0.2	0.37	0.25	0.26	0.18	0.31	0.2	0.1	0.2	0.22	0.18	0.22	0.23	
acceptance ratio for synthesis rate:
	 acceptance ratio to low: 161
	 acceptance ratio to high: 187
Status at iteration 9600
	 current logLikelihood: -1.14556e+06
	 current Sphi estimate: 1.86719
	 current Sphi proposal width: 0.0624484
	 current Mixture element probability for element 0: 1
acceptance ratio for amino acid:
	A	C	D	E	F	G	H	I	K	L	N	P	Q	R	S	T	V	Y	Z	
	0.24	0.2	0.32	0.27	0.28	0.31	0.32	0.24	0.2	0.27	0.32	0.15	0.27	0.36	0.2	0.27	0.32	0.2	0.23	
acceptance ratio for synthesis rate:
	 acceptance ratio to low: 131
	 acceptance ratio to high: 229
Status at iteration 9700
	 current logLikelihood: -1.14563e+06
	 current Sphi estimate: 1.87334
	 current Sphi proposal width: 0.0624484
	 current Mixture element probability for element 0: 1
acceptance ratio for amino acid:
	A	C	D	E	F	G	H	I	K	L	N	P	Q	R	S	T	V	Y	Z	
	0.26	0.22	0.27	0.3	0.27	0.12	0.17	0.3	0.19	0.24	0.14	0.33	0.26	0.12	0.25	0.36	0.2	0.23	0.2	
acceptance ratio for synthesis rate:
	 acceptance ratio to low: 137
	 acceptance ratio to high: 210
Status at iteration 9800
	 current logLikelihood: -1.14576e+06
	 current Sphi estimate: 1.87971
	 current Sphi proposal width: 0.074938
	 current Mixture element probability for element 0: 1
acceptance ratio for amino acid:
	A	C	D	E	F	G	H	I	K	L	N	P	Q	R	S	T	V	Y	Z	
	0.35	0.2	0.22	0.34	0.19	0.23	0.27	0.27	0.31	0.36	0.26	0.16	0.16	0.41	0.29	0.23	0.23	0.23	0.2	
acceptance ratio for synthesis rate:
	 acceptance ratio to low: 167
	 acceptance ratio to high: 185
Status at iteration 9900
	 current logLikelihood: -1.1457e+06
	 current Sphi estimate: 1.79564
	 current Sphi proposal width: 0.074938
	 current Mixture element probability for element 0: 1
acceptance ratio for amino acid:
	A	C	D	E	F	G	H	I	K	L	N	P	Q	R	S	T	V	Y	Z	
	0.15	0.32	0.12	0.27	0.32	0.35	0.29	0.22	0.26	0.11	0.37	0.41	0.35	0.18	0.17	0.23	0.17	0.2	0.23	
acceptance ratio for synthesis rate:
	 acceptance ratio to low: 182
	 acceptance ratio to high: 192
Status at iteration 10000
	 current logLikelihood: -1.14585e+06
	 current Sphi estimate: 1.83988
	 current Sphi proposal width: 0.074938
	 current Mixture element probability for element 0: 1
acceptance ratio for amino acid:
	A	C	D	E	F	G	H	I	K	L	N	P	Q	R	S	T	V	Y	Z	
	0.29	0.21	0.34	0.34	0.24	0.21	0.28	0.19	0.27	0.34	0.25	0.28	0.22	0.44	0.4	0.14	0.33	0.25	0.2	
acceptance ratio for synthesis rate:
	 acceptance ratio to low: 163
	 acceptance ratio to high: 192
##################################################
Geweke Score after 9999 iterations: -21.3836
##################################################
Status at iteration 10100
	 current logLikelihood: -1.14571e+06
	 current Sphi estimate: 1.8614
	 current Sphi proposal width: 0.0599504
	 current Mixture element probability for element 0: 1
acceptance ratio for amino acid:
	A	C	D	E	F	G	H	I	K	L	N	P	Q	R	S	T	V	Y	Z	
	0.32	0.24	0.22	0.27	0.25	0.18	0.24	0.25	0.17	0.16	0.22	0.18	0.22	0.2	0.24	0.33	0.27	0.23	0.19	
acceptance ratio for synthesis rate:
	 acceptance ratio to low: 139
	 acceptance ratio to high: 229
Status at iteration 10200
	 current logLikelihood: -1.14553e+06
	 current Sphi estimate: 1.88786
	 current Sphi proposal width: 0.0599504
	 current Mixture element probability for element 0: 1
acceptance ratio for amino acid:
	A	C	D	E	F	G	H	I	K	L	N	P	Q	R	S	T	V	Y	Z	
	0.23	0.27	0.22	0.22	0.3	0.41	0.24	0.32	0.36	0.32	0.24	0.32	0.27	0.19	0.35	0.16	0.25	0.37	0.29	
acceptance ratio for synthesis rate:
	 acceptance ratio to low: 108
	 acceptance ratio to high: 272
Status at iteration 10300
	 current logLikelihood: -1.14581e+06
	 current Sphi estimate: 1.88419
	 current Sphi proposal width: 0.0599504
	 current Mixture element probability for element 0: 1
acceptance ratio for amino acid:
	A	C	D	E	F	G	H	I	K	L	N	P	Q	R	S	T	V	Y	Z	
	0.23	0.27	0.19	0.29	0.35	0.22	0.26	0.3	0.27	0.22	0.25	0.2	0.23	0.5	0.2	0.33	0.29	0.23	0.26	
acceptance ratio for synthesis rate:
	 acceptance ratio to low: 141
	 acceptance ratio to high: 213
Status at iteration 10400
	 current logLikelihood: -1.14577e+06
	 current Sphi estimate: 1.88061
	 current Sphi proposal width: 0.0479603
	 current Mixture element probability for element 0: 1
acceptance ratio for amino acid:
	A	C	D	E	F	G	H	I	K	L	N	P	Q	R	S	T	V	Y	Z	
	0.12	0.15	0.27	0.27	0.16	0.21	0.21	0.21	0.29	0.2	0.22	0.18	0.15	0.24	0.14	0.25	0.27	0.17	0.25	
acceptance ratio for synthesis rate:
	 acceptance ratio to low: 164
	 acceptance ratio to high: 177
Status at iteration 10500
	 current logLikelihood: -1.14584e+06
	 current Sphi estimate: 1.9293
	 current Sphi proposal width: 0.0479603
	 current Mixture element probability for element 0: 1
acceptance ratio for amino acid:
	A	C	D	E	F	G	H	I	K	L	N	P	Q	R	S	T	V	Y	Z	
	0.38	0.2	0.26	0.28	0.21	0.2	0.16	0.35	0.27	0.17	0.27	0.36	0.25	0.27	0.21	0.22	0.22	0.27	0.3	
acceptance ratio for synthesis rate:
	 acceptance ratio to low: 139
	 acceptance ratio to high: 226
Status at iteration 10600
	 current logLikelihood: -1.14577e+06
	 current Sphi estimate: 1.83384
	 current Sphi proposal width: 0.0575524
	 current Mixture element probability for element 0: 1
acceptance ratio for amino acid:
	A	C	D	E	F	G	H	I	K	L	N	P	Q	R	S	T	V	Y	Z	
	0.3	0.33	0.37	0.29	0.25	0.19	0.31	0.27	0.29	0.42	0.32	0.35	0.21	0.28	0.33	0.27	0.2	0.25	0.29	
acceptance ratio for synthesis rate:
	 acceptance ratio to low: 161
	 acceptance ratio to high: 201
Status at iteration 10700
	 current logLikelihood: -1.14566e+06
	 current Sphi estimate: 1.84314
	 current Sphi proposal width: 0.0575524
	 current Mixture element probability for element 0: 1
acceptance ratio for amino acid:
	A	C	D	E	F	G	H	I	K	L	N	P	Q	R	S	T	V	Y	Z	
	0.13	0.23	0.25	0.16	0.25	0.28	0.25	0.24	0.27	0.3	0.16	0.18	0.29	0.26	0.21	0.29	0.23	0.27	0.26	
acceptance ratio for synthesis rate:
	 acceptance ratio to low: 158
	 acceptance ratio to high: 180
Status at iteration 10800
	 current logLikelihood: -1.14583e+06
	 current Sphi estimate: 1.90789
	 current Sphi proposal width: 0.0575524
	 current Mixture element probability for element 0: 1
