
R version 3.1.1 (2014-07-10) -- "Sock it to Me"
Copyright (C) 2014 The R Foundation for Statistical Computing
Platform: x86_64-pc-linux-gnu (64-bit)

R is free software and comes with ABSOLUTELY NO WARRANTY.
You are welcome to redistribute it under certain conditions.
Type 'license()' or 'licence()' for distribution details.

  Natural language support but running in an English locale

R is a collaborative project with many contributors.
Type 'contributors()' for more information and
'citation()' on how to cite R or R packages in publications.

Type 'demo()' for some demos, 'help()' for on-line help, or
'help.start()' for an HTML browser interface to help.
Type 'q()' to quit R.

> library(ribModel)
> rm(list=ls())
> 
> with.phi <- FALSE
> 
> if (with.phi) {
+   genome <- initializeGenomeObject(file = "../ribModel/data/simulatedAllUniqueR.fasta", expression.file = "../ribModel/data/simulatedAllUniqueR_phi.csv")
+ } else {
+   #genome <- initializeGenomeObject(file = "../ribModel/data/simulatedAllUniqueR.fasta")
+   genome <- initializeGenomeObject(file = "../ribModel/data/simulatedOneMix.fasta")
+ }
> 
> #initialize parameter object
> sphi_init <- 1
> numMixtures <- 1
> mixDef <- "allUnique"
> #geneAssignment <- c(rep(1,500), rep(2,500))
> geneAssignment <- rep(1,1000)
> parameter <- initializeParameterObject(genome, sphi_init, numMixtures, geneAssignment, split.serine = TRUE, mixture.definition = mixDef)
> 
> # initialize MCMC object
> samples <- 6000
> thining <- 10
> adaptiveWidth <- 10
> divergence.iteration <- 50
> mcmc <- initializeMCMCObject(samples, thining, adaptive.width=adaptiveWidth, 
+                              est.expression=TRUE, est.csp=TRUE, est.hyper=TRUE)
> 
> # get model object
> model <- initializeModelObject(parameter, "ROC", with.phi = with.phi)
> 
> #run mcmc on genome with parameter using model
> system.time(
+   runMCMC(mcmc, genome, model, 4, divergence.iteration)
+ )
Allowing divergence from initial conditions for 50 iterations.

maxGrouping: 22
entering MCMC loop
	Estimate Codon Specific Parameters? TRUE
	Estimate Hyper Parameters? TRUE
	Estimate SynthesisRate Parameters? TRUE
	Starting MCMC with 60000 iterations
Status at iteration 100
	 current logLikelihood: -1.17203e+06
	 current Sphi estimate: 0.656325
	 current Sphi proposal width: 0.1
	 current Mixture element probability for element 0: 1
acceptance ratio for amino acid:
	A	C	D	E	F	G	H	I	K	L	N	P	Q	R	S	T	V	Y	Z	
	0.7	0.82	0.62	0.61	0.67	0.62	0.57	0.73	0.71	0.67	0.69	0.65	0.66	0.65	0.67	0.64	0.67	0.69	0.65	
acceptance ratio for synthesis rate:
	 acceptance ratio to low: 0
	 acceptance ratio to high: 1000
Status at iteration 200
	 current logLikelihood: -1.16095e+06
	 current Sphi estimate: 0.709993
	 current Sphi proposal width: 0.12
	 current Mixture element probability for element 0: 1
acceptance ratio for amino acid:
	A	C	D	E	F	G	H	I	K	L	N	P	Q	R	S	T	V	Y	Z	
	0.07	0.05	0.04	0.07	0.09	0.04	0.12	0.05	0.05	0.01	0.12	0.02	0.11	0.04	0.03	0.01	0.02	0.03	0.06	
acceptance ratio for synthesis rate:
	 acceptance ratio to low: 4
	 acceptance ratio to high: 864
Status at iteration 300
	 current logLikelihood: -1.15812e+06
	 current Sphi estimate: 0.68174
	 current Sphi proposal width: 0.12
	 current Mixture element probability for element 0: 1
acceptance ratio for amino acid:
	A	C	D	E	F	G	H	I	K	L	N	P	Q	R	S	T	V	Y	Z	
	0.07	0.04	0.03	0.02	0.03	0.01	0.01	0.03	0.06	0.01	0.03	0.05	0.03	0.03	0.03	0.01	0.07	0.03	0.03	
acceptance ratio for synthesis rate:
	 acceptance ratio to low: 37
	 acceptance ratio to high: 621
Status at iteration 400
	 current logLikelihood: -1.15587e+06
	 current Sphi estimate: 0.677379
	 current Sphi proposal width: 0.12
	 current Mixture element probability for element 0: 1
acceptance ratio for amino acid:
	A	C	D	E	F	G	H	I	K	L	N	P	Q	R	S	T	V	Y	Z	
	0.05	0.06	0.04	0.06	0.02	0.03	0.04	0.02	0.03	0.04	0.03	0.02	0.05	0.14	0.04	0.01	0.08	0.04	0.01	
acceptance ratio for synthesis rate:
	 acceptance ratio to low: 100
	 acceptance ratio to high: 450
Status at iteration 500
	 current logLikelihood: -1.15404e+06
	 current Sphi estimate: 0.689989
	 current Sphi proposal width: 0.12
	 current Mixture element probability for element 0: 1
acceptance ratio for amino acid:
	A	C	D	E	F	G	H	I	K	L	N	P	Q	R	S	T	V	Y	Z	
	0.01	0.05	0.02	0.02	0.02	0.01	0.01	0.01	0.01	0.05	0.05	0.04	0.07	0.19	0.03	0.05	0.05	0.02	0.07	
acceptance ratio for synthesis rate:
	 acceptance ratio to low: 126
	 acceptance ratio to high: 360
Status at iteration 600
	 current logLikelihood: -1.15323e+06
	 current Sphi estimate: 0.671446
	 current Sphi proposal width: 0.12
	 current Mixture element probability for element 0: 1
acceptance ratio for amino acid:
	A	C	D	E	F	G	H	I	K	L	N	P	Q	R	S	T	V	Y	Z	
	0.03	0.07	0.06	0.01	0.02	0.09	0.01	0.06	0.03	0.04	0.02	0.04	0.06	0.19	0.04	0.04	0.02	0.05	0.03	
acceptance ratio for synthesis rate:
	 acceptance ratio to low: 127
	 acceptance ratio to high: 275
Status at iteration 700
	 current logLikelihood: -1.15269e+06
	 current Sphi estimate: 0.664096
	 current Sphi proposal width: 0.12
	 current Mixture element probability for element 0: 1
acceptance ratio for amino acid:
	A	C	D	E	F	G	H	I	K	L	N	P	Q	R	S	T	V	Y	Z	
	0.08	0.03	0.02	0.04	0	0.08	0	0.05	0.03	0.22	0	0.03	0.04	0.27	0.02	0.04	0.04	0.03	0.01	
acceptance ratio for synthesis rate:
	 acceptance ratio to low: 130
	 acceptance ratio to high: 259
Status at iteration 800
	 current logLikelihood: -1.15228e+06
	 current Sphi estimate: 0.638938
	 current Sphi proposal width: 0.096
	 current Mixture element probability for element 0: 1
acceptance ratio for amino acid:
	A	C	D	E	F	G	H	I	K	L	N	P	Q	R	S	T	V	Y	Z	
	0.06	0.07	0.04	0.05	0.06	0.08	0.07	0.07	0.03	0.18	0.01	0.12	0.05	0.15	0.04	0.04	0.05	0.03	0.02	
acceptance ratio for synthesis rate:
	 acceptance ratio to low: 164
	 acceptance ratio to high: 212
Status at iteration 900
	 current logLikelihood: -1.15193e+06
	 current Sphi estimate: 0.665461
	 current Sphi proposal width: 0.096
	 current Mixture element probability for element 0: 1
acceptance ratio for amino acid:
	A	C	D	E	F	G	H	I	K	L	N	P	Q	R	S	T	V	Y	Z	
	0.18	0.11	0.07	0.1	0.02	0.16	0.03	0.05	0.03	0.31	0.08	0.1	0.03	0.37	0.09	0.09	0.17	0.06	0.04	
acceptance ratio for synthesis rate:
	 acceptance ratio to low: 175
	 acceptance ratio to high: 176
Status at iteration 1000
	 current logLikelihood: -1.15159e+06
	 current Sphi estimate: 0.612296
	 current Sphi proposal width: 0.096
	 current Mixture element probability for element 0: 1
acceptance ratio for amino acid:
	A	C	D	E	F	G	H	I	K	L	N	P	Q	R	S	T	V	Y	Z	
	0.24	0.02	0.03	0.05	0.07	0.11	0.06	0.11	0.04	0.19	0.05	0.16	0.03	0.22	0.08	0.13	0.17	0.12	0.06	
acceptance ratio for synthesis rate:
	 acceptance ratio to low: 150
	 acceptance ratio to high: 205
Status at iteration 1100
	 current logLikelihood: -1.15129e+06
	 current Sphi estimate: 0.591484
	 current Sphi proposal width: 0.1152
	 current Mixture element probability for element 0: 1
acceptance ratio for amino acid:
	A	C	D	E	F	G	H	I	K	L	N	P	Q	R	S	T	V	Y	Z	
	0.19	0.1	0.13	0.12	0.11	0.27	0.04	0.09	0.08	0.21	0.09	0.19	0.11	0.25	0.18	0.25	0.26	0.07	0.04	
acceptance ratio for synthesis rate:
	 acceptance ratio to low: 178
	 acceptance ratio to high: 168
Status at iteration 1200
	 current logLikelihood: -1.15112e+06
	 current Sphi estimate: 0.58054
	 current Sphi proposal width: 0.09216
	 current Mixture element probability for element 0: 1
acceptance ratio for amino acid:
	A	C	D	E	F	G	H	I	K	L	N	P	Q	R	S	T	V	Y	Z	
	0.26	0.09	0.13	0.13	0.07	0.32	0.04	0.09	0.12	0.31	0.09	0.36	0.16	0.23	0.35	0.25	0.26	0.07	0.11	
acceptance ratio for synthesis rate:
	 acceptance ratio to low: 191
	 acceptance ratio to high: 196
Status at iteration 1300
	 current logLikelihood: -1.15094e+06
	 current Sphi estimate: 0.567832
	 current Sphi proposal width: 0.073728
	 current Mixture element probability for element 0: 1
acceptance ratio for amino acid:
	A	C	D	E	F	G	H	I	K	L	N	P	Q	R	S	T	V	Y	Z	
	0.3	0.09	0.1	0.11	0.13	0.18	0.11	0.18	0.16	0.16	0.09	0.33	0.09	0.18	0.24	0.18	0.21	0.12	0.07	
acceptance ratio for synthesis rate:
	 acceptance ratio to low: 157
	 acceptance ratio to high: 174
Status at iteration 1400
	 current logLikelihood: -1.15085e+06
	 current Sphi estimate: 0.533563
	 current Sphi proposal width: 0.073728
	 current Mixture element probability for element 0: 1
acceptance ratio for amino acid:
	A	C	D	E	F	G	H	I	K	L	N	P	Q	R	S	T	V	Y	Z	
	0.3	0.12	0.13	0.08	0.14	0.26	0.13	0.27	0.12	0.29	0.11	0.17	0.12	0.28	0.24	0.36	0.25	0.1	0.11	
acceptance ratio for synthesis rate:
	 acceptance ratio to low: 159
	 acceptance ratio to high: 179
Status at iteration 1500
	 current logLikelihood: -1.15077e+06
	 current Sphi estimate: 0.518522
	 current Sphi proposal width: 0.0884736
	 current Mixture element probability for element 0: 1
acceptance ratio for amino acid:
	A	C	D	E	F	G	H	I	K	L	N	P	Q	R	S	T	V	Y	Z	
	0.24	0.09	0.14	0.11	0.13	0.3	0.17	0.18	0.15	0.33	0.1	0.18	0.07	0.34	0.13	0.23	0.16	0.09	0.12	
acceptance ratio for synthesis rate:
	 acceptance ratio to low: 165
	 acceptance ratio to high: 168
Status at iteration 1600
	 current logLikelihood: -1.1506e+06
	 current Sphi estimate: 0.508144
	 current Sphi proposal width: 0.0884736
	 current Mixture element probability for element 0: 1
acceptance ratio for amino acid:
	A	C	D	E	F	G	H	I	K	L	N	P	Q	R	S	T	V	Y	Z	
	0.21	0.15	0.17	0.17	0.15	0.24	0.17	0.27	0.06	0.14	0.08	0.36	0.16	0.2	0.25	0.24	0.31	0.1	0.15	
acceptance ratio for synthesis rate:
	 acceptance ratio to low: 171
	 acceptance ratio to high: 166
Status at iteration 1700
	 current logLikelihood: -1.1505e+06
	 current Sphi estimate: 0.490582
	 current Sphi proposal width: 0.0884736
	 current Mixture element probability for element 0: 1
acceptance ratio for amino acid:
	A	C	D	E	F	G	H	I	K	L	N	P	Q	R	S	T	V	Y	Z	
	0.28	0.09	0.16	0.18	0.1	0.2	0.16	0.27	0.19	0.31	0.16	0.27	0.25	0.14	0.28	0.23	0.24	0.16	0.12	
acceptance ratio for synthesis rate:
	 acceptance ratio to low: 151
	 acceptance ratio to high: 173
Status at iteration 1800
	 current logLikelihood: -1.15042e+06
	 current Sphi estimate: 0.478757
	 current Sphi proposal width: 0.0884736
	 current Mixture element probability for element 0: 1
acceptance ratio for amino acid:
	A	C	D	E	F	G	H	I	K	L	N	P	Q	R	S	T	V	Y	Z	
	0.26	0.21	0.17	0.16	0.12	0.23	0.11	0.25	0.17	0.15	0.18	0.32	0.11	0.3	0.28	0.36	0.15	0.11	0.27	
acceptance ratio for synthesis rate:
	 acceptance ratio to low: 171
	 acceptance ratio to high: 162
Status at iteration 1900
	 current logLikelihood: -1.15028e+06
	 current Sphi estimate: 0.456885
	 current Sphi proposal width: 0.106168
	 current Mixture element probability for element 0: 1
acceptance ratio for amino acid:
	A	C	D	E	F	G	H	I	K	L	N	P	Q	R	S	T	V	Y	Z	
	0.26	0.2	0.14	0.16	0.27	0.23	0.17	0.27	0.17	0.43	0.14	0.19	0.18	0.33	0.31	0.15	0.31	0.18	0.18	
acceptance ratio for synthesis rate:
	 acceptance ratio to low: 181
	 acceptance ratio to high: 182
Status at iteration 2000
	 current logLikelihood: -1.15026e+06
	 current Sphi estimate: 0.452671
	 current Sphi proposal width: 0.0849347
	 current Mixture element probability for element 0: 1
acceptance ratio for amino acid:
	A	C	D	E	F	G	H	I	K	L	N	P	Q	R	S	T	V	Y	Z	
	0.14	0.21	0.23	0.25	0.17	0.21	0.24	0.33	0.13	0.26	0.15	0.19	0.2	0.2	0.28	0.32	0.22	0.19	0.19	
acceptance ratio for synthesis rate:
	 acceptance ratio to low: 180
	 acceptance ratio to high: 177
Status at iteration 2100
	 current logLikelihood: -1.15016e+06
	 current Sphi estimate: 0.420232
	 current Sphi proposal width: 0.0849347
	 current Mixture element probability for element 0: 1
acceptance ratio for amino acid:
	A	C	D	E	F	G	H	I	K	L	N	P	Q	R	S	T	V	Y	Z	
	0.37	0.2	0.23	0.3	0.2	0.22	0.26	0.26	0.23	0.19	0.26	0.51	0.12	0.25	0.17	0.17	0.19	0.21	0.24	
acceptance ratio for synthesis rate:
	 acceptance ratio to low: 175
	 acceptance ratio to high: 170
Status at iteration 2200
	 current logLikelihood: -1.1501e+06
	 current Sphi estimate: 0.426946
	 current Sphi proposal width: 0.0849347
	 current Mixture element probability for element 0: 1
acceptance ratio for amino acid:
	A	C	D	E	F	G	H	I	K	L	N	P	Q	R	S	T	V	Y	Z	
	0.19	0.15	0.2	0.19	0.22	0.19	0.2	0.18	0.24	0.3	0.24	0.31	0.21	0.11	0.41	0.19	0.42	0.21	0.23	
acceptance ratio for synthesis rate:
	 acceptance ratio to low: 151
	 acceptance ratio to high: 179
Status at iteration 2300
	 current logLikelihood: -1.15002e+06
	 current Sphi estimate: 0.406266
	 current Sphi proposal width: 0.0849347
	 current Mixture element probability for element 0: 1
acceptance ratio for amino acid:
	A	C	D	E	F	G	H	I	K	L	N	P	Q	R	S	T	V	Y	Z	
	0.49	0.21	0.22	0.22	0.15	0.27	0.18	0.37	0.23	0.35	0.22	0.13	0.25	0.35	0.16	0.36	0.2	0.23	0.22	
acceptance ratio for synthesis rate:
	 acceptance ratio to low: 158
	 acceptance ratio to high: 193
Status at iteration 2400
	 current logLikelihood: -1.15003e+06
	 current Sphi estimate: 0.397152
	 current Sphi proposal width: 0.0849347
	 current Mixture element probability for element 0: 1
acceptance ratio for amino acid:
	A	C	D	E	F	G	H	I	K	L	N	P	Q	R	S	T	V	Y	Z	
	0.23	0.27	0.17	0.31	0.26	0.39	0.22	0.26	0.21	0.09	0.21	0.34	0.14	0.16	0.38	0.31	0.26	0.28	0.17	
acceptance ratio for synthesis rate:
	 acceptance ratio to low: 154
	 acceptance ratio to high: 195
Status at iteration 2500
	 current logLikelihood: -1.14996e+06
	 current Sphi estimate: 0.366589
	 current Sphi proposal width: 0.101922
	 current Mixture element probability for element 0: 1
acceptance ratio for amino acid:
	A	C	D	E	F	G	H	I	K	L	N	P	Q	R	S	T	V	Y	Z	
	0.18	0.22	0.32	0.18	0.23	0.23	0.19	0.25	0.2	0.4	0.18	0.3	0.35	0.29	0.32	0.14	0.21	0.22	0.31	
acceptance ratio for synthesis rate:
	 acceptance ratio to low: 180
	 acceptance ratio to high: 169
Status at iteration 2600
	 current logLikelihood: -1.14992e+06
	 current Sphi estimate: 0.355282
	 current Sphi proposal width: 0.101922
	 current Mixture element probability for element 0: 1
acceptance ratio for amino acid:
	A	C	D	E	F	G	H	I	K	L	N	P	Q	R	S	T	V	Y	Z	
	0.39	0.26	0.21	0.2	0.24	0.23	0.24	0.26	0.22	0.23	0.22	0.21	0.29	0.4	0.21	0.21	0.25	0.19	0.22	
acceptance ratio for synthesis rate:
	 acceptance ratio to low: 153
	 acceptance ratio to high: 216
Status at iteration 2700
	 current logLikelihood: -1.14992e+06
	 current Sphi estimate: 0.36389
	 current Sphi proposal width: 0.122306
	 current Mixture element probability for element 0: 1
acceptance ratio for amino acid:
	A	C	D	E	F	G	H	I	K	L	N	P	Q	R	S	T	V	Y	Z	
	0.29	0.2	0.13	0.27	0.13	0.21	0.3	0.23	0.32	0.34	0.24	0.22	0.25	0.19	0.18	0.3	0.25	0.23	0.16	
acceptance ratio for synthesis rate:
	 acceptance ratio to low: 150
	 acceptance ratio to high: 184
Status at iteration 2800
	 current logLikelihood: -1.14985e+06
	 current Sphi estimate: 0.341714
	 current Sphi proposal width: 0.122306
	 current Mixture element probability for element 0: 1
acceptance ratio for amino acid:
	A	C	D	E	F	G	H	I	K	L	N	P	Q	R	S	T	V	Y	Z	
	0.21	0.22	0.23	0.31	0.27	0.22	0.32	0.31	0.21	0.09	0.4	0.19	0.18	0.44	0.21	0.27	0.21	0.3	0.28	
acceptance ratio for synthesis rate:
	 acceptance ratio to low: 149
	 acceptance ratio to high: 183
Status at iteration 2900
	 current logLikelihood: -1.14977e+06
	 current Sphi estimate: 0.357141
	 current Sphi proposal width: 0.0978447
	 current Mixture element probability for element 0: 1
acceptance ratio for amino acid:
	A	C	D	E	F	G	H	I	K	L	N	P	Q	R	S	T	V	Y	Z	
	0.24	0.1	0.18	0.27	0.28	0.31	0.17	0.14	0.14	0.2	0.2	0.38	0.29	0.23	0.4	0.31	0.35	0.28	0.23	
acceptance ratio for synthesis rate:
	 acceptance ratio to low: 174
	 acceptance ratio to high: 175
Status at iteration 3000
	 current logLikelihood: -1.14977e+06
	 current Sphi estimate: 0.350047
	 current Sphi proposal width: 0.0978447
	 current Mixture element probability for element 0: 1
acceptance ratio for amino acid:
	A	C	D	E	F	G	H	I	K	L	N	P	Q	R	S	T	V	Y	Z	
	0.21	0.19	0.25	0.25	0.26	0.21	0.25	0.27	0.25	0.29	0.19	0.2	0.27	0.22	0.14	0.17	0.13	0.29	0.31	
acceptance ratio for synthesis rate:
	 acceptance ratio to low: 149
	 acceptance ratio to high: 187
Status at iteration 3100
	 current logLikelihood: -1.14972e+06
	 current Sphi estimate: 0.328215
	 current Sphi proposal width: 0.0978447
	 current Mixture element probability for element 0: 1
acceptance ratio for amino acid:
	A	C	D	E	F	G	H	I	K	L	N	P	Q	R	S	T	V	Y	Z	
	0.25	0.23	0.23	0.2	0.27	0.14	0.27	0.18	0.2	0.32	0.23	0.17	0.27	0.32	0.22	0.36	0.31	0.32	0.2	
acceptance ratio for synthesis rate:
	 acceptance ratio to low: 148
	 acceptance ratio to high: 180
Status at iteration 3200
	 current logLikelihood: -1.14972e+06
	 current Sphi estimate: 0.33918
	 current Sphi proposal width: 0.0978447
	 current Mixture element probability for element 0: 1
acceptance ratio for amino acid:
	A	C	D	E	F	G	H	I	K	L	N	P	Q	R	S	T	V	Y	Z	
	0.28	0.16	0.25	0.25	0.25	0.16	0.28	0.33	0.23	0.11	0.21	0.41	0.28	0.14	0.32	0.18	0.12	0.19	0.25	
acceptance ratio for synthesis rate:
	 acceptance ratio to low: 148
	 acceptance ratio to high: 185
Status at iteration 3300
	 current logLikelihood: -1.14963e+06
	 current Sphi estimate: 0.313692
	 current Sphi proposal width: 0.0978447
	 current Mixture element probability for element 0: 1
acceptance ratio for amino acid:
	A	C	D	E	F	G	H	I	K	L	N	P	Q	R	S	T	V	Y	Z	
	0.14	0.25	0.3	0.22	0.18	0.33	0.25	0.13	0.32	0.38	0.24	0.29	0.26	0.25	0.21	0.34	0.3	0.21	0.32	
acceptance ratio for synthesis rate:
	 acceptance ratio to low: 148
	 acceptance ratio to high: 200
Status at iteration 3400
	 current logLikelihood: -1.14966e+06
	 current Sphi estimate: 0.316561
	 current Sphi proposal width: 0.117414
	 current Mixture element probability for element 0: 1
acceptance ratio for amino acid:
	A	C	D	E	F	G	H	I	K	L	N	P	Q	R	S	T	V	Y	Z	
	0.36	0.25	0.29	0.24	0.25	0.22	0.22	0.35	0.19	0.1	0.22	0.28	0.25	0.22	0.17	0.27	0.34	0.33	0.19	
acceptance ratio for synthesis rate:
	 acceptance ratio to low: 138
	 acceptance ratio to high: 194
Status at iteration 3500
	 current logLikelihood: -1.14968e+06
	 current Sphi estimate: 0.312261
	 current Sphi proposal width: 0.0939309
	 current Mixture element probability for element 0: 1
acceptance ratio for amino acid:
	A	C	D	E	F	G	H	I	K	L	N	P	Q	R	S	T	V	Y	Z	
	0.17	0.2	0.34	0.3	0.25	0.22	0.26	0.23	0.21	0.33	0.29	0.28	0.23	0.27	0.34	0.19	0.22	0.25	0.21	
acceptance ratio for synthesis rate:
	 acceptance ratio to low: 152
	 acceptance ratio to high: 181
Status at iteration 3600
	 current logLikelihood: -1.14958e+06
	 current Sphi estimate: 0.303666
	 current Sphi proposal width: 0.112717
	 current Mixture element probability for element 0: 1
acceptance ratio for amino acid:
	A	C	D	E	F	G	H	I	K	L	N	P	Q	R	S	T	V	Y	Z	
	0.4	0.29	0.22	0.22	0.32	0.16	0.23	0.25	0.3	0.18	0.32	0.26	0.25	0.25	0.18	0.41	0.26	0.23	0.22	
acceptance ratio for synthesis rate:
	 acceptance ratio to low: 172
	 acceptance ratio to high: 204
Status at iteration 3700
	 current logLikelihood: -1.14959e+06
	 current Sphi estimate: 0.300229
	 current Sphi proposal width: 0.112717
	 current Mixture element probability for element 0: 1
acceptance ratio for amino acid:
	A	C	D	E	F	G	H	I	K	L	N	P	Q	R	S	T	V	Y	Z	
	0.29	0.17	0.31	0.19	0.27	0.36	0.26	0.26	0.33	0.33	0.26	0.24	0.19	0.29	0.3	0.32	0.17	0.22	0.27	
acceptance ratio for synthesis rate:
	 acceptance ratio to low: 175
	 acceptance ratio to high: 170
Status at iteration 3800
	 current logLikelihood: -1.14956e+06
	 current Sphi estimate: 0.293316
	 current Sphi proposal width: 0.112717
	 current Mixture element probability for element 0: 1
acceptance ratio for amino acid:
	A	C	D	E	F	G	H	I	K	L	N	P	Q	R	S	T	V	Y	Z	
	0.25	0.26	0.2	0.28	0.29	0.34	0.29	0.22	0.18	0.1	0.3	0.18	0.35	0.15	0.27	0.16	0.35	0.23	0.25	
acceptance ratio for synthesis rate:
	 acceptance ratio to low: 137
	 acceptance ratio to high: 175
Status at iteration 3900
	 current logLikelihood: -1.1495e+06
	 current Sphi estimate: 0.311005
	 current Sphi proposal width: 0.112717
	 current Mixture element probability for element 0: 1
acceptance ratio for amino acid:
	A	C	D	E	F	G	H	I	K	L	N	P	Q	R	S	T	V	Y	Z	
	0.21	0.27	0.17	0.19	0.36	0.17	0.26	0.26	0.21	0.36	0.23	0.31	0.27	0.44	0.27	0.24	0.15	0.3	0.2	
acceptance ratio for synthesis rate:
	 acceptance ratio to low: 150
	 acceptance ratio to high: 198
Status at iteration 4000
	 current logLikelihood: -1.14954e+06
	 current Sphi estimate: 0.301439
	 current Sphi proposal width: 0.0901737
	 current Mixture element probability for element 0: 1
acceptance ratio for amino acid:
	A	C	D	E	F	G	H	I	K	L	N	P	Q	R	S	T	V	Y	Z	
	0.22	0.23	0.22	0.35	0.25	0.23	0.33	0.24	0.26	0.18	0.19	0.23	0.19	0.21	0.28	0.26	0.3	0.21	0.25	
acceptance ratio for synthesis rate:
	 acceptance ratio to low: 162
	 acceptance ratio to high: 194
Status at iteration 4100
	 current logLikelihood: -1.14948e+06
	 current Sphi estimate: 0.306814
	 current Sphi proposal width: 0.0901737
	 current Mixture element probability for element 0: 1
acceptance ratio for amino acid:
	A	C	D	E	F	G	H	I	K	L	N	P	Q	R	S	T	V	Y	Z	
	0.3	0.26	0.27	0.29	0.22	0.26	0.23	0.24	0.27	0.4	0.22	0.3	0.24	0.27	0.33	0.28	0.23	0.16	0.17	
acceptance ratio for synthesis rate:
	 acceptance ratio to low: 140
	 acceptance ratio to high: 187
Status at iteration 4200
	 current logLikelihood: -1.14948e+06
	 current Sphi estimate: 0.304934
	 current Sphi proposal width: 0.108208
	 current Mixture element probability for element 0: 1
acceptance ratio for amino acid:
	A	C	D	E	F	G	H	I	K	L	N	P	Q	R	S	T	V	Y	Z	
	0.29	0.24	0.25	0.29	0.17	0.25	0.21	0.22	0.26	0.32	0.26	0.23	0.22	0.32	0.21	0.2	0.32	0.24	0.26	
acceptance ratio for synthesis rate:
	 acceptance ratio to low: 153
	 acceptance ratio to high: 213
Status at iteration 4300
	 current logLikelihood: -1.14945e+06
	 current Sphi estimate: 0.308617
	 current Sphi proposal width: 0.108208
	 current Mixture element probability for element 0: 1
acceptance ratio for amino acid:
	A	C	D	E	F	G	H	I	K	L	N	P	Q	R	S	T	V	Y	Z	
	0.2	0.26	0.19	0.25	0.2	0.28	0.3	0.18	0.26	0.15	0.19	0.2	0.2	0.17	0.28	0.2	0.14	0.2	0.18	
acceptance ratio for synthesis rate:
	 acceptance ratio to low: 167
	 acceptance ratio to high: 184
Status at iteration 4400
	 current logLikelihood: -1.14941e+06
	 current Sphi estimate: 0.289453
	 current Sphi proposal width: 0.108208
	 current Mixture element probability for element 0: 1
acceptance ratio for amino acid:
	A	C	D	E	F	G	H	I	K	L	N	P	Q	R	S	T	V	Y	Z	
	0.29	0.24	0.15	0.15	0.3	0.31	0.26	0.31	0.21	0.24	0.23	0.32	0.34	0.34	0.3	0.22	0.39	0.3	0.32	
acceptance ratio for synthesis rate:
	 acceptance ratio to low: 152
	 acceptance ratio to high: 188
Status at iteration 4500
	 current logLikelihood: -1.14943e+06
	 current Sphi estimate: 0.295595
	 current Sphi proposal width: 0.0865667
	 current Mixture element probability for element 0: 1
acceptance ratio for amino acid:
	A	C	D	E	F	G	H	I	K	L	N	P	Q	R	S	T	V	Y	Z	
	0.28	0.24	0.31	0.34	0.24	0.14	0.2	0.29	0.19	0.27	0.28	0.17	0.29	0.1	0.13	0.2	0.16	0.24	0.34	
acceptance ratio for synthesis rate:
	 acceptance ratio to low: 160
	 acceptance ratio to high: 197
Status at iteration 4600
	 current logLikelihood: -1.1494e+06
	 current Sphi estimate: 0.290872
	 current Sphi proposal width: 0.10388
	 current Mixture element probability for element 0: 1
acceptance ratio for amino acid:
	A	C	D	E	F	G	H	I	K	L	N	P	Q	R	S	T	V	Y	Z	
	0.23	0.27	0.23	0.32	0.18	0.33	0.24	0.32	0.26	0.37	0.32	0.27	0.2	0.38	0.35	0.35	0.39	0.27	0.16	
acceptance ratio for synthesis rate:
	 acceptance ratio to low: 123
	 acceptance ratio to high: 215
Status at iteration 4700
	 current logLikelihood: -1.1494e+06
	 current Sphi estimate: 0.273962
	 current Sphi proposal width: 0.10388
	 current Mixture element probability for element 0: 1
acceptance ratio for amino acid:
	A	C	D	E	F	G	H	I	K	L	N	P	Q	R	S	T	V	Y	Z	
	0.25	0.31	0.29	0.17	0.27	0.23	0.26	0.18	0.22	0.1	0.17	0.31	0.24	0.2	0.21	0.17	0.22	0.26	0.17	
acceptance ratio for synthesis rate:
	 acceptance ratio to low: 164
	 acceptance ratio to high: 190
Status at iteration 4800
	 current logLikelihood: -1.1494e+06
	 current Sphi estimate: 0.289209
	 current Sphi proposal width: 0.10388
	 current Mixture element probability for element 0: 1
acceptance ratio for amino acid:
	A	C	D	E	F	G	H	I	K	L	N	P	Q	R	S	T	V	Y	Z	
	0.33	0.23	0.29	0.3	0.2	0.17	0.25	0.31	0.27	0.4	0.32	0.23	0.36	0.2	0.16	0.25	0.23	0.19	0.33	
acceptance ratio for synthesis rate:
	 acceptance ratio to low: 153
	 acceptance ratio to high: 210
Status at iteration 4900
	 current logLikelihood: -1.14934e+06
	 current Sphi estimate: 0.283981
	 current Sphi proposal width: 0.124656
	 current Mixture element probability for element 0: 1
acceptance ratio for amino acid:
	A	C	D	E	F	G	H	I	K	L	N	P	Q	R	S	T	V	Y	Z	
	0.23	0.31	0.2	0.25	0.34	0.3	0.33	0.19	0.28	0.16	0.2	0.21	0.16	0.18	0.37	0.29	0.21	0.31	0.19	
acceptance ratio for synthesis rate:
	 acceptance ratio to low: 135
	 acceptance ratio to high: 206
Status at iteration 5000
	 current logLikelihood: -1.14933e+06
	 current Sphi estimate: 0.266689
	 current Sphi proposal width: 0.124656
	 current Mixture element probability for element 0: 1
acceptance ratio for amino acid:
	A	C	D	E	F	G	H	I	K	L	N	P	Q	R	S	T	V	Y	Z	
	0.18	0.26	0.33	0.32	0.29	0.33	0.29	0.26	0.32	0.43	0.24	0.16	0.19	0.42	0.32	0.3	0.22	0.23	0.26	
acceptance ratio for synthesis rate:
	 acceptance ratio to low: 148
	 acceptance ratio to high: 173
##################################################
Geweke Score after 4999 iterations: -3.13302
##################################################
Status at iteration 5100
	 current logLikelihood: -1.14928e+06
	 current Sphi estimate: 0.288808
	 current Sphi proposal width: 0.124656
	 current Mixture element probability for element 0: 1
acceptance ratio for amino acid:
	A	C	D	E	F	G	H	I	K	L	N	P	Q	R	S	T	V	Y	Z	
	0.33	0.15	0.36	0.2	0.27	0.15	0.17	0.33	0.3	0.21	0.21	0.29	0.27	0.12	0.17	0.31	0.26	0.33	0.31	
acceptance ratio for synthesis rate:
	 acceptance ratio to low: 137
	 acceptance ratio to high: 210
Status at iteration 5200
	 current logLikelihood: -1.14927e+06
	 current Sphi estimate: 0.275775
	 current Sphi proposal width: 0.124656
	 current Mixture element probability for element 0: 1
acceptance ratio for amino acid:
	A	C	D	E	F	G	H	I	K	L	N	P	Q	R	S	T	V	Y	Z	
	0.21	0.24	0.23	0.23	0.25	0.32	0.19	0.13	0.23	0.17	0.29	0.32	0.25	0.44	0.39	0.21	0.28	0.25	0.27	
acceptance ratio for synthesis rate:
	 acceptance ratio to low: 134
	 acceptance ratio to high: 203
Status at iteration 5300
	 current logLikelihood: -1.14929e+06
	 current Sphi estimate: 0.278206
	 current Sphi proposal width: 0.0997249
	 current Mixture element probability for element 0: 1
acceptance ratio for amino acid:
	A	C	D	E	F	G	H	I	K	L	N	P	Q	R	S	T	V	Y	Z	
	0.15	0.26	0.19	0.29	0.19	0.2	0.3	0.23	0.21	0.39	0.34	0.15	0.32	0.17	0.2	0.28	0.22	0.18	0.18	
acceptance ratio for synthesis rate:
	 acceptance ratio to low: 154
	 acceptance ratio to high: 197
Status at iteration 5400
	 current logLikelihood: -1.14926e+06
	 current Sphi estimate: 0.2795
	 current Sphi proposal width: 0.0997249
	 current Mixture element probability for element 0: 1
acceptance ratio for amino acid:
	A	C	D	E	F	G	H	I	K	L	N	P	Q	R	S	T	V	Y	Z	
	0.35	0.2	0.27	0.27	0.23	0.2	0.25	0.19	0.2	0.16	0.25	0.35	0.2	0.43	0.17	0.18	0.28	0.27	0.31	
acceptance ratio for synthesis rate:
	 acceptance ratio to low: 120
	 acceptance ratio to high: 191
Status at iteration 5500
	 current logLikelihood: -1.14926e+06
	 current Sphi estimate: 0.289266
	 current Sphi proposal width: 0.0997249
	 current Mixture element probability for element 0: 1
acceptance ratio for amino acid:
	A	C	D	E	F	G	H	I	K	L	N	P	Q	R	S	T	V	Y	Z	
	0.2	0.19	0.29	0.29	0.32	0.22	0.24	0.32	0.28	0.35	0.19	0.3	0.32	0.27	0.31	0.32	0.24	0.28	0.31	
acceptance ratio for synthesis rate:
	 acceptance ratio to low: 143
	 acceptance ratio to high: 195
Status at iteration 5600
	 current logLikelihood: -1.14927e+06
	 current Sphi estimate: 0.27793
	 current Sphi proposal width: 0.0997249
	 current Mixture element probability for element 0: 1
acceptance ratio for amino acid:
	A	C	D	E	F	G	H	I	K	L	N	P	Q	R	S	T	V	Y	Z	
	0.21	0.34	0.25	0.3	0.21	0.27	0.28	0.22	0.25	0.25	0.28	0.26	0.21	0.28	0.25	0.21	0.24	0.28	0.26	
acceptance ratio for synthesis rate:
	 acceptance ratio to low: 145
	 acceptance ratio to high: 194
Status at iteration 5700
	 current logLikelihood: -1.14924e+06
	 current Sphi estimate: 0.284334
	 current Sphi proposal width: 0.11967
	 current Mixture element probability for element 0: 1
acceptance ratio for amino acid:
	A	C	D	E	F	G	H	I	K	L	N	P	Q	R	S	T	V	Y	Z	
	0.26	0.29	0.21	0.25	0.24	0.18	0.34	0.31	0.27	0.2	0.15	0.26	0.22	0.3	0.2	0.28	0.23	0.33	0.27	
acceptance ratio for synthesis rate:
	 acceptance ratio to low: 142
	 acceptance ratio to high: 175
Status at iteration 5800
	 current logLikelihood: -1.14925e+06
	 current Sphi estimate: 0.275854
	 current Sphi proposal width: 0.11967
	 current Mixture element probability for element 0: 1
acceptance ratio for amino acid:
	A	C	D	E	F	G	H	I	K	L	N	P	Q	R	S	T	V	Y	Z	
	0.31	0.25	0.21	0.16	0.23	0.35	0.23	0.27	0.27	0.29	0.23	0.34	0.24	0.32	0.17	0.2	0.18	0.19	0.28	
acceptance ratio for synthesis rate:
	 acceptance ratio to low: 135
	 acceptance ratio to high: 211
Status at iteration 5900
	 current logLikelihood: -1.14926e+06
	 current Sphi estimate: 0.269671
	 current Sphi proposal width: 0.11967
	 current Mixture element probability for element 0: 1
acceptance ratio for amino acid:
	A	C	D	E	F	G	H	I	K	L	N	P	Q	R	S	T	V	Y	Z	
	0.09	0.23	0.2	0.29	0.24	0.39	0.26	0.23	0.22	0.24	0.29	0.2	0.27	0.14	0.38	0.13	0.3	0.27	0.2	
acceptance ratio for synthesis rate:
	 acceptance ratio to low: 166
	 acceptance ratio to high: 193
Status at iteration 6000
	 current logLikelihood: -1.14919e+06
	 current Sphi estimate: 0.274472
	 current Sphi proposal width: 0.0957359
	 current Mixture element probability for element 0: 1
acceptance ratio for amino acid:
	A	C	D	E	F	G	H	I	K	L	N	P	Q	R	S	T	V	Y	Z	
	0.26	0.27	0.26	0.3	0.22	0.17	0.25	0.27	0.22	0.36	0.31	0.13	0.26	0.36	0.32	0.33	0.32	0.29	0.25	
acceptance ratio for synthesis rate:
	 acceptance ratio to low: 146
	 acceptance ratio to high: 188
Status at iteration 6100
	 current logLikelihood: -1.1492e+06
	 current Sphi estimate: 0.288717
	 current Sphi proposal width: 0.0957359
	 current Mixture element probability for element 0: 1
acceptance ratio for amino acid:
	A	C	D	E	F	G	H	I	K	L	N	P	Q	R	S	T	V	Y	Z	
	0.18	0.2	0.26	0.26	0.19	0.29	0.27	0.22	0.15	0.17	0.22	0.28	0.23	0.15	0.15	0.26	0.23	0.36	0.23	
acceptance ratio for synthesis rate:
	 acceptance ratio to low: 159
	 acceptance ratio to high: 216
Status at iteration 6200
	 current logLikelihood: -1.14916e+06
	 current Sphi estimate: 0.273066
	 current Sphi proposal width: 0.0957359
	 current Mixture element probability for element 0: 1
acceptance ratio for amino acid:
	A	C	D	E	F	G	H	I	K	L	N	P	Q	R	S	T	V	Y	Z	
	0.36	0.32	0.33	0.27	0.26	0.3	0.3	0.24	0.15	0.32	0.32	0.19	0.22	0.43	0.27	0.24	0.26	0.21	0.25	
acceptance ratio for synthesis rate:
	 acceptance ratio to low: 164
	 acceptance ratio to high: 194
Status at iteration 6300
	 current logLikelihood: -1.14914e+06
	 current Sphi estimate: 0.274379
	 current Sphi proposal width: 0.0957359
	 current Mixture element probability for element 0: 1
acceptance ratio for amino acid:
	A	C	D	E	F	G	H	I	K	L	N	P	Q	R	S	T	V	Y	Z	
	0.24	0.28	0.25	0.31	0.22	0.19	0.27	0.17	0.38	0.16	0.27	0.29	0.21	0.18	0.28	0.26	0.27	0.22	0.22	
acceptance ratio for synthesis rate:
	 acceptance ratio to low: 132
	 acceptance ratio to high: 180
Status at iteration 6400
	 current logLikelihood: -1.14913e+06
	 current Sphi estimate: 0.272213
	 current Sphi proposal width: 0.114883
	 current Mixture element probability for element 0: 1
acceptance ratio for amino acid:
	A	C	D	E	F	G	H	I	K	L	N	P	Q	R	S	T	V	Y	Z	
	0.3	0.28	0.19	0.24	0.27	0.39	0.23	0.3	0.29	0.41	0.3	0.33	0.3	0.38	0.25	0.24	0.22	0.25	0.27	
acceptance ratio for synthesis rate:
	 acceptance ratio to low: 139
	 acceptance ratio to high: 207
Status at iteration 6500
	 current logLikelihood: -1.14916e+06
	 current Sphi estimate: 0.269702
	 current Sphi proposal width: 0.114883
	 current Mixture element probability for element 0: 1
acceptance ratio for amino acid:
	A	C	D	E	F	G	H	I	K	L	N	P	Q	R	S	T	V	Y	Z	
	0.28	0.19	0.26	0.2	0.47	0.33	0.26	0.27	0.28	0.23	0.26	0.27	0.28	0.22	0.25	0.3	0.24	0.17	0.27	
acceptance ratio for synthesis rate:
	 acceptance ratio to low: 142
	 acceptance ratio to high: 202
Status at iteration 6600
	 current logLikelihood: -1.14912e+06
	 current Sphi estimate: 0.268227
	 current Sphi proposal width: 0.114883
	 current Mixture element probability for element 0: 1
acceptance ratio for amino acid:
	A	C	D	E	F	G	H	I	K	L	N	P	Q	R	S	T	V	Y	Z	
	0.29	0.35	0.13	0.28	0.27	0.29	0.21	0.38	0.18	0.15	0.22	0.31	0.23	0.22	0.26	0.26	0.38	0.35	0.19	
acceptance ratio for synthesis rate:
	 acceptance ratio to low: 147
	 acceptance ratio to high: 183
Status at iteration 6700
	 current logLikelihood: -1.14912e+06
	 current Sphi estimate: 0.281856
	 current Sphi proposal width: 0.114883
	 current Mixture element probability for element 0: 1
acceptance ratio for amino acid:
	A	C	D	E	F	G	H	I	K	L	N	P	Q	R	S	T	V	Y	Z	
	0.22	0.28	0.22	0.24	0.19	0.21	0.26	0.23	0.36	0.43	0.25	0.21	0.23	0.19	0.19	0.22	0.19	0.28	0.27	
acceptance ratio for synthesis rate:
	 acceptance ratio to low: 136
	 acceptance ratio to high: 197
Status at iteration 6800
	 current logLikelihood: -1.1491e+06
	 current Sphi estimate: 0.270812
	 current Sphi proposal width: 0.114883
	 current Mixture element probability for element 0: 1
acceptance ratio for amino acid:
	A	C	D	E	F	G	H	I	K	L	N	P	Q	R	S	T	V	Y	Z	
	0.21	0.2	0.35	0.32	0.29	0.31	0.32	0.26	0.28	0.22	0.22	0.16	0.2	0.48	0.29	0.22	0.31	0.26	0.25	
acceptance ratio for synthesis rate:
	 acceptance ratio to low: 135
	 acceptance ratio to high: 199
Status at iteration 6900
	 current logLikelihood: -1.14911e+06
	 current Sphi estimate: 0.27261
	 current Sphi proposal width: 0.114883
	 current Mixture element probability for element 0: 1
acceptance ratio for amino acid:
	A	C	D	E	F	G	H	I	K	L	N	P	Q	R	S	T	V	Y	Z	
	0.24	0.34	0.29	0.23	0.27	0.17	0.24	0.23	0.28	0.26	0.24	0.37	0.2	0.35	0.39	0.27	0.2	0.25	0.29	
acceptance ratio for synthesis rate:
	 acceptance ratio to low: 153
	 acceptance ratio to high: 204
Status at iteration 7000
	 current logLikelihood: -1.14909e+06
	 current Sphi estimate: 0.264105
	 current Sphi proposal width: 0.0919065
	 current Mixture element probability for element 0: 1
acceptance ratio for amino acid:
	A	C	D	E	F	G	H	I	K	L	N	P	Q	R	S	T	V	Y	Z	
	0.19	0.26	0.3	0.21	0.3	0.23	0.18	0.31	0.28	0.18	0.34	0.16	0.29	0.1	0.18	0.15	0.11	0.28	0.26	
acceptance ratio for synthesis rate:
	 acceptance ratio to low: 144
	 acceptance ratio to high: 220
Status at iteration 7100
	 current logLikelihood: -1.14902e+06
	 current Sphi estimate: 0.267853
	 current Sphi proposal width: 0.110288
	 current Mixture element probability for element 0: 1
acceptance ratio for amino acid:
	A	C	D	E	F	G	H	I	K	L	N	P	Q	R	S	T	V	Y	Z	
	0.33	0.21	0.25	0.2	0.29	0.28	0.28	0.14	0.35	0.39	0.29	0.35	0.21	0.27	0.36	0.43	0.27	0.2	0.29	
acceptance ratio for synthesis rate:
	 acceptance ratio to low: 127
	 acceptance ratio to high: 184
Status at iteration 7200
	 current logLikelihood: -1.14908e+06
	 current Sphi estimate: 0.260261
	 current Sphi proposal width: 0.110288
	 current Mixture element probability for element 0: 1
acceptance ratio for amino acid:
	A	C	D	E	F	G	H	I	K	L	N	P	Q	R	S	T	V	Y	Z	
	0.29	0.21	0.27	0.22	0.35	0.25	0.28	0.31	0.27	0.26	0.27	0.19	0.18	0.23	0.26	0.29	0.31	0.28	0.33	
acceptance ratio for synthesis rate:
	 acceptance ratio to low: 160
	 acceptance ratio to high: 201
Status at iteration 7300
	 current logLikelihood: -1.14899e+06
	 current Sphi estimate: 0.272336
	 current Sphi proposal width: 0.110288
	 current Mixture element probability for element 0: 1
acceptance ratio for amino acid:
	A	C	D	E	F	G	H	I	K	L	N	P	Q	R	S	T	V	Y	Z	
	0.29	0.26	0.21	0.26	0.27	0.25	0.29	0.22	0.3	0.25	0.21	0.34	0.24	0.31	0.3	0.2	0.27	0.26	0.23	
acceptance ratio for synthesis rate:
	 acceptance ratio to low: 147
	 acceptance ratio to high: 182
Status at iteration 7400
	 current logLikelihood: -1.149e+06
	 current Sphi estimate: 0.270906
	 current Sphi proposal width: 0.110288
	 current Mixture element probability for element 0: 1
acceptance ratio for amino acid:
	A	C	D	E	F	G	H	I	K	L	N	P	Q	R	S	T	V	Y	Z	
	0.24	0.28	0.3	0.29	0.27	0.27	0.28	0.14	0.3	0.25	0.22	0.25	0.29	0.16	0.31	0.23	0.22	0.29	0.2	
acceptance ratio for synthesis rate:
	 acceptance ratio to low: 120
	 acceptance ratio to high: 201
Status at iteration 7500
	 current logLikelihood: -1.14905e+06
	 current Sphi estimate: 0.275533
	 current Sphi proposal width: 0.110288
	 current Mixture element probability for element 0: 1
acceptance ratio for amino acid:
	A	C	D	E	F	G	H	I	K	L	N	P	Q	R	S	T	V	Y	Z	
	0.32	0.22	0.39	0.16	0.27	0.3	0.29	0.37	0.22	0.3	0.31	0.22	0.26	0.3	0.23	0.27	0.2	0.28	0.23	
acceptance ratio for synthesis rate:
	 acceptance ratio to low: 135
	 acceptance ratio to high: 214
Status at iteration 7600
	 current logLikelihood: -1.14901e+06
	 current Sphi estimate: 0.271409
	 current Sphi proposal width: 0.110288
	 current Mixture element probability for element 0: 1
acceptance ratio for amino acid:
	A	C	D	E	F	G	H	I	K	L	N	P	Q	R	S	T	V	Y	Z	
	0.17	0.25	0.25	0.3	0.31	0.24	0.26	0.25	0.3	0.27	0.2	0.2	0.3	0.31	0.25	0.33	0.19	0.24	0.3	
acceptance ratio for synthesis rate:
	 acceptance ratio to low: 157
	 acceptance ratio to high: 190
Status at iteration 7700
	 current logLikelihood: -1.14898e+06
	 current Sphi estimate: 0.257269
	 current Sphi proposal width: 0.110288
	 current Mixture element probability for element 0: 1
acceptance ratio for amino acid:
	A	C	D	E	F	G	H	I	K	L	N	P	Q	R	S	T	V	Y	Z	
	0.27	0.26	0.26	0.3	0.22	0.19	0.21	0.21	0.3	0.23	0.23	0.21	0.26	0.1	0.22	0.1	0.31	0.23	0.21	
acceptance ratio for synthesis rate:
	 acceptance ratio to low: 140
	 acceptance ratio to high: 196
Status at iteration 7800
	 current logLikelihood: -1.14896e+06
	 current Sphi estimate: 0.259905
	 current Sphi proposal width: 0.110288
	 current Mixture element probability for element 0: 1
acceptance ratio for amino acid:
	A	C	D	E	F	G	H	I	K	L	N	P	Q	R	S	T	V	Y	Z	
	0.28	0.19	0.31	0.32	0.21	0.41	0.25	0.24	0.28	0.19	0.33	0.23	0.35	0.35	0.21	0.34	0.26	0.31	0.18	
acceptance ratio for synthesis rate:
	 acceptance ratio to low: 146
	 acceptance ratio to high: 189
Status at iteration 7900
	 current logLikelihood: -1.14899e+06
	 current Sphi estimate: 0.2654
	 current Sphi proposal width: 0.110288
	 current Mixture element probability for element 0: 1
acceptance ratio for amino acid:
	A	C	D	E	F	G	H	I	K	L	N	P	Q	R	S	T	V	Y	Z	
	0.28	0.31	0.16	0.25	0.26	0.28	0.23	0.17	0.23	0.43	0.12	0.34	0.29	0.13	0.23	0.12	0.25	0.22	0.22	
acceptance ratio for synthesis rate:
	 acceptance ratio to low: 153
	 acceptance ratio to high: 176
Status at iteration 8000
	 current logLikelihood: -1.14897e+06
	 current Sphi estimate: 0.263448
	 current Sphi proposal width: 0.110288
	 current Mixture element probability for element 0: 1
acceptance ratio for amino acid:
	A	C	D	E	F	G	H	I	K	L	N	P	Q	R	S	T	V	Y	Z	
	0.32	0.22	0.27	0.27	0.23	0.28	0.25	0.26	0.22	0.26	0.24	0.13	0.26	0.48	0.19	0.26	0.25	0.27	0.24	
acceptance ratio for synthesis rate:
	 acceptance ratio to low: 129
	 acceptance ratio to high: 194
Status at iteration 8100
	 current logLikelihood: -1.14894e+06
	 current Sphi estimate: 0.264066
	 current Sphi proposal width: 0.110288
	 current Mixture element probability for element 0: 1
acceptance ratio for amino acid:
	A	C	D	E	F	G	H	I	K	L	N	P	Q	R	S	T	V	Y	Z	
	0.24	0.23	0.27	0.29	0.28	0.25	0.35	0.31	0.29	0.24	0.23	0.25	0.18	0.27	0.34	0.32	0.3	0.14	0.26	
acceptance ratio for synthesis rate:
	 acceptance ratio to low: 135
	 acceptance ratio to high: 203
Status at iteration 8200
	 current logLikelihood: -1.14891e+06
	 current Sphi estimate: 0.261566
	 current Sphi proposal width: 0.0882302
	 current Mixture element probability for element 0: 1
acceptance ratio for amino acid:
	A	C	D	E	F	G	H	I	K	L	N	P	Q	R	S	T	V	Y	Z	
	0.23	0.27	0.2	0.24	0.21	0.26	0.2	0.21	0.29	0.37	0.2	0.23	0.31	0.27	0.26	0.18	0.35	0.19	0.28	
acceptance ratio for synthesis rate:
	 acceptance ratio to low: 155
	 acceptance ratio to high: 188
Status at iteration 8300
	 current logLikelihood: -1.14894e+06
	 current Sphi estimate: 0.263733
	 current Sphi proposal width: 0.105876
	 current Mixture element probability for element 0: 1
acceptance ratio for amino acid:
	A	C	D	E	F	G	H	I	K	L	N	P	Q	R	S	T	V	Y	Z	
	0.26	0.32	0.21	0.17	0.21	0.27	0.29	0.2	0.2	0.12	0.21	0.25	0.21	0.27	0.26	0.31	0.08	0.24	0.26	
acceptance ratio for synthesis rate:
	 acceptance ratio to low: 149
	 acceptance ratio to high: 197
Status at iteration 8400
	 current logLikelihood: -1.14889e+06
	 current Sphi estimate: 0.27023
	 current Sphi proposal width: 0.105876
	 current Mixture element probability for element 0: 1
acceptance ratio for amino acid:
	A	C	D	E	F	G	H	I	K	L	N	P	Q	R	S	T	V	Y	Z	
	0.16	0.15	0.32	0.25	0.25	0.27	0.17	0.28	0.23	0.32	0.18	0.22	0.27	0.28	0.15	0.18	0.2	0.23	0.26	
acceptance ratio for synthesis rate:
	 acceptance ratio to low: 145
	 acceptance ratio to high: 204
Status at iteration 8500
	 current logLikelihood: -1.14888e+06
	 current Sphi estimate: 0.246037
	 current Sphi proposal width: 0.105876
	 current Mixture element probability for element 0: 1
acceptance ratio for amino acid:
	A	C	D	E	F	G	H	I	K	L	N	P	Q	R	S	T	V	Y	Z	
	0.33	0.25	0.18	0.27	0.21	0.26	0.3	0.34	0.29	0.15	0.27	0.28	0.32	0.26	0.25	0.37	0.28	0.27	0.27	
acceptance ratio for synthesis rate:
	 acceptance ratio to low: 136
	 acceptance ratio to high: 210
Status at iteration 8600
	 current logLikelihood: -1.1489e+06
	 current Sphi estimate: 0.251461
	 current Sphi proposal width: 0.105876
	 current Mixture element probability for element 0: 1
acceptance ratio for amino acid:
	A	C	D	E	F	G	H	I	K	L	N	P	Q	R	S	T	V	Y	Z	
	0.19	0.3	0.28	0.28	0.2	0.27	0.22	0.19	0.3	0.41	0.27	0.24	0.28	0.2	0.3	0.29	0.36	0.26	0.34	
acceptance ratio for synthesis rate:
	 acceptance ratio to low: 148
	 acceptance ratio to high: 179
Status at iteration 8700
	 current logLikelihood: -1.14894e+06
	 current Sphi estimate: 0.248509
	 current Sphi proposal width: 0.105876
	 current Mixture element probability for element 0: 1
acceptance ratio for amino acid:
	A	C	D	E	F	G	H	I	K	L	N	P	Q	R	S	T	V	Y	Z	
	0.34	0.23	0.25	0.24	0.35	0.23	0.27	0.28	0.26	0.14	0.33	0.33	0.23	0.22	0.36	0.22	0.17	0.25	0.23	
acceptance ratio for synthesis rate:
	 acceptance ratio to low: 137
	 acceptance ratio to high: 184
Status at iteration 8800
	 current logLikelihood: -1.14885e+06
	 current Sphi estimate: 0.243708
	 current Sphi proposal width: 0.127051
	 current Mixture element probability for element 0: 1
acceptance ratio for amino acid:
	A	C	D	E	F	G	H	I	K	L	N	P	Q	R	S	T	V	Y	Z	
	0.22	0.27	0.16	0.33	0.28	0.21	0.21	0.29	0.25	0.43	0.25	0.18	0.28	0.25	0.22	0.23	0.32	0.15	0.26	
acceptance ratio for synthesis rate:
	 acceptance ratio to low: 124
	 acceptance ratio to high: 205
Status at iteration 8900
	 current logLikelihood: -1.1489e+06
	 current Sphi estimate: 0.246941
	 current Sphi proposal width: 0.127051
	 current Mixture element probability for element 0: 1
acceptance ratio for amino acid:
	A	C	D	E	F	G	H	I	K	L	N	P	Q	R	S	T	V	Y	Z	
	0.26	0.19	0.23	0.22	0.27	0.19	0.24	0.34	0.24	0.2	0.2	0.27	0.17	0.29	0.3	0.19	0.09	0.29	0.2	
acceptance ratio for synthesis rate:
	 acceptance ratio to low: 142
	 acceptance ratio to high: 211
Status at iteration 9000
	 current logLikelihood: -1.14887e+06
	 current Sphi estimate: 0.255687
	 current Sphi proposal width: 0.127051
	 current Mixture element probability for element 0: 1
acceptance ratio for amino acid:
	A	C	D	E	F	G	H	I	K	L	N	P	Q	R	S	T	V	Y	Z	
	0.21	0.3	0.24	0.25	0.24	0.44	0.19	0.28	0.25	0.25	0.24	0.28	0.28	0.26	0.18	0.35	0.27	0.3	0.21	
acceptance ratio for synthesis rate:
	 acceptance ratio to low: 143
	 acceptance ratio to high: 182
Status at iteration 9100
	 current logLikelihood: -1.1489e+06
	 current Sphi estimate: 0.250791
	 current Sphi proposal width: 0.127051
	 current Mixture element probability for element 0: 1
acceptance ratio for amino acid:
	A	C	D	E	F	G	H	I	K	L	N	P	Q	R	S	T	V	Y	Z	
	0.25	0.37	0.22	0.23	0.23	0.29	0.24	0.26	0.28	0.19	0.19	0.32	0.22	0.21	0.39	0.26	0.31	0.36	0.21	
acceptance ratio for synthesis rate:
	 acceptance ratio to low: 138
	 acceptance ratio to high: 203
Status at iteration 9200
	 current logLikelihood: -1.14888e+06
	 current Sphi estimate: 0.248622
	 current Sphi proposal width: 0.127051
	 current Mixture element probability for element 0: 1
acceptance ratio for amino acid:
	A	C	D	E	F	G	H	I	K	L	N	P	Q	R	S	T	V	Y	Z	
	0.32	0.27	0.27	0.19	0.24	0.35	0.25	0.16	0.3	0.42	0.25	0.23	0.3	0.33	0.27	0.27	0.16	0.31	0.2	
acceptance ratio for synthesis rate:
	 acceptance ratio to low: 157
	 acceptance ratio to high: 189
Status at iteration 9300
	 current logLikelihood: -1.14885e+06
	 current Sphi estimate: 0.255864
	 current Sphi proposal width: 0.127051
	 current Mixture element probability for element 0: 1
acceptance ratio for amino acid:
	A	C	D	E	F	G	H	I	K	L	N	P	Q	R	S	T	V	Y	Z	
	0.25	0.15	0.28	0.27	0.24	0.24	0.22	0.32	0.22	0.31	0.2	0.28	0.22	0.1	0.26	0.23	0.37	0.19	0.19	
acceptance ratio for synthesis rate:
	 acceptance ratio to low: 158
	 acceptance ratio to high: 160
Status at iteration 9400
	 current logLikelihood: -1.14884e+06
	 current Sphi estimate: 0.254747
	 current Sphi proposal width: 0.127051
	 current Mixture element probability for element 0: 1
acceptance ratio for amino acid:
	A	C	D	E	F	G	H	I	K	L	N	P	Q	R	S	T	V	Y	Z	
	0.23	0.3	0.26	0.27	0.24	0.16	0.3	0.19	0.25	0.18	0.26	0.28	0.21	0.32	0.19	0.3	0.33	0.28	0.27	
acceptance ratio for synthesis rate:
	 acceptance ratio to low: 127
	 acceptance ratio to high: 210
Status at iteration 9500
	 current logLikelihood: -1.14885e+06
	 current Sphi estimate: 0.253304
	 current Sphi proposal width: 0.127051
	 current Mixture element probability for element 0: 1
acceptance ratio for amino acid:
	A	C	D	E	F	G	H	I	K	L	N	P	Q	R	S	T	V	Y	Z	
	0.09	0.28	0.32	0.24	0.18	0.37	0.31	0.29	0.28	0.22	0.27	0.16	0.28	0.11	0.36	0.22	0.13	0.3	0.35	
acceptance ratio for synthesis rate:
	 acceptance ratio to low: 135
	 acceptance ratio to high: 181
Status at iteration 9600
	 current logLikelihood: -1.14882e+06
	 current Sphi estimate: 0.260051
	 current Sphi proposal width: 0.127051
	 current Mixture element probability for element 0: 1
acceptance ratio for amino acid:
	A	C	D	E	F	G	H	I	K	L	N	P	Q	R	S	T	V	Y	Z	
	0.29	0.19	0.18	0.21	0.21	0.23	0.22	0.25	0.35	0.37	0.16	0.24	0.31	0.4	0.3	0.25	0.32	0.34	0.23	
acceptance ratio for synthesis rate:
	 acceptance ratio to low: 152
	 acceptance ratio to high: 200
Status at iteration 9700
	 current logLikelihood: -1.14887e+06
	 current Sphi estimate: 0.250494
	 current Sphi proposal width: 0.101641
	 current Mixture element probability for element 0: 1
acceptance ratio for amino acid:
	A	C	D	E	F	G	H	I	K	L	N	P	Q	R	S	T	V	Y	Z	
	0.26	0.35	0.3	0.21	0.26	0.25	0.27	0.31	0.23	0.18	0.25	0.23	0.23	0.21	0.27	0.25	0.11	0.3	0.2	
acceptance ratio for synthesis rate:
	 acceptance ratio to low: 140
	 acceptance ratio to high: 224
Status at iteration 9800
	 current logLikelihood: -1.14882e+06
	 current Sphi estimate: 0.259229
	 current Sphi proposal width: 0.101641
	 current Mixture element probability for element 0: 1
acceptance ratio for amino acid:
	A	C	D	E	F	G	H	I	K	L	N	P	Q	R	S	T	V	Y	Z	
	0.24	0.22	0.33	0.31	0.31	0.23	0.21	0.21	0.23	0.35	0.26	0.31	0.16	0.05	0.25	0.24	0.31	0.29	0.24	
acceptance ratio for synthesis rate:
	 acceptance ratio to low: 147
	 acceptance ratio to high: 204
Status at iteration 9900
	 current logLikelihood: -1.14885e+06
	 current Sphi estimate: 0.249003
	 current Sphi proposal width: 0.121969
	 current Mixture element probability for element 0: 1
